# INITIALIZE
Game Setting:
{
  "enableNoAttack": false,
  "enableNoExecution": false,
  "enableRoleRequest": true,
  "maxAttackRevote": 1,
  "maxRevote": 1,
  "maxSkip": 2,
  "maxTalk": 10,
  "maxTalkTurn": 20,
  "maxWhisper": 10,
  "maxWhisperTurn": 20,
  "playerNum": 15,
  "randomSeed": 1797378758694325001,
  "roleNumMap": {
    "MEDIUM": 1,
    "SEER": 1,
    "ANY": 0,
    "BODYGUARD": 1,
    "FREEMASON": 0,
    "WEREWOLF": 3,
    "POSSESSED": 1,
    "VILLAGER": 8,
    "FOX": 0
  },
  "talkOnFirstDay": false,
  "timeLimit": -1,
  "validateUtterance": true,
  "votableInFirstDay": false,
  "voteVisible": true,
  "whisperBeforeRevote": false
}
Base Info:
{
  "agentIdx": 1,
  "myRole": "POSSESSED",
  "roleMap": {
    "1": "POSSESSED"
  },
  "day": 0,
  "remainTalkMap": {
    "1": 10,
    "2": 10,
    "3": 10,
    "4": 10,
    "5": 10,
    "6": 10,
    "7": 10,
    "8": 10,
    "9": 10,
    "10": 10,
    "11": 10,
    "12": 10,
    "13": 10,
    "14": 10,
    "15": 10
  },
  "remainWhisperMap": {},
  "statusMap": {
    "1": "ALIVE",
    "2": "ALIVE",
    "3": "ALIVE",
    "4": "ALIVE",
    "5": "ALIVE",
    "6": "ALIVE",
    "7": "ALIVE",
    "8": "ALIVE",
    "9": "ALIVE",
    "10": "ALIVE",
    "11": "ALIVE",
    "12": "ALIVE",
    "13": "ALIVE",
    "14": "ALIVE",
    "15": "ALIVE"
  }
}
Diff Data:
   day        type  idx  turn  agent                           text
0    0  initialize    1     0      1  COMINGOUT Agent[01] POSSESSED
# UPDATE
Request:
DAILY_INITIALIZE
Base Info:
{
  "agentIdx": 1,
  "myRole": "POSSESSED",
  "roleMap": {
    "1": "POSSESSED"
  },
  "day": 0,
  "remainTalkMap": {
    "1": 10,
    "2": 10,
    "3": 10,
    "4": 10,
    "5": 10,
    "6": 10,
    "7": 10,
    "8": 10,
    "9": 10,
    "10": 10,
    "11": 10,
    "12": 10,
    "13": 10,
    "14": 10,
    "15": 10
  },
  "remainWhisperMap": {},
  "statusMap": {
    "1": "ALIVE",
    "2": "ALIVE",
    "3": "ALIVE",
    "4": "ALIVE",
    "5": "ALIVE",
    "6": "ALIVE",
    "7": "ALIVE",
    "8": "ALIVE",
    "9": "ALIVE",
    "10": "ALIVE",
    "11": "ALIVE",
    "12": "ALIVE",
    "13": "ALIVE",
    "14": "ALIVE",
    "15": "ALIVE"
  }
}
Diff Data:
Empty DataFrame
Columns: [day, type, idx, turn, agent, text]
Index: []
# UPDATE
Request:
DAILY_FINISH
Base Info:
{
  "agentIdx": 1,
  "myRole": "POSSESSED",
  "roleMap": {
    "1": "POSSESSED"
  },
  "day": 0,
  "remainTalkMap": {
    "1": 10,
    "2": 10,
    "3": 10,
    "4": 10,
    "5": 10,
    "6": 10,
    "7": 10,
    "8": 10,
    "9": 10,
    "10": 10,
    "11": 10,
    "12": 10,
    "13": 10,
    "14": 10,
    "15": 10
  },
  "remainWhisperMap": {},
  "statusMap": {
    "1": "ALIVE",
    "2": "ALIVE",
    "3": "ALIVE",
    "4": "ALIVE",
    "5": "ALIVE",
    "6": "ALIVE",
    "7": "ALIVE",
    "8": "ALIVE",
    "9": "ALIVE",
    "10": "ALIVE",
    "11": "ALIVE",
    "12": "ALIVE",
    "13": "ALIVE",
    "14": "ALIVE",
    "15": "ALIVE"
  }
}
Diff Data:
Empty DataFrame
Columns: [day, type, idx, turn, agent, text]
Index: []
# UPDATE
Request:
DAILY_INITIALIZE
Base Info:
{
  "agentIdx": 1,
  "myRole": "POSSESSED",
  "roleMap": {
    "1": "POSSESSED"
  },
  "day": 1,
  "remainTalkMap": {
    "1": 10,
    "2": 10,
    "3": 10,
    "4": 10,
    "5": 10,
    "6": 10,
    "7": 10,
    "8": 10,
    "9": 10,
    "10": 10,
    "11": 10,
    "12": 10,
    "13": 10,
    "14": 10,
    "15": 10
  },
  "remainWhisperMap": {},
  "statusMap": {
    "1": "ALIVE",
    "2": "ALIVE",
    "3": "ALIVE",
    "4": "ALIVE",
    "5": "ALIVE",
    "6": "ALIVE",
    "7": "ALIVE",
    "8": "ALIVE",
    "9": "ALIVE",
    "10": "ALIVE",
    "11": "ALIVE",
    "12": "ALIVE",
    "13": "ALIVE",
    "14": "ALIVE",
    "15": "ALIVE"
  }
}
Diff Data:
Empty DataFrame
Columns: [day, type, idx, turn, agent, text]
Index: []
# UPDATE
Request:
TALK
Base Info:
{
  "agentIdx": 1,
  "myRole": "POSSESSED",
  "roleMap": {
    "1": "POSSESSED"
  },
  "day": 1,
  "remainTalkMap": {
    "1": 10,
    "2": 10,
    "3": 10,
    "4": 10,
    "5": 10,
    "6": 10,
    "7": 10,
    "8": 10,
    "9": 10,
    "10": 10,
    "11": 10,
    "12": 10,
    "13": 10,
    "14": 10,
    "15": 10
  },
  "remainWhisperMap": {},
  "statusMap": {
    "1": "ALIVE",
    "2": "ALIVE",
    "3": "ALIVE",
    "4": "ALIVE",
    "5": "ALIVE",
    "6": "ALIVE",
    "7": "ALIVE",
    "8": "ALIVE",
    "9": "ALIVE",
    "10": "ALIVE",
    "11": "ALIVE",
    "12": "ALIVE",
    "13": "ALIVE",
    "14": "ALIVE",
    "15": "ALIVE"
  }
}
Diff Data:
    day  type  idx  turn  agent  text
0     1  talk    0     0     15  Skip
1     1  talk    1     0      3  Skip
2     1  talk    2     0     11  Skip
3     1  talk    3     0     10  Skip
4     1  talk    4     0     13  Skip
5     1  talk    5     0      8  Skip
6     1  talk    6     0     14  Skip
7     1  talk    7     0      5  Skip
8     1  talk    8     0      7  Skip
9     1  talk    9     0      4  Skip
10    1  talk   10     0      2  Skip
11    1  talk   11     0     12  Skip
# UPDATE
Request:
TALK
Base Info:
{
  "agentIdx": 1,
  "myRole": "POSSESSED",
  "roleMap": {
    "1": "POSSESSED"
  },
  "day": 1,
  "remainTalkMap": {
    "1": 10,
    "2": 10,
    "3": 10,
    "4": 10,
    "5": 10,
    "6": 10,
    "7": 10,
    "8": 10,
    "9": 10,
    "10": 10,
    "11": 10,
    "12": 10,
    "13": 10,
    "14": 10,
    "15": 10
  },
  "remainWhisperMap": {},
  "statusMap": {
    "1": "ALIVE",
    "2": "ALIVE",
    "3": "ALIVE",
    "4": "ALIVE",
    "5": "ALIVE",
    "6": "ALIVE",
    "7": "ALIVE",
    "8": "ALIVE",
    "9": "ALIVE",
    "10": "ALIVE",
    "11": "ALIVE",
    "12": "ALIVE",
    "13": "ALIVE",
    "14": "ALIVE",
    "15": "ALIVE"
  }
}
Diff Data:
    day  type  idx  turn  agent  text
0     1  talk   12     0      1  Over
1     1  talk   13     0      6  Skip
2     1  talk   14     0      9  Skip
3     1  talk   15     1      3  Skip
4     1  talk   16     1     10  Skip
5     1  talk   17     1     11  Skip
6     1  talk   18     1      9  Skip
7     1  talk   19     1      7  Skip
8     1  talk   20     1      2  Skip
9     1  talk   21     1     13  Skip
10    1  talk   22     1     12  Skip
11    1  talk   23     1     15  Skip
12    1  talk   24     1      8  Skip
13    1  talk   25     1      4  Skip
14    1  talk   26     1      5  Skip
15    1  talk   27     1      6  Skip
# UPDATE
Request:
TALK
Base Info:
{
  "agentIdx": 1,
  "myRole": "POSSESSED",
  "roleMap": {
    "1": "POSSESSED"
  },
  "day": 1,
  "remainTalkMap": {
    "1": 10,
    "2": 10,
    "3": 10,
    "4": 10,
    "5": 10,
    "6": 10,
    "7": 10,
    "8": 10,
    "9": 10,
    "10": 10,
    "11": 10,
    "12": 10,
    "13": 10,
    "14": 10,
    "15": 10
  },
  "remainWhisperMap": {},
  "statusMap": {
    "1": "ALIVE",
    "2": "ALIVE",
    "3": "ALIVE",
    "4": "ALIVE",
    "5": "ALIVE",
    "6": "ALIVE",
    "7": "ALIVE",
    "8": "ALIVE",
    "9": "ALIVE",
    "10": "ALIVE",
    "11": "ALIVE",
    "12": "ALIVE",
    "13": "ALIVE",
    "14": "ALIVE",
    "15": "ALIVE"
  }
}
Diff Data:
    day  type  idx  turn  agent  text
0     1  talk   28     1      1  Over
1     1  talk   29     1     14  Skip
2     1  talk   30     2     12  Over
3     1  talk   31     2     14  Over
4     1  talk   32     2     13  Over
5     1  talk   33     2      5  Over
6     1  talk   34     2      8  Over
7     1  talk   35     2      2  Over
8     1  talk   36     2     10  Over
9     1  talk   37     2     15  Over
10    1  talk   38     2      7  Over
11    1  talk   39     2     11  Over
12    1  talk   40     2      3  Over
13    1  talk   41     2      4  Over
14    1  talk   42     2      6  Over
15    1  talk   43     2      9  Over
# UPDATE
Request:
DAILY_FINISH
Base Info:
{
  "agentIdx": 1,
  "myRole": "POSSESSED",
  "roleMap": {
    "1": "POSSESSED"
  },
  "day": 1,
  "remainTalkMap": {
    "1": 10,
    "2": 10,
    "3": 10,
    "4": 10,
    "5": 10,
    "6": 10,
    "7": 10,
    "8": 10,
    "9": 10,
    "10": 10,
    "11": 10,
    "12": 10,
    "13": 10,
    "14": 10,
    "15": 10
  },
  "remainWhisperMap": {},
  "statusMap": {
    "1": "ALIVE",
    "2": "ALIVE",
    "3": "ALIVE",
    "4": "ALIVE",
    "5": "ALIVE",
    "6": "ALIVE",
    "7": "ALIVE",
    "8": "ALIVE",
    "9": "ALIVE",
    "10": "ALIVE",
    "11": "ALIVE",
    "12": "ALIVE",
    "13": "ALIVE",
    "14": "ALIVE",
    "15": "ALIVE"
  }
}
Diff Data:
   day  type  idx  turn  agent  text
0    1  talk   44     2      1  Over
# UPDATE
Request:
VOTE
Base Info:
{
  "agentIdx": 1,
  "myRole": "POSSESSED",
  "roleMap": {
    "1": "POSSESSED"
  },
  "day": 1,
  "remainTalkMap": {
    "1": 10,
    "2": 10,
    "3": 10,
    "4": 10,
    "5": 10,
    "6": 10,
    "7": 10,
    "8": 10,
    "9": 10,
    "10": 10,
    "11": 10,
    "12": 10,
    "13": 10,
    "14": 10,
    "15": 10
  },
  "remainWhisperMap": {},
  "statusMap": {
    "1": "ALIVE",
    "2": "ALIVE",
    "3": "ALIVE",
    "4": "ALIVE",
    "5": "ALIVE",
    "6": "ALIVE",
    "7": "ALIVE",
    "8": "ALIVE",
    "9": "ALIVE",
    "10": "ALIVE",
    "11": "ALIVE",
    "12": "ALIVE",
    "13": "ALIVE",
    "14": "ALIVE",
    "15": "ALIVE"
  }
}
Diff Data:
Empty DataFrame
Columns: [day, type, idx, turn, agent, text]
Index: []
# UPDATE
Request:
DAILY_INITIALIZE
Base Info:
{
  "agentIdx": 1,
  "myRole": "POSSESSED",
  "roleMap": {
    "1": "POSSESSED"
  },
  "day": 2,
  "remainTalkMap": {
    "2": 10,
    "4": 10,
    "5": 10,
    "6": 10,
    "7": 10,
    "8": 10,
    "9": 10,
    "10": 10,
    "11": 10,
    "12": 10,
    "13": 10,
    "14": 10,
    "15": 10
  },
  "remainWhisperMap": {},
  "statusMap": {
    "1": "DEAD",
    "2": "ALIVE",
    "3": "DEAD",
    "4": "ALIVE",
    "5": "ALIVE",
    "6": "ALIVE",
    "7": "ALIVE",
    "8": "ALIVE",
    "9": "ALIVE",
    "10": "ALIVE",
    "11": "ALIVE",
    "12": "ALIVE",
    "13": "ALIVE",
    "14": "ALIVE",
    "15": "ALIVE"
  }
}
Diff Data:
    day     type  idx  turn  agent            text
0     1     vote    1     0      7  VOTE Agent[07]
1     1     vote    2     0      3  VOTE Agent[03]
2     1     vote    3     0     13  VOTE Agent[13]
3     1     vote    4     0      3  VOTE Agent[03]
4     1     vote    5     0      1  VOTE Agent[01]
5     1     vote    6     0      5  VOTE Agent[05]
6     1     vote    7     0      9  VOTE Agent[09]
7     1     vote    8     0      3  VOTE Agent[03]
8     1     vote    9     0      1  VOTE Agent[01]
9     1     vote   10     0     12  VOTE Agent[12]
10    1     vote   11     0      3  VOTE Agent[03]
11    1     vote   12     0      9  VOTE Agent[09]
12    1     vote   13     0     12  VOTE Agent[12]
13    1     vote   14     0      3  VOTE Agent[03]
14    1     vote   15     0      9  VOTE Agent[09]
15    1  execute    0     0      3            Over
16    2     dead    0     0      1            Over
# UPDATE
Request:
DAILY_FINISH
Base Info:
{
  "agentIdx": 1,
  "myRole": "POSSESSED",
  "roleMap": {
    "1": "POSSESSED"
  },
  "day": 2,
  "remainTalkMap": {
    "2": 10,
    "4": 10,
    "5": 10,
    "6": 10,
    "7": 10,
    "8": 10,
    "9": 10,
    "10": 10,
    "11": 10,
    "12": 10,
    "13": 10,
    "14": 10,
    "15": 10
  },
  "remainWhisperMap": {},
  "statusMap": {
    "1": "DEAD",
    "2": "ALIVE",
    "3": "DEAD",
    "4": "ALIVE",
    "5": "ALIVE",
    "6": "ALIVE",
    "7": "ALIVE",
    "8": "ALIVE",
    "9": "ALIVE",
    "10": "ALIVE",
    "11": "ALIVE",
    "12": "ALIVE",
    "13": "ALIVE",
    "14": "ALIVE",
    "15": "ALIVE"
  }
}
Diff Data:
    day  type  idx  turn  agent  text
0     2  talk    0     0      6  Skip
1     2  talk    1     0     13  Skip
2     2  talk    2     0      9  Skip
3     2  talk    3     0      5  Skip
4     2  talk    4     0     11  Skip
5     2  talk    5     0      4  Skip
6     2  talk    6     0     10  Skip
7     2  talk    7     0     14  Skip
8     2  talk    8     0      7  Skip
9     2  talk    9     0     15  Skip
10    2  talk   10     0     12  Skip
11    2  talk   11     0      8  Skip
12    2  talk   12     0      2  Skip
13    2  talk   13     1      8  Skip
14    2  talk   14     1      4  Skip
15    2  talk   15     1      6  Skip
16    2  talk   16     1     10  Skip
17    2  talk   17     1      9  Skip
18    2  talk   18     1     13  Skip
19    2  talk   19     1      2  Skip
20    2  talk   20     1     15  Skip
21    2  talk   21     1      5  Skip
22    2  talk   22     1     11  Skip
23    2  talk   23     1     14  Skip
24    2  talk   24     1     12  Skip
25    2  talk   25     1      7  Skip
26    2  talk   26     2      6  Over
27    2  talk   27     2     10  Over
28    2  talk   28     2     14  Over
29    2  talk   29     2      8  Over
30    2  talk   30     2     11  Over
31    2  talk   31     2      5  Over
32    2  talk   32     2      7  Over
33    2  talk   33     2      9  Over
34    2  talk   34     2     15  Over
35    2  talk   35     2      2  Over
36    2  talk   36     2     13  Over
37    2  talk   37     2      4  Over
38    2  talk   38     2     12  Over
# UPDATE
Request:
DAILY_INITIALIZE
Base Info:
{
  "agentIdx": 1,
  "myRole": "POSSESSED",
  "roleMap": {
    "1": "POSSESSED"
  },
  "day": 3,
  "remainTalkMap": {
    "2": 10,
    "4": 10,
    "5": 10,
    "6": 10,
    "7": 10,
    "8": 10,
    "10": 10,
    "11": 10,
    "13": 10,
    "14": 10,
    "15": 10
  },
  "remainWhisperMap": {},
  "statusMap": {
    "1": "DEAD",
    "2": "ALIVE",
    "3": "DEAD",
    "4": "ALIVE",
    "5": "ALIVE",
    "6": "ALIVE",
    "7": "ALIVE",
    "8": "ALIVE",
    "9": "DEAD",
    "10": "ALIVE",
    "11": "ALIVE",
    "12": "DEAD",
    "13": "ALIVE",
    "14": "ALIVE",
    "15": "ALIVE"
  }
}
Diff Data:
    day     type  idx  turn  agent            text
0     2     vote    2     0     12  VOTE Agent[12]
1     2     vote    4     0      7  VOTE Agent[07]
2     2     vote    5     0     12  VOTE Agent[12]
3     2     vote    6     0      2  VOTE Agent[02]
4     2     vote    7     0      4  VOTE Agent[04]
5     2     vote    8     0      5  VOTE Agent[05]
6     2     vote    9     0     13  VOTE Agent[13]
7     2     vote   10     0     15  VOTE Agent[15]
8     2     vote   11     0      6  VOTE Agent[06]
9     2     vote   12     0     10  VOTE Agent[10]
10    2     vote   13     0     11  VOTE Agent[11]
11    2     vote   14     0     13  VOTE Agent[13]
12    2     vote   15     0      5  VOTE Agent[05]
13    2  execute    0     0     12            Over
14    3     dead    0     0      9            Over
# UPDATE
Request:
DAILY_FINISH
Base Info:
{
  "agentIdx": 1,
  "myRole": "POSSESSED",
  "roleMap": {
    "1": "POSSESSED"
  },
  "day": 3,
  "remainTalkMap": {
    "2": 10,
    "4": 10,
    "5": 10,
    "6": 10,
    "7": 10,
    "8": 10,
    "10": 10,
    "11": 10,
    "13": 10,
    "14": 10,
    "15": 10
  },
  "remainWhisperMap": {},
  "statusMap": {
    "1": "DEAD",
    "2": "ALIVE",
    "3": "DEAD",
    "4": "ALIVE",
    "5": "ALIVE",
    "6": "ALIVE",
    "7": "ALIVE",
    "8": "ALIVE",
    "9": "DEAD",
    "10": "ALIVE",
    "11": "ALIVE",
    "12": "DEAD",
    "13": "ALIVE",
    "14": "ALIVE",
    "15": "ALIVE"
  }
}
Diff Data:
    day  type  idx  turn  agent  text
0     3  talk    0     0      5  Skip
1     3  talk    1     0      7  Skip
2     3  talk    2     0      4  Skip
3     3  talk    3     0     15  Skip
4     3  talk    4     0     14  Skip
5     3  talk    5     0      6  Skip
6     3  talk    6     0      8  Skip
7     3  talk    7     0     10  Skip
8     3  talk    8     0     11  Skip
9     3  talk    9     0     13  Skip
10    3  talk   10     0      2  Skip
11    3  talk   11     1      7  Skip
12    3  talk   12     1     15  Skip
13    3  talk   13     1      5  Skip
14    3  talk   14     1     13  Skip
15    3  talk   15     1     10  Skip
16    3  talk   16     1      6  Skip
17    3  talk   17     1     14  Skip
18    3  talk   18     1      4  Skip
19    3  talk   19     1     11  Skip
20    3  talk   20     1      8  Skip
21    3  talk   21     1      2  Skip
22    3  talk   22     2      5  Over
23    3  talk   23     2     11  Over
24    3  talk   24     2      4  Over
25    3  talk   25     2     14  Over
26    3  talk   26     2     13  Over
27    3  talk   27     2     10  Over
28    3  talk   28     2      8  Over
29    3  talk   29     2      7  Over
30    3  talk   30     2      2  Over
31    3  talk   31     2     15  Over
32    3  talk   32     2      6  Over
# UPDATE
Request:
DAILY_INITIALIZE
Base Info:
{
  "agentIdx": 1,
  "myRole": "POSSESSED",
  "roleMap": {
    "1": "POSSESSED"
  },
  "day": 4,
  "remainTalkMap": {
    "2": 10,
    "4": 10,
    "5": 10,
    "7": 10,
    "8": 10,
    "10": 10,
    "13": 10,
    "14": 10,
    "15": 10
  },
  "remainWhisperMap": {},
  "statusMap": {
    "1": "DEAD",
    "2": "ALIVE",
    "3": "DEAD",
    "4": "ALIVE",
    "5": "ALIVE",
    "6": "DEAD",
    "7": "ALIVE",
    "8": "ALIVE",
    "9": "DEAD",
    "10": "ALIVE",
    "11": "DEAD",
    "12": "DEAD",
    "13": "ALIVE",
    "14": "ALIVE",
    "15": "ALIVE"
  }
}
Diff Data:
    day     type  idx  turn  agent            text
0     3     vote    2     0      7  VOTE Agent[07]
1     3     vote    4     0     15  VOTE Agent[15]
2     3     vote    5     0      8  VOTE Agent[08]
3     3     vote    6     0      7  VOTE Agent[07]
4     3     vote    7     0      6  VOTE Agent[06]
5     3     vote    8     0     13  VOTE Agent[13]
6     3     vote   10     0      6  VOTE Agent[06]
7     3     vote   11     0      6  VOTE Agent[06]
8     3     vote   13     0      8  VOTE Agent[08]
9     3     vote   14     0      6  VOTE Agent[06]
10    3     vote   15     0      8  VOTE Agent[08]
11    3  execute    0     0      6            Over
12    4     dead    0     0     11            Over
# UPDATE
Request:
DAILY_FINISH
Base Info:
{
  "agentIdx": 1,
  "myRole": "POSSESSED",
  "roleMap": {
    "1": "POSSESSED"
  },
  "day": 4,
  "remainTalkMap": {
    "2": 10,
    "4": 10,
    "5": 10,
    "7": 10,
    "8": 10,
    "10": 10,
    "13": 10,
    "14": 10,
    "15": 10
  },
  "remainWhisperMap": {},
  "statusMap": {
    "1": "DEAD",
    "2": "ALIVE",
    "3": "DEAD",
    "4": "ALIVE",
    "5": "ALIVE",
    "6": "DEAD",
    "7": "ALIVE",
    "8": "ALIVE",
    "9": "DEAD",
    "10": "ALIVE",
    "11": "DEAD",
    "12": "DEAD",
    "13": "ALIVE",
    "14": "ALIVE",
    "15": "ALIVE"
  }
}
Diff Data:
    day  type  idx  turn  agent  text
0     4  talk    0     0      7  Skip
1     4  talk    1     0      5  Skip
2     4  talk    2     0     10  Skip
3     4  talk    3     0     14  Skip
4     4  talk    4     0      8  Skip
5     4  talk    5     0     15  Skip
6     4  talk    6     0      4  Skip
7     4  talk    7     0      2  Skip
8     4  talk    8     0     13  Skip
9     4  talk    9     1      7  Skip
10    4  talk   10     1     13  Skip
11    4  talk   11     1     14  Skip
12    4  talk   12     1     10  Skip
13    4  talk   13     1     15  Skip
14    4  talk   14     1      8  Skip
15    4  talk   15     1      4  Skip
16    4  talk   16     1      2  Skip
17    4  talk   17     1      5  Skip
18    4  talk   18     2      2  Over
19    4  talk   19     2      8  Over
20    4  talk   20     2     15  Over
21    4  talk   21     2      4  Over
22    4  talk   22     2     13  Over
23    4  talk   23     2      5  Over
24    4  talk   24     2     10  Over
25    4  talk   25     2     14  Over
26    4  talk   26     2      7  Over
# UPDATE
Request:
DAILY_INITIALIZE
Base Info:
{
  "agentIdx": 1,
  "myRole": "POSSESSED",
  "roleMap": {
    "1": "POSSESSED"
  },
  "day": 5,
  "remainTalkMap": {
    "2": 10,
    "7": 10,
    "8": 10,
    "10": 10,
    "13": 10,
    "14": 10,
    "15": 10
  },
  "remainWhisperMap": {},
  "statusMap": {
    "1": "DEAD",
    "2": "ALIVE",
    "3": "DEAD",
    "4": "DEAD",
    "5": "DEAD",
    "6": "DEAD",
    "7": "ALIVE",
    "8": "ALIVE",
    "9": "DEAD",
    "10": "ALIVE",
    "11": "DEAD",
    "12": "DEAD",
    "13": "ALIVE",
    "14": "ALIVE",
    "15": "ALIVE"
  }
}
Diff Data:
    day     type  idx  turn  agent            text
0     4     vote    2     0     13  VOTE Agent[13]
1     4     vote    4     0      8  VOTE Agent[08]
2     4     vote    5     0      4  VOTE Agent[04]
3     4     vote    7     0      2  VOTE Agent[02]
4     4     vote    8     0     14  VOTE Agent[14]
5     4     vote   10     0     13  VOTE Agent[13]
6     4     vote   13     0      4  VOTE Agent[04]
7     4     vote   14     0      7  VOTE Agent[07]
8     4     vote   15     0      5  VOTE Agent[05]
9     4  execute    0     0      4            Over
10    5     dead    0     0      5            Over
# UPDATE
Request:
DAILY_FINISH
Base Info:
{
  "agentIdx": 1,
  "myRole": "POSSESSED",
  "roleMap": {
    "1": "POSSESSED"
  },
  "day": 5,
  "remainTalkMap": {
    "2": 10,
    "7": 10,
    "8": 10,
    "10": 10,
    "13": 10,
    "14": 10,
    "15": 10
  },
  "remainWhisperMap": {},
  "statusMap": {
    "1": "DEAD",
    "2": "ALIVE",
    "3": "DEAD",
    "4": "DEAD",
    "5": "DEAD",
    "6": "DEAD",
    "7": "ALIVE",
    "8": "ALIVE",
    "9": "DEAD",
    "10": "ALIVE",
    "11": "DEAD",
    "12": "DEAD",
    "13": "ALIVE",
    "14": "ALIVE",
    "15": "ALIVE"
  }
}
Diff Data:
    day  type  idx  turn  agent  text
0     5  talk    0     0     14  Skip
1     5  talk    1     0      7  Skip
2     5  talk    2     0     13  Skip
3     5  talk    3     0      2  Skip
4     5  talk    4     0     15  Skip
5     5  talk    5     0     10  Skip
6     5  talk    6     0      8  Skip
7     5  talk    7     1      2  Skip
8     5  talk    8     1     14  Skip
9     5  talk    9     1      7  Skip
10    5  talk   10     1     10  Skip
11    5  talk   11     1     15  Skip
12    5  talk   12     1     13  Skip
13    5  talk   13     1      8  Skip
14    5  talk   14     2     13  Over
15    5  talk   15     2      7  Over
16    5  talk   16     2     10  Over
17    5  talk   17     2      2  Over
18    5  talk   18     2     14  Over
19    5  talk   19     2     15  Over
20    5  talk   20     2      8  Over
# UPDATE
Request:
DAILY_INITIALIZE
Base Info:
{
  "agentIdx": 1,
  "myRole": "POSSESSED",
  "roleMap": {
    "1": "POSSESSED"
  },
  "day": 6,
  "remainTalkMap": {
    "2": 10,
    "8": 10,
    "13": 10,
    "14": 10,
    "15": 10
  },
  "remainWhisperMap": {},
  "statusMap": {
    "1": "DEAD",
    "2": "ALIVE",
    "3": "DEAD",
    "4": "DEAD",
    "5": "DEAD",
    "6": "DEAD",
    "7": "DEAD",
    "8": "ALIVE",
    "9": "DEAD",
    "10": "DEAD",
    "11": "DEAD",
    "12": "DEAD",
    "13": "ALIVE",
    "14": "ALIVE",
    "15": "ALIVE"
  }
}
Diff Data:
   day     type  idx  turn  agent            text
0    5     vote    2     0     10  VOTE Agent[10]
1    5     vote    7     0     13  VOTE Agent[13]
2    5     vote    8     0     14  VOTE Agent[14]
3    5     vote   10     0      2  VOTE Agent[02]
4    5     vote   13     0     14  VOTE Agent[14]
5    5     vote   14     0     15  VOTE Agent[15]
6    5     vote   15     0     10  VOTE Agent[10]
7    5  execute    0     0     10            Over
8    6     dead    0     0      7            Over
# UPDATE
Request:
DAILY_FINISH
Base Info:
{
  "agentIdx": 1,
  "myRole": "POSSESSED",
  "roleMap": {
    "1": "POSSESSED"
  },
  "day": 6,
  "remainTalkMap": {
    "2": 10,
    "8": 10,
    "13": 10,
    "14": 10,
    "15": 10
  },
  "remainWhisperMap": {},
  "statusMap": {
    "1": "DEAD",
    "2": "ALIVE",
    "3": "DEAD",
    "4": "DEAD",
    "5": "DEAD",
    "6": "DEAD",
    "7": "DEAD",
    "8": "ALIVE",
    "9": "DEAD",
    "10": "DEAD",
    "11": "DEAD",
    "12": "DEAD",
    "13": "ALIVE",
    "14": "ALIVE",
    "15": "ALIVE"
  }
}
Diff Data:
    day  type  idx  turn  agent  text
0     6  talk    0     0     13  Skip
1     6  talk    1     0      8  Skip
2     6  talk    2     0     15  Skip
3     6  talk    3     0     14  Skip
4     6  talk    4     0      2  Skip
5     6  talk    5     1      2  Skip
6     6  talk    6     1      8  Skip
7     6  talk    7     1     15  Skip
8     6  talk    8     1     14  Skip
9     6  talk    9     1     13  Skip
10    6  talk   10     2     14  Over
11    6  talk   11     2     15  Over
12    6  talk   12     2     13  Over
13    6  talk   13     2      8  Over
14    6  talk   14     2      2  Over
# UPDATE
Request:
DAILY_INITIALIZE
Base Info:
{
  "agentIdx": 1,
  "myRole": "POSSESSED",
  "roleMap": {
    "1": "POSSESSED"
  },
  "day": 7,
  "remainTalkMap": {
    "2": 10,
    "13": 10,
    "14": 10
  },
  "remainWhisperMap": {},
  "statusMap": {
    "1": "DEAD",
    "2": "ALIVE",
    "3": "DEAD",
    "4": "DEAD",
    "5": "DEAD",
    "6": "DEAD",
    "7": "DEAD",
    "8": "DEAD",
    "9": "DEAD",
    "10": "DEAD",
    "11": "DEAD",
    "12": "DEAD",
    "13": "ALIVE",
    "14": "ALIVE",
    "15": "DEAD"
  }
}
Diff Data:
   day     type  idx  turn  agent            text
0    6     vote    2     0     15  VOTE Agent[15]
1    6     vote    8     0     15  VOTE Agent[15]
2    6     vote   13     0     15  VOTE Agent[15]
3    6     vote   14     0      8  VOTE Agent[08]
4    6     vote   15     0     14  VOTE Agent[14]
5    6  execute    0     0     15            Over
6    7     dead    0     0      8            Over
# UPDATE
Request:
DAILY_FINISH
Base Info:
{
  "agentIdx": 1,
  "myRole": "POSSESSED",
  "roleMap": {
    "1": "POSSESSED"
  },
  "day": 7,
  "remainTalkMap": {
    "2": 10,
    "13": 10,
    "14": 10
  },
  "remainWhisperMap": {},
  "statusMap": {
    "1": "DEAD",
    "2": "ALIVE",
    "3": "DEAD",
    "4": "DEAD",
    "5": "DEAD",
    "6": "DEAD",
    "7": "DEAD",
    "8": "DEAD",
    "9": "DEAD",
    "10": "DEAD",
    "11": "DEAD",
    "12": "DEAD",
    "13": "ALIVE",
    "14": "ALIVE",
    "15": "DEAD"
  }
}
Diff Data:
   day  type  idx  turn  agent  text
0    7  talk    0     0     13  Skip
1    7  talk    1     0     14  Skip
2    7  talk    2     0      2  Skip
3    7  talk    3     1      2  Skip
4    7  talk    4     1     13  Skip
5    7  talk    5     1     14  Skip
6    7  talk    6     2     14  Over
7    7  talk    7     2      2  Over
8    7  talk    8     2     13  Over
# UPDATE
Request:
FINISH
Base Info:
{
  "agentIdx": 1,
  "myRole": "POSSESSED",
  "roleMap": {
    "1": "POSSESSED"
  },
  "day": 8,
  "remainTalkMap": {
    "2": 10,
    "13": 10
  },
  "remainWhisperMap": {},
  "statusMap": {
    "1": "DEAD",
    "2": "ALIVE",
    "3": "DEAD",
    "4": "DEAD",
    "5": "DEAD",
    "6": "DEAD",
    "7": "DEAD",
    "8": "DEAD",
    "9": "DEAD",
    "10": "DEAD",
    "11": "DEAD",
    "12": "DEAD",
    "13": "ALIVE",
    "14": "DEAD",
    "15": "DEAD"
  }
}
Diff Data:
    day    type  idx  turn  agent                           text
0     8  finish    1     0      1  COMINGOUT Agent[01] POSSESSED
1     8  finish    2     0      2   COMINGOUT Agent[02] VILLAGER
2     8  finish    3     0      3   COMINGOUT Agent[03] VILLAGER
3     8  finish    4     0      4   COMINGOUT Agent[04] WEREWOLF
4     8  finish    5     0      5  COMINGOUT Agent[05] BODYGUARD
5     8  finish    6     0      6   COMINGOUT Agent[06] WEREWOLF
6     8  finish    7     0      7   COMINGOUT Agent[07] VILLAGER
7     8  finish    8     0      8     COMINGOUT Agent[08] MEDIUM
8     8  finish    9     0      9       COMINGOUT Agent[09] SEER
9     8  finish   10     0     10   COMINGOUT Agent[10] VILLAGER
10    8  finish   11     0     11   COMINGOUT Agent[11] VILLAGER
11    8  finish   12     0     12   COMINGOUT Agent[12] VILLAGER
12    8  finish   13     0     13   COMINGOUT Agent[13] VILLAGER
13    8  finish   14     0     14   COMINGOUT Agent[14] WEREWOLF
14    8  finish   15     0     15   COMINGOUT Agent[15] VILLAGER
# INITIALIZE
Game Setting:
{
  "enableNoAttack": false,
  "enableNoExecution": false,
  "enableRoleRequest": true,
  "maxAttackRevote": 1,
  "maxRevote": 1,
  "maxSkip": 2,
  "maxTalk": 10,
  "maxTalkTurn": 20,
  "maxWhisper": 10,
  "maxWhisperTurn": 20,
  "playerNum": 15,
  "randomSeed": -1326694460110767571,
  "roleNumMap": {
    "MEDIUM": 1,
    "SEER": 1,
    "ANY": 0,
    "BODYGUARD": 1,
    "FREEMASON": 0,
    "WEREWOLF": 3,
    "POSSESSED": 1,
    "VILLAGER": 8,
    "FOX": 0
  },
  "talkOnFirstDay": false,
  "timeLimit": -1,
  "validateUtterance": true,
  "votableInFirstDay": false,
  "voteVisible": true,
  "whisperBeforeRevote": false
}
Base Info:
{
  "agentIdx": 1,
  "myRole": "VILLAGER",
  "roleMap": {
    "1": "VILLAGER"
  },
  "day": 0,
  "remainTalkMap": {
    "1": 10,
    "2": 10,
    "3": 10,
    "4": 10,
    "5": 10,
    "6": 10,
    "7": 10,
    "8": 10,
    "9": 10,
    "10": 10,
    "11": 10,
    "12": 10,
    "13": 10,
    "14": 10,
    "15": 10
  },
  "remainWhisperMap": {},
  "statusMap": {
    "1": "ALIVE",
    "2": "ALIVE",
    "3": "ALIVE",
    "4": "ALIVE",
    "5": "ALIVE",
    "6": "ALIVE",
    "7": "ALIVE",
    "8": "ALIVE",
    "9": "ALIVE",
    "10": "ALIVE",
    "11": "ALIVE",
    "12": "ALIVE",
    "13": "ALIVE",
    "14": "ALIVE",
    "15": "ALIVE"
  }
}
Diff Data:
   day        type  idx  turn  agent                          text
0    0  initialize    1     0      1  COMINGOUT Agent[01] VILLAGER
# UPDATE
Request:
DAILY_INITIALIZE
Base Info:
{
  "agentIdx": 1,
  "myRole": "VILLAGER",
  "roleMap": {
    "1": "VILLAGER"
  },
  "day": 0,
  "remainTalkMap": {
    "1": 10,
    "2": 10,
    "3": 10,
    "4": 10,
    "5": 10,
    "6": 10,
    "7": 10,
    "8": 10,
    "9": 10,
    "10": 10,
    "11": 10,
    "12": 10,
    "13": 10,
    "14": 10,
    "15": 10
  },
  "remainWhisperMap": {},
  "statusMap": {
    "1": "ALIVE",
    "2": "ALIVE",
    "3": "ALIVE",
    "4": "ALIVE",
    "5": "ALIVE",
    "6": "ALIVE",
    "7": "ALIVE",
    "8": "ALIVE",
    "9": "ALIVE",
    "10": "ALIVE",
    "11": "ALIVE",
    "12": "ALIVE",
    "13": "ALIVE",
    "14": "ALIVE",
    "15": "ALIVE"
  }
}
Diff Data:
Empty DataFrame
Columns: [day, type, idx, turn, agent, text]
Index: []
# DAYSTART
# UPDATE
Request:
DAILY_FINISH
Base Info:
{
  "agentIdx": 1,
  "myRole": "VILLAGER",
  "roleMap": {
    "1": "VILLAGER"
  },
  "day": 0,
  "remainTalkMap": {
    "1": 10,
    "2": 10,
    "3": 10,
    "4": 10,
    "5": 10,
    "6": 10,
    "7": 10,
    "8": 10,
    "9": 10,
    "10": 10,
    "11": 10,
    "12": 10,
    "13": 10,
    "14": 10,
    "15": 10
  },
  "remainWhisperMap": {},
  "statusMap": {
    "1": "ALIVE",
    "2": "ALIVE",
    "3": "ALIVE",
    "4": "ALIVE",
    "5": "ALIVE",
    "6": "ALIVE",
    "7": "ALIVE",
    "8": "ALIVE",
    "9": "ALIVE",
    "10": "ALIVE",
    "11": "ALIVE",
    "12": "ALIVE",
    "13": "ALIVE",
    "14": "ALIVE",
    "15": "ALIVE"
  }
}
Diff Data:
Empty DataFrame
Columns: [day, type, idx, turn, agent, text]
Index: []
# UPDATE
Request:
DAILY_INITIALIZE
Base Info:
{
  "agentIdx": 1,
  "myRole": "VILLAGER",
  "roleMap": {
    "1": "VILLAGER"
  },
  "day": 1,
  "remainTalkMap": {
    "1": 10,
    "2": 10,
    "3": 10,
    "4": 10,
    "5": 10,
    "6": 10,
    "7": 10,
    "8": 10,
    "9": 10,
    "10": 10,
    "11": 10,
    "12": 10,
    "13": 10,
    "14": 10,
    "15": 10
  },
  "remainWhisperMap": {},
  "statusMap": {
    "1": "ALIVE",
    "2": "ALIVE",
    "3": "ALIVE",
    "4": "ALIVE",
    "5": "ALIVE",
    "6": "ALIVE",
    "7": "ALIVE",
    "8": "ALIVE",
    "9": "ALIVE",
    "10": "ALIVE",
    "11": "ALIVE",
    "12": "ALIVE",
    "13": "ALIVE",
    "14": "ALIVE",
    "15": "ALIVE"
  }
}
Diff Data:
Empty DataFrame
Columns: [day, type, idx, turn, agent, text]
Index: []
# DAYSTART
# UPDATE
Request:
TALK
Base Info:
{
  "agentIdx": 1,
  "myRole": "VILLAGER",
  "roleMap": {
    "1": "VILLAGER"
  },
  "day": 1,
  "remainTalkMap": {
    "1": 10,
    "2": 10,
    "3": 10,
    "4": 10,
    "5": 10,
    "6": 10,
    "7": 10,
    "8": 10,
    "9": 10,
    "10": 10,
    "11": 10,
    "12": 10,
    "13": 10,
    "14": 10,
    "15": 10
  },
  "remainWhisperMap": {},
  "statusMap": {
    "1": "ALIVE",
    "2": "ALIVE",
    "3": "ALIVE",
    "4": "ALIVE",
    "5": "ALIVE",
    "6": "ALIVE",
    "7": "ALIVE",
    "8": "ALIVE",
    "9": "ALIVE",
    "10": "ALIVE",
    "11": "ALIVE",
    "12": "ALIVE",
    "13": "ALIVE",
    "14": "ALIVE",
    "15": "ALIVE"
  }
}
Diff Data:
   day  type  idx  turn  agent  text
0    1  talk    0     0      2  Skip
# TALK
# UPDATE
Request:
TALK
Base Info:
{
  "agentIdx": 1,
  "myRole": "VILLAGER",
  "roleMap": {
    "1": "VILLAGER"
  },
  "day": 1,
  "remainTalkMap": {
    "1": 10,
    "2": 10,
    "3": 10,
    "4": 10,
    "5": 10,
    "6": 10,
    "7": 10,
    "8": 10,
    "9": 10,
    "10": 10,
    "11": 10,
    "12": 10,
    "13": 10,
    "14": 10,
    "15": 10
  },
  "remainWhisperMap": {},
  "statusMap": {
    "1": "ALIVE",
    "2": "ALIVE",
    "3": "ALIVE",
    "4": "ALIVE",
    "5": "ALIVE",
    "6": "ALIVE",
    "7": "ALIVE",
    "8": "ALIVE",
    "9": "ALIVE",
    "10": "ALIVE",
    "11": "ALIVE",
    "12": "ALIVE",
    "13": "ALIVE",
    "14": "ALIVE",
    "15": "ALIVE"
  }
}
Diff Data:
    day  type  idx  turn  agent                                    text
0     1  talk    1     0      1  Agent[01] COMINGOUT Agent[01] VILLAGER
1     1  talk    2     0     12                                    Skip
2     1  talk    3     0      7                                    Skip
3     1  talk    4     0     11                                    Skip
4     1  talk    5     0      8                                    Skip
5     1  talk    6     0     14                                    Skip
6     1  talk    7     0      4                                    Skip
7     1  talk    8     0     15                                    Skip
8     1  talk    9     0      3                                    Skip
9     1  talk   10     0     10                                    Skip
10    1  talk   11     0      6                                    Skip
11    1  talk   12     0      5                                    Skip
12    1  talk   13     0      9                                    Skip
13    1  talk   14     0     13                                    Skip
14    1  talk   15     1     15                                    Skip
15    1  talk   16     1      6                                    Skip
16    1  talk   17     1     12                                    Skip
17    1  talk   18     1      5                                    Skip
18    1  talk   19     1      7                                    Skip
19    1  talk   20     1     10                                    Skip
20    1  talk   21     1      9                                    Skip
21    1  talk   22     1      2                                    Skip
22    1  talk   23     1      8                                    Skip
23    1  talk   24     1      4                                    Skip
24    1  talk   25     1     11                                    Skip
25    1  talk   26     1      3                                    Skip
26    1  talk   27     1     13                                    Skip
27    1  talk   28     1     14                                    Skip
# TALK
# UPDATE
Request:
TALK
Base Info:
{
  "agentIdx": 1,
  "myRole": "VILLAGER",
  "roleMap": {
    "1": "VILLAGER"
  },
  "day": 1,
  "remainTalkMap": {
    "1": 10,
    "2": 10,
    "3": 10,
    "4": 10,
    "5": 10,
    "6": 10,
    "7": 10,
    "8": 10,
    "9": 10,
    "10": 10,
    "11": 10,
    "12": 10,
    "13": 10,
    "14": 10,
    "15": 10
  },
  "remainWhisperMap": {},
  "statusMap": {
    "1": "ALIVE",
    "2": "ALIVE",
    "3": "ALIVE",
    "4": "ALIVE",
    "5": "ALIVE",
    "6": "ALIVE",
    "7": "ALIVE",
    "8": "ALIVE",
    "9": "ALIVE",
    "10": "ALIVE",
    "11": "ALIVE",
    "12": "ALIVE",
    "13": "ALIVE",
    "14": "ALIVE",
    "15": "ALIVE"
  }
}
Diff Data:
   day  type  idx  turn  agent                                    text
0    1  talk   29     1      1  Agent[01] COMINGOUT Agent[01] VILLAGER
1    1  talk   30     2      6                                    Over
2    1  talk   31     2     11                                    Over
3    1  talk   32     2     14                                    Over
4    1  talk   33     2     15                                    Over
5    1  talk   34     2     13                                    Over
6    1  talk   35     2      9                                    Over
7    1  talk   36     2      5                                    Over
8    1  talk   37     2      7                                    Over
# TALK
# UPDATE
Request:
TALK
Base Info:
{
  "agentIdx": 1,
  "myRole": "VILLAGER",
  "roleMap": {
    "1": "VILLAGER"
  },
  "day": 1,
  "remainTalkMap": {
    "1": 10,
    "2": 10,
    "3": 10,
    "4": 10,
    "5": 10,
    "6": 10,
    "7": 10,
    "8": 10,
    "9": 10,
    "10": 10,
    "11": 10,
    "12": 10,
    "13": 10,
    "14": 10,
    "15": 10
  },
  "remainWhisperMap": {},
  "statusMap": {
    "1": "ALIVE",
    "2": "ALIVE",
    "3": "ALIVE",
    "4": "ALIVE",
    "5": "ALIVE",
    "6": "ALIVE",
    "7": "ALIVE",
    "8": "ALIVE",
    "9": "ALIVE",
    "10": "ALIVE",
    "11": "ALIVE",
    "12": "ALIVE",
    "13": "ALIVE",
    "14": "ALIVE",
    "15": "ALIVE"
  }
}
Diff Data:
    day  type  idx  turn  agent                                    text
0     1  talk   38     2      1  Agent[01] COMINGOUT Agent[01] VILLAGER
1     1  talk   39     2      4                                    Over
2     1  talk   40     2      3                                    Over
3     1  talk   41     2     10                                    Over
4     1  talk   42     2      2                                    Over
5     1  talk   43     2      8                                    Over
6     1  talk   44     2     12                                    Over
7     1  talk   45     3     10                                    Over
8     1  talk   46     3      4                                    Over
9     1  talk   47     3      3                                    Over
10    1  talk   48     3     12                                    Over
11    1  talk   49     3     15                                    Over
12    1  talk   50     3      5                                    Over
13    1  talk   51     3      2                                    Over
14    1  talk   52     3     13                                    Over
15    1  talk   53     3      8                                    Over
16    1  talk   54     3     14                                    Over
# TALK
# UPDATE
Request:
TALK
Base Info:
{
  "agentIdx": 1,
  "myRole": "VILLAGER",
  "roleMap": {
    "1": "VILLAGER"
  },
  "day": 1,
  "remainTalkMap": {
    "1": 10,
    "2": 10,
    "3": 10,
    "4": 10,
    "5": 10,
    "6": 10,
    "7": 10,
    "8": 10,
    "9": 10,
    "10": 10,
    "11": 10,
    "12": 10,
    "13": 10,
    "14": 10,
    "15": 10
  },
  "remainWhisperMap": {},
  "statusMap": {
    "1": "ALIVE",
    "2": "ALIVE",
    "3": "ALIVE",
    "4": "ALIVE",
    "5": "ALIVE",
    "6": "ALIVE",
    "7": "ALIVE",
    "8": "ALIVE",
    "9": "ALIVE",
    "10": "ALIVE",
    "11": "ALIVE",
    "12": "ALIVE",
    "13": "ALIVE",
    "14": "ALIVE",
    "15": "ALIVE"
  }
}
Diff Data:
   day  type  idx  turn  agent                                    text
0    1  talk   55     3      1  Agent[01] COMINGOUT Agent[01] VILLAGER
1    1  talk   56     3      7                                    Over
2    1  talk   57     3      6                                    Over
3    1  talk   58     3     11                                    Over
4    1  talk   59     3      9                                    Over
5    1  talk   60     4      6                                    Over
# TALK
# UPDATE
Request:
TALK
Base Info:
{
  "agentIdx": 1,
  "myRole": "VILLAGER",
  "roleMap": {
    "1": "VILLAGER"
  },
  "day": 1,
  "remainTalkMap": {
    "1": 10,
    "2": 10,
    "3": 10,
    "4": 10,
    "5": 10,
    "6": 10,
    "7": 10,
    "8": 10,
    "9": 10,
    "10": 10,
    "11": 10,
    "12": 10,
    "13": 10,
    "14": 10,
    "15": 10
  },
  "remainWhisperMap": {},
  "statusMap": {
    "1": "ALIVE",
    "2": "ALIVE",
    "3": "ALIVE",
    "4": "ALIVE",
    "5": "ALIVE",
    "6": "ALIVE",
    "7": "ALIVE",
    "8": "ALIVE",
    "9": "ALIVE",
    "10": "ALIVE",
    "11": "ALIVE",
    "12": "ALIVE",
    "13": "ALIVE",
    "14": "ALIVE",
    "15": "ALIVE"
  }
}
Diff Data:
    day  type  idx  turn  agent                                    text
0     1  talk   61     4      1  Agent[01] COMINGOUT Agent[01] VILLAGER
1     1  talk   62     4     15                                    Over
2     1  talk   63     4      5                                    Over
3     1  talk   64     4      9                                    Over
4     1  talk   65     4      2                                    Over
5     1  talk   66     4      3                                    Over
6     1  talk   67     4     14                                    Over
7     1  talk   68     4      8                                    Over
8     1  talk   69     4      4                                    Over
9     1  talk   70     4     12                                    Over
10    1  talk   71     4      7                                    Over
11    1  talk   72     4     11                                    Over
12    1  talk   73     4     10                                    Over
13    1  talk   74     4     13                                    Over
14    1  talk   75     5     14                                    Over
15    1  talk   76     5      9                                    Over
16    1  talk   77     5     15                                    Over
17    1  talk   78     5      5                                    Over
18    1  talk   79     5      4                                    Over
19    1  talk   80     5     12                                    Over
20    1  talk   81     5      3                                    Over
21    1  talk   82     5      7                                    Over
22    1  talk   83     5      2                                    Over
23    1  talk   84     5     11                                    Over
24    1  talk   85     5      8                                    Over
25    1  talk   86     5     13                                    Over
# TALK
# UPDATE
Request:
TALK
Base Info:
{
  "agentIdx": 1,
  "myRole": "VILLAGER",
  "roleMap": {
    "1": "VILLAGER"
  },
  "day": 1,
  "remainTalkMap": {
    "1": 10,
    "2": 10,
    "3": 10,
    "4": 10,
    "5": 10,
    "6": 10,
    "7": 10,
    "8": 10,
    "9": 10,
    "10": 10,
    "11": 10,
    "12": 10,
    "13": 10,
    "14": 10,
    "15": 10
  },
  "remainWhisperMap": {},
  "statusMap": {
    "1": "ALIVE",
    "2": "ALIVE",
    "3": "ALIVE",
    "4": "ALIVE",
    "5": "ALIVE",
    "6": "ALIVE",
    "7": "ALIVE",
    "8": "ALIVE",
    "9": "ALIVE",
    "10": "ALIVE",
    "11": "ALIVE",
    "12": "ALIVE",
    "13": "ALIVE",
    "14": "ALIVE",
    "15": "ALIVE"
  }
}
Diff Data:
    day  type  idx  turn  agent                                    text
0     1  talk   87     5      1  Agent[01] COMINGOUT Agent[01] VILLAGER
1     1  talk   88     5      6                                    Over
2     1  talk   89     5     10                                    Over
3     1  talk   90     6     13                                    Over
4     1  talk   91     6     11                                    Over
5     1  talk   92     6     14                                    Over
6     1  talk   93     6      2                                    Over
7     1  talk   94     6      4                                    Over
8     1  talk   95     6      3                                    Over
9     1  talk   96     6     15                                    Over
10    1  talk   97     6      6                                    Over
11    1  talk   98     6     12                                    Over
12    1  talk   99     6      5                                    Over
13    1  talk  100     6      7                                    Over
# TALK
# UPDATE
Request:
TALK
Base Info:
{
  "agentIdx": 1,
  "myRole": "VILLAGER",
  "roleMap": {
    "1": "VILLAGER"
  },
  "day": 1,
  "remainTalkMap": {
    "1": 10,
    "2": 10,
    "3": 10,
    "4": 10,
    "5": 10,
    "6": 10,
    "7": 10,
    "8": 10,
    "9": 10,
    "10": 10,
    "11": 10,
    "12": 10,
    "13": 10,
    "14": 10,
    "15": 10
  },
  "remainWhisperMap": {},
  "statusMap": {
    "1": "ALIVE",
    "2": "ALIVE",
    "3": "ALIVE",
    "4": "ALIVE",
    "5": "ALIVE",
    "6": "ALIVE",
    "7": "ALIVE",
    "8": "ALIVE",
    "9": "ALIVE",
    "10": "ALIVE",
    "11": "ALIVE",
    "12": "ALIVE",
    "13": "ALIVE",
    "14": "ALIVE",
    "15": "ALIVE"
  }
}
Diff Data:
    day  type  idx  turn  agent                                    text
0     1  talk  101     6      1  Agent[01] COMINGOUT Agent[01] VILLAGER
1     1  talk  102     6      8                                    Over
2     1  talk  103     6     10                                    Over
3     1  talk  104     6      9                                    Over
4     1  talk  105     7      9                                    Over
5     1  talk  106     7      3                                    Over
6     1  talk  107     7     12                                    Over
7     1  talk  108     7      8                                    Over
8     1  talk  109     7      2                                    Over
9     1  talk  110     7      6                                    Over
10    1  talk  111     7      5                                    Over
11    1  talk  112     7      4                                    Over
12    1  talk  113     7     13                                    Over
13    1  talk  114     7     14                                    Over
# TALK
# UPDATE
Request:
TALK
Base Info:
{
  "agentIdx": 1,
  "myRole": "VILLAGER",
  "roleMap": {
    "1": "VILLAGER"
  },
  "day": 1,
  "remainTalkMap": {
    "1": 10,
    "2": 10,
    "3": 10,
    "4": 10,
    "5": 10,
    "6": 10,
    "7": 10,
    "8": 10,
    "9": 10,
    "10": 10,
    "11": 10,
    "12": 10,
    "13": 10,
    "14": 10,
    "15": 10
  },
  "remainWhisperMap": {},
  "statusMap": {
    "1": "ALIVE",
    "2": "ALIVE",
    "3": "ALIVE",
    "4": "ALIVE",
    "5": "ALIVE",
    "6": "ALIVE",
    "7": "ALIVE",
    "8": "ALIVE",
    "9": "ALIVE",
    "10": "ALIVE",
    "11": "ALIVE",
    "12": "ALIVE",
    "13": "ALIVE",
    "14": "ALIVE",
    "15": "ALIVE"
  }
}
Diff Data:
    day  type  idx  turn  agent                                    text
0     1  talk  115     7      1  Agent[01] COMINGOUT Agent[01] VILLAGER
1     1  talk  116     7     10                                    Over
2     1  talk  117     7     15                                    Over
3     1  talk  118     7     11                                    Over
4     1  talk  119     7      7                                    Over
5     1  talk  120     8     10                                    Over
6     1  talk  121     8     14                                    Over
7     1  talk  122     8      5                                    Over
8     1  talk  123     8      8                                    Over
9     1  talk  124     8      2                                    Over
10    1  talk  125     8     15                                    Over
11    1  talk  126     8     12                                    Over
12    1  talk  127     8      3                                    Over
13    1  talk  128     8      4                                    Over
# TALK
# UPDATE
Request:
TALK
Base Info:
{
  "agentIdx": 1,
  "myRole": "VILLAGER",
  "roleMap": {
    "1": "VILLAGER"
  },
  "day": 1,
  "remainTalkMap": {
    "1": 10,
    "2": 10,
    "3": 10,
    "4": 10,
    "5": 10,
    "6": 10,
    "7": 10,
    "8": 10,
    "9": 10,
    "10": 10,
    "11": 10,
    "12": 10,
    "13": 10,
    "14": 10,
    "15": 10
  },
  "remainWhisperMap": {},
  "statusMap": {
    "1": "ALIVE",
    "2": "ALIVE",
    "3": "ALIVE",
    "4": "ALIVE",
    "5": "ALIVE",
    "6": "ALIVE",
    "7": "ALIVE",
    "8": "ALIVE",
    "9": "ALIVE",
    "10": "ALIVE",
    "11": "ALIVE",
    "12": "ALIVE",
    "13": "ALIVE",
    "14": "ALIVE",
    "15": "ALIVE"
  }
}
Diff Data:
    day  type  idx  turn  agent                                    text
0     1  talk  129     8      1  Agent[01] COMINGOUT Agent[01] VILLAGER
1     1  talk  130     8      9                                    Over
2     1  talk  131     8      6                                    Over
3     1  talk  132     8     11                                    Over
4     1  talk  133     8      7                                    Over
5     1  talk  134     8     13                                    Over
6     1  talk  135     9     11                                    Over
7     1  talk  136     9      4                                    Over
8     1  talk  137     9      9                                    Over
9     1  talk  138     9     15                                    Over
10    1  talk  139     9     14                                    Over
11    1  talk  140     9      5                                    Over
12    1  talk  141     9      2                                    Over
13    1  talk  142     9     12                                    Over
14    1  talk  143     9      8                                    Over
15    1  talk  144     9     10                                    Over
# TALK
# UPDATE
Request:
DAILY_FINISH
Base Info:
{
  "agentIdx": 1,
  "myRole": "VILLAGER",
  "roleMap": {
    "1": "VILLAGER"
  },
  "day": 1,
  "remainTalkMap": {
    "1": 10,
    "2": 10,
    "3": 10,
    "4": 10,
    "5": 10,
    "6": 10,
    "7": 10,
    "8": 10,
    "9": 10,
    "10": 10,
    "11": 10,
    "12": 10,
    "13": 10,
    "14": 10,
    "15": 10
  },
  "remainWhisperMap": {},
  "statusMap": {
    "1": "ALIVE",
    "2": "ALIVE",
    "3": "ALIVE",
    "4": "ALIVE",
    "5": "ALIVE",
    "6": "ALIVE",
    "7": "ALIVE",
    "8": "ALIVE",
    "9": "ALIVE",
    "10": "ALIVE",
    "11": "ALIVE",
    "12": "ALIVE",
    "13": "ALIVE",
    "14": "ALIVE",
    "15": "ALIVE"
  }
}
Diff Data:
    day  type  idx  turn  agent                                    text
0     1  talk  145     9      1  Agent[01] COMINGOUT Agent[01] VILLAGER
1     1  talk  146     9     13                                    Over
2     1  talk  147     9      6                                    Over
3     1  talk  148     9      3                                    Over
4     1  talk  149     9      7                                    Over
5     1  talk  150    10      5                                    Over
6     1  talk  151    10      8                                    Over
7     1  talk  152    10     14                                    Over
8     1  talk  153    10     13                                    Over
9     1  talk  154    10     12                                    Over
10    1  talk  155    10      2                                    Over
11    1  talk  156    10      4                                    Over
12    1  talk  157    10     10                                    Over
13    1  talk  158    10      3                                    Over
14    1  talk  159    10      7                                    Over
15    1  talk  160    10      1                                    Over
16    1  talk  161    10      6                                    Over
17    1  talk  162    10      9                                    Over
18    1  talk  163    10     11                                    Over
19    1  talk  164    10     15                                    Over
# UPDATE
Request:
VOTE
Base Info:
{
  "agentIdx": 1,
  "myRole": "VILLAGER",
  "roleMap": {
    "1": "VILLAGER"
  },
  "day": 1,
  "remainTalkMap": {
    "1": 10,
    "2": 10,
    "3": 10,
    "4": 10,
    "5": 10,
    "6": 10,
    "7": 10,
    "8": 10,
    "9": 10,
    "10": 10,
    "11": 10,
    "12": 10,
    "13": 10,
    "14": 10,
    "15": 10
  },
  "remainWhisperMap": {},
  "statusMap": {
    "1": "ALIVE",
    "2": "ALIVE",
    "3": "ALIVE",
    "4": "ALIVE",
    "5": "ALIVE",
    "6": "ALIVE",
    "7": "ALIVE",
    "8": "ALIVE",
    "9": "ALIVE",
    "10": "ALIVE",
    "11": "ALIVE",
    "12": "ALIVE",
    "13": "ALIVE",
    "14": "ALIVE",
    "15": "ALIVE"
  }
}
Diff Data:
Empty DataFrame
Columns: [day, type, idx, turn, agent, text]
Index: []
# VOTE
# UPDATE
Request:
DAILY_INITIALIZE
Base Info:
{
  "agentIdx": 1,
  "myRole": "VILLAGER",
  "roleMap": {
    "1": "VILLAGER"
  },
  "day": 2,
  "remainTalkMap": {
    "1": 10,
    "2": 10,
    "3": 10,
    "4": 10,
    "5": 10,
    "6": 10,
    "7": 10,
    "8": 10,
    "9": 10,
    "10": 10,
    "11": 10,
    "12": 10,
    "15": 10
  },
  "remainWhisperMap": {},
  "statusMap": {
    "1": "ALIVE",
    "2": "ALIVE",
    "3": "ALIVE",
    "4": "ALIVE",
    "5": "ALIVE",
    "6": "ALIVE",
    "7": "ALIVE",
    "8": "ALIVE",
    "9": "ALIVE",
    "10": "ALIVE",
    "11": "ALIVE",
    "12": "ALIVE",
    "13": "DEAD",
    "14": "DEAD",
    "15": "ALIVE"
  }
}
Diff Data:
    day     type  idx  turn  agent            text
0     1     vote    1     0      8  VOTE Agent[08]
1     1     vote    2     0     12  VOTE Agent[12]
2     1     vote    3     0     13  VOTE Agent[13]
3     1     vote    4     0      1  VOTE Agent[01]
4     1     vote    5     0      6  VOTE Agent[06]
5     1     vote    6     0     10  VOTE Agent[10]
6     1     vote    7     0     15  VOTE Agent[15]
7     1     vote    8     0     14  VOTE Agent[14]
8     1     vote    9     0      6  VOTE Agent[06]
9     1     vote   10     0     11  VOTE Agent[11]
10    1     vote   11     0      1  VOTE Agent[01]
11    1     vote   12     0      2  VOTE Agent[02]
12    1     vote   13     0     14  VOTE Agent[14]
13    1     vote   14     0      3  VOTE Agent[03]
14    1     vote   15     0     14  VOTE Agent[14]
15    1  execute    0     0     14            Over
16    2     dead    0     0     13            Over
# DAYSTART
# UPDATE
Request:
TALK
Base Info:
{
  "agentIdx": 1,
  "myRole": "VILLAGER",
  "roleMap": {
    "1": "VILLAGER"
  },
  "day": 2,
  "remainTalkMap": {
    "1": 10,
    "2": 10,
    "3": 10,
    "4": 10,
    "5": 10,
    "6": 10,
    "7": 10,
    "8": 10,
    "9": 10,
    "10": 10,
    "11": 10,
    "12": 10,
    "15": 10
  },
  "remainWhisperMap": {},
  "statusMap": {
    "1": "ALIVE",
    "2": "ALIVE",
    "3": "ALIVE",
    "4": "ALIVE",
    "5": "ALIVE",
    "6": "ALIVE",
    "7": "ALIVE",
    "8": "ALIVE",
    "9": "ALIVE",
    "10": "ALIVE",
    "11": "ALIVE",
    "12": "ALIVE",
    "13": "DEAD",
    "14": "DEAD",
    "15": "ALIVE"
  }
}
Diff Data:
   day  type  idx  turn  agent  text
0    2  talk    0     0     10  Skip
# TALK
# UPDATE
Request:
TALK
Base Info:
{
  "agentIdx": 1,
  "myRole": "VILLAGER",
  "roleMap": {
    "1": "VILLAGER"
  },
  "day": 2,
  "remainTalkMap": {
    "1": 10,
    "2": 10,
    "3": 10,
    "4": 10,
    "5": 10,
    "6": 10,
    "7": 10,
    "8": 10,
    "9": 10,
    "10": 10,
    "11": 10,
    "12": 10,
    "15": 10
  },
  "remainWhisperMap": {},
  "statusMap": {
    "1": "ALIVE",
    "2": "ALIVE",
    "3": "ALIVE",
    "4": "ALIVE",
    "5": "ALIVE",
    "6": "ALIVE",
    "7": "ALIVE",
    "8": "ALIVE",
    "9": "ALIVE",
    "10": "ALIVE",
    "11": "ALIVE",
    "12": "ALIVE",
    "13": "DEAD",
    "14": "DEAD",
    "15": "ALIVE"
  }
}
Diff Data:
    day  type  idx  turn  agent  text
0     2  talk    1     0      1  Skip
1     2  talk    2     0      4  Skip
2     2  talk    3     0     12  Skip
3     2  talk    4     0      6  Skip
4     2  talk    5     0      7  Skip
5     2  talk    6     0      9  Skip
6     2  talk    7     0     15  Skip
7     2  talk    8     0     11  Skip
8     2  talk    9     0      5  Skip
9     2  talk   10     0      2  Skip
10    2  talk   11     0      3  Skip
11    2  talk   12     0      8  Skip
12    2  talk   13     1      5  Skip
# TALK
# UPDATE
Request:
TALK
Base Info:
{
  "agentIdx": 1,
  "myRole": "VILLAGER",
  "roleMap": {
    "1": "VILLAGER"
  },
  "day": 2,
  "remainTalkMap": {
    "1": 10,
    "2": 10,
    "3": 10,
    "4": 10,
    "5": 10,
    "6": 10,
    "7": 10,
    "8": 10,
    "9": 10,
    "10": 10,
    "11": 10,
    "12": 10,
    "15": 10
  },
  "remainWhisperMap": {},
  "statusMap": {
    "1": "ALIVE",
    "2": "ALIVE",
    "3": "ALIVE",
    "4": "ALIVE",
    "5": "ALIVE",
    "6": "ALIVE",
    "7": "ALIVE",
    "8": "ALIVE",
    "9": "ALIVE",
    "10": "ALIVE",
    "11": "ALIVE",
    "12": "ALIVE",
    "13": "DEAD",
    "14": "DEAD",
    "15": "ALIVE"
  }
}
Diff Data:
    day  type  idx  turn  agent  text
0     2  talk   14     1      1  Skip
1     2  talk   15     1      7  Skip
2     2  talk   16     1      9  Skip
3     2  talk   17     1      2  Skip
4     2  talk   18     1     15  Skip
5     2  talk   19     1      6  Skip
6     2  talk   20     1      3  Skip
7     2  talk   21     1     12  Skip
8     2  talk   22     1     10  Skip
9     2  talk   23     1     11  Skip
10    2  talk   24     1      8  Skip
11    2  talk   25     1      4  Skip
12    2  talk   26     2     11  Over
13    2  talk   27     2      4  Over
# TALK
# UPDATE
Request:
DAILY_FINISH
Base Info:
{
  "agentIdx": 1,
  "myRole": "VILLAGER",
  "roleMap": {
    "1": "VILLAGER"
  },
  "day": 2,
  "remainTalkMap": {
    "1": 10,
    "2": 10,
    "3": 10,
    "4": 10,
    "5": 10,
    "6": 10,
    "7": 10,
    "8": 10,
    "9": 10,
    "10": 10,
    "11": 10,
    "12": 10,
    "15": 10
  },
  "remainWhisperMap": {},
  "statusMap": {
    "1": "ALIVE",
    "2": "ALIVE",
    "3": "ALIVE",
    "4": "ALIVE",
    "5": "ALIVE",
    "6": "ALIVE",
    "7": "ALIVE",
    "8": "ALIVE",
    "9": "ALIVE",
    "10": "ALIVE",
    "11": "ALIVE",
    "12": "ALIVE",
    "13": "DEAD",
    "14": "DEAD",
    "15": "ALIVE"
  }
}
Diff Data:
    day  type  idx  turn  agent  text
0     2  talk   28     2      1  Over
1     2  talk   29     2      3  Over
2     2  talk   30     2      6  Over
3     2  talk   31     2     15  Over
4     2  talk   32     2      8  Over
5     2  talk   33     2     10  Over
6     2  talk   34     2     12  Over
7     2  talk   35     2      7  Over
8     2  talk   36     2      2  Over
9     2  talk   37     2      9  Over
10    2  talk   38     2      5  Over
# UPDATE
Request:
VOTE
Base Info:
{
  "agentIdx": 1,
  "myRole": "VILLAGER",
  "roleMap": {
    "1": "VILLAGER"
  },
  "day": 2,
  "remainTalkMap": {
    "1": 10,
    "2": 10,
    "3": 10,
    "4": 10,
    "5": 10,
    "6": 10,
    "7": 10,
    "8": 10,
    "9": 10,
    "10": 10,
    "11": 10,
    "12": 10,
    "15": 10
  },
  "remainWhisperMap": {},
  "statusMap": {
    "1": "ALIVE",
    "2": "ALIVE",
    "3": "ALIVE",
    "4": "ALIVE",
    "5": "ALIVE",
    "6": "ALIVE",
    "7": "ALIVE",
    "8": "ALIVE",
    "9": "ALIVE",
    "10": "ALIVE",
    "11": "ALIVE",
    "12": "ALIVE",
    "13": "DEAD",
    "14": "DEAD",
    "15": "ALIVE"
  }
}
Diff Data:
Empty DataFrame
Columns: [day, type, idx, turn, agent, text]
Index: []
# VOTE
# UPDATE
Request:
VOTE
Base Info:
{
  "agentIdx": 1,
  "myRole": "VILLAGER",
  "roleMap": {
    "1": "VILLAGER"
  },
  "day": 2,
  "remainTalkMap": {
    "1": 10,
    "2": 10,
    "3": 10,
    "4": 10,
    "5": 10,
    "6": 10,
    "7": 10,
    "8": 10,
    "9": 10,
    "10": 10,
    "11": 10,
    "12": 10,
    "15": 10
  },
  "remainWhisperMap": {},
  "statusMap": {
    "1": "ALIVE",
    "2": "ALIVE",
    "3": "ALIVE",
    "4": "ALIVE",
    "5": "ALIVE",
    "6": "ALIVE",
    "7": "ALIVE",
    "8": "ALIVE",
    "9": "ALIVE",
    "10": "ALIVE",
    "11": "ALIVE",
    "12": "ALIVE",
    "13": "DEAD",
    "14": "DEAD",
    "15": "ALIVE"
  }
}
Diff Data:
    day  type  idx  turn  agent            text
0     2  vote    1    -1      6  VOTE Agent[06]
1     2  vote    2    -1      7  VOTE Agent[07]
2     2  vote    3    -1      2  VOTE Agent[02]
3     2  vote    4    -1     12  VOTE Agent[12]
4     2  vote    5    -1     15  VOTE Agent[15]
5     2  vote    6    -1      8  VOTE Agent[08]
6     2  vote    7    -1      4  VOTE Agent[04]
7     2  vote    8    -1     10  VOTE Agent[10]
8     2  vote    9    -1      7  VOTE Agent[07]
9     2  vote   10    -1      9  VOTE Agent[09]
10    2  vote   11    -1     12  VOTE Agent[12]
11    2  vote   12    -1      9  VOTE Agent[09]
12    2  vote   15    -1     10  VOTE Agent[10]
# VOTE
# UPDATE
Request:
DAILY_INITIALIZE
Base Info:
{
  "agentIdx": 1,
  "myRole": "VILLAGER",
  "roleMap": {
    "1": "VILLAGER"
  },
  "day": 3,
  "remainTalkMap": {
    "1": 10,
    "2": 10,
    "3": 10,
    "4": 10,
    "5": 10,
    "7": 10,
    "8": 10,
    "10": 10,
    "11": 10,
    "12": 10,
    "15": 10
  },
  "remainWhisperMap": {},
  "statusMap": {
    "1": "ALIVE",
    "2": "ALIVE",
    "3": "ALIVE",
    "4": "ALIVE",
    "5": "ALIVE",
    "6": "DEAD",
    "7": "ALIVE",
    "8": "ALIVE",
    "9": "DEAD",
    "10": "ALIVE",
    "11": "ALIVE",
    "12": "ALIVE",
    "13": "DEAD",
    "14": "DEAD",
    "15": "ALIVE"
  }
}
Diff Data:
    day     type  idx  turn  agent            text
0     2     vote    1     0      4  VOTE Agent[04]
1     2     vote    2     0      9  VOTE Agent[09]
2     2     vote    3     0     10  VOTE Agent[10]
3     2     vote    4     0     10  VOTE Agent[10]
4     2     vote    5     0      3  VOTE Agent[03]
5     2     vote    6     0      7  VOTE Agent[07]
6     2     vote    7     0      9  VOTE Agent[09]
7     2     vote    8     0      5  VOTE Agent[05]
8     2     vote    9     0      1  VOTE Agent[01]
9     2     vote   10     0      8  VOTE Agent[08]
10    2     vote   11     0     12  VOTE Agent[12]
11    2     vote   12     0      1  VOTE Agent[01]
12    2     vote   15     0      9  VOTE Agent[09]
13    2  execute    0     0      9            Over
14    3     dead    0     0      6            Over
# DAYSTART
# UPDATE
Request:
TALK
Base Info:
{
  "agentIdx": 1,
  "myRole": "VILLAGER",
  "roleMap": {
    "1": "VILLAGER"
  },
  "day": 3,
  "remainTalkMap": {
    "1": 10,
    "2": 10,
    "3": 10,
    "4": 10,
    "5": 10,
    "7": 10,
    "8": 10,
    "10": 10,
    "11": 10,
    "12": 10,
    "15": 10
  },
  "remainWhisperMap": {},
  "statusMap": {
    "1": "ALIVE",
    "2": "ALIVE",
    "3": "ALIVE",
    "4": "ALIVE",
    "5": "ALIVE",
    "6": "DEAD",
    "7": "ALIVE",
    "8": "ALIVE",
    "9": "DEAD",
    "10": "ALIVE",
    "11": "ALIVE",
    "12": "ALIVE",
    "13": "DEAD",
    "14": "DEAD",
    "15": "ALIVE"
  }
}
Diff Data:
   day  type  idx  turn  agent  text
0    3  talk    0     0     11  Skip
# TALK
# UPDATE
Request:
TALK
Base Info:
{
  "agentIdx": 1,
  "myRole": "VILLAGER",
  "roleMap": {
    "1": "VILLAGER"
  },
  "day": 3,
  "remainTalkMap": {
    "1": 10,
    "2": 10,
    "3": 10,
    "4": 10,
    "5": 10,
    "7": 10,
    "8": 10,
    "10": 10,
    "11": 10,
    "12": 10,
    "15": 10
  },
  "remainWhisperMap": {},
  "statusMap": {
    "1": "ALIVE",
    "2": "ALIVE",
    "3": "ALIVE",
    "4": "ALIVE",
    "5": "ALIVE",
    "6": "DEAD",
    "7": "ALIVE",
    "8": "ALIVE",
    "9": "DEAD",
    "10": "ALIVE",
    "11": "ALIVE",
    "12": "ALIVE",
    "13": "DEAD",
    "14": "DEAD",
    "15": "ALIVE"
  }
}
Diff Data:
    day  type  idx  turn  agent  text
0     3  talk    1     0      1  Skip
1     3  talk    2     0     12  Skip
2     3  talk    3     0      3  Skip
3     3  talk    4     0     15  Skip
4     3  talk    5     0      5  Skip
5     3  talk    6     0     10  Skip
6     3  talk    7     0      4  Skip
7     3  talk    8     0      8  Skip
8     3  talk    9     0      7  Skip
9     3  talk   10     0      2  Skip
10    3  talk   11     1     15  Skip
# TALK
# UPDATE
Request:
TALK
Base Info:
{
  "agentIdx": 1,
  "myRole": "VILLAGER",
  "roleMap": {
    "1": "VILLAGER"
  },
  "day": 3,
  "remainTalkMap": {
    "1": 10,
    "2": 10,
    "3": 10,
    "4": 10,
    "5": 10,
    "7": 10,
    "8": 10,
    "10": 10,
    "11": 10,
    "12": 10,
    "15": 10
  },
  "remainWhisperMap": {},
  "statusMap": {
    "1": "ALIVE",
    "2": "ALIVE",
    "3": "ALIVE",
    "4": "ALIVE",
    "5": "ALIVE",
    "6": "DEAD",
    "7": "ALIVE",
    "8": "ALIVE",
    "9": "DEAD",
    "10": "ALIVE",
    "11": "ALIVE",
    "12": "ALIVE",
    "13": "DEAD",
    "14": "DEAD",
    "15": "ALIVE"
  }
}
Diff Data:
    day  type  idx  turn  agent  text
0     3  talk   12     1      1  Skip
1     3  talk   13     1      3  Skip
2     3  talk   14     1     11  Skip
3     3  talk   15     1     10  Skip
4     3  talk   16     1      4  Skip
5     3  talk   17     1     12  Skip
6     3  talk   18     1      2  Skip
7     3  talk   19     1      5  Skip
8     3  talk   20     1      7  Skip
9     3  talk   21     1      8  Skip
10    3  talk   22     2     10  Over
11    3  talk   23     2     11  Over
# TALK
# UPDATE
Request:
DAILY_FINISH
Base Info:
{
  "agentIdx": 1,
  "myRole": "VILLAGER",
  "roleMap": {
    "1": "VILLAGER"
  },
  "day": 3,
  "remainTalkMap": {
    "1": 10,
    "2": 10,
    "3": 10,
    "4": 10,
    "5": 10,
    "7": 10,
    "8": 10,
    "10": 10,
    "11": 10,
    "12": 10,
    "15": 10
  },
  "remainWhisperMap": {},
  "statusMap": {
    "1": "ALIVE",
    "2": "ALIVE",
    "3": "ALIVE",
    "4": "ALIVE",
    "5": "ALIVE",
    "6": "DEAD",
    "7": "ALIVE",
    "8": "ALIVE",
    "9": "DEAD",
    "10": "ALIVE",
    "11": "ALIVE",
    "12": "ALIVE",
    "13": "DEAD",
    "14": "DEAD",
    "15": "ALIVE"
  }
}
Diff Data:
   day  type  idx  turn  agent  text
0    3  talk   24     2      1  Over
1    3  talk   25     2      8  Over
2    3  talk   26     2     15  Over
3    3  talk   27     2      7  Over
4    3  talk   28     2     12  Over
5    3  talk   29     2      2  Over
6    3  talk   30     2      5  Over
7    3  talk   31     2      3  Over
8    3  talk   32     2      4  Over
# UPDATE
Request:
VOTE
Base Info:
{
  "agentIdx": 1,
  "myRole": "VILLAGER",
  "roleMap": {
    "1": "VILLAGER"
  },
  "day": 3,
  "remainTalkMap": {
    "1": 10,
    "2": 10,
    "3": 10,
    "4": 10,
    "5": 10,
    "7": 10,
    "8": 10,
    "10": 10,
    "11": 10,
    "12": 10,
    "15": 10
  },
  "remainWhisperMap": {},
  "statusMap": {
    "1": "ALIVE",
    "2": "ALIVE",
    "3": "ALIVE",
    "4": "ALIVE",
    "5": "ALIVE",
    "6": "DEAD",
    "7": "ALIVE",
    "8": "ALIVE",
    "9": "DEAD",
    "10": "ALIVE",
    "11": "ALIVE",
    "12": "ALIVE",
    "13": "DEAD",
    "14": "DEAD",
    "15": "ALIVE"
  }
}
Diff Data:
Empty DataFrame
Columns: [day, type, idx, turn, agent, text]
Index: []
# VOTE
# UPDATE
Request:
VOTE
Base Info:
{
  "agentIdx": 1,
  "myRole": "VILLAGER",
  "roleMap": {
    "1": "VILLAGER"
  },
  "day": 3,
  "remainTalkMap": {
    "1": 10,
    "2": 10,
    "3": 10,
    "4": 10,
    "5": 10,
    "7": 10,
    "8": 10,
    "10": 10,
    "11": 10,
    "12": 10,
    "15": 10
  },
  "remainWhisperMap": {},
  "statusMap": {
    "1": "ALIVE",
    "2": "ALIVE",
    "3": "ALIVE",
    "4": "ALIVE",
    "5": "ALIVE",
    "6": "DEAD",
    "7": "ALIVE",
    "8": "ALIVE",
    "9": "DEAD",
    "10": "ALIVE",
    "11": "ALIVE",
    "12": "ALIVE",
    "13": "DEAD",
    "14": "DEAD",
    "15": "ALIVE"
  }
}
Diff Data:
    day  type  idx  turn  agent            text
0     3  vote    1    -1      4  VOTE Agent[04]
1     3  vote    2    -1      3  VOTE Agent[03]
2     3  vote    3    -1     12  VOTE Agent[12]
3     3  vote    4    -1      3  VOTE Agent[03]
4     3  vote    5    -1      7  VOTE Agent[07]
5     3  vote    7    -1      8  VOTE Agent[08]
6     3  vote    8    -1     10  VOTE Agent[10]
7     3  vote   10    -1      4  VOTE Agent[04]
8     3  vote   11    -1     15  VOTE Agent[15]
9     3  vote   12    -1      8  VOTE Agent[08]
10    3  vote   15    -1     12  VOTE Agent[12]
# VOTE
# UPDATE
Request:
DAILY_INITIALIZE
Base Info:
{
  "agentIdx": 1,
  "myRole": "VILLAGER",
  "roleMap": {
    "1": "VILLAGER"
  },
  "day": 4,
  "remainTalkMap": {
    "1": 10,
    "2": 10,
    "3": 10,
    "5": 10,
    "7": 10,
    "8": 10,
    "11": 10,
    "12": 10,
    "15": 10
  },
  "remainWhisperMap": {},
  "statusMap": {
    "1": "ALIVE",
    "2": "ALIVE",
    "3": "ALIVE",
    "4": "DEAD",
    "5": "ALIVE",
    "6": "DEAD",
    "7": "ALIVE",
    "8": "ALIVE",
    "9": "DEAD",
    "10": "DEAD",
    "11": "ALIVE",
    "12": "ALIVE",
    "13": "DEAD",
    "14": "DEAD",
    "15": "ALIVE"
  }
}
Diff Data:
    day     type  idx  turn  agent            text
0     3     vote    1     0     12  VOTE Agent[12]
1     3     vote    2     0     10  VOTE Agent[10]
2     3     vote    3     0      5  VOTE Agent[05]
3     3     vote    4     0      1  VOTE Agent[01]
4     3     vote    5     0      1  VOTE Agent[01]
5     3     vote    7     0     11  VOTE Agent[11]
6     3     vote    8     0     10  VOTE Agent[10]
7     3     vote   10     0      2  VOTE Agent[02]
8     3     vote   11     0      7  VOTE Agent[07]
9     3     vote   12     0      4  VOTE Agent[04]
10    3     vote   15     0      8  VOTE Agent[08]
11    3  execute    0     0     10            Over
12    4     dead    0     0      4            Over
# DAYSTART
# UPDATE
Request:
TALK
Base Info:
{
  "agentIdx": 1,
  "myRole": "VILLAGER",
  "roleMap": {
    "1": "VILLAGER"
  },
  "day": 4,
  "remainTalkMap": {
    "1": 10,
    "2": 10,
    "3": 10,
    "5": 10,
    "7": 10,
    "8": 10,
    "11": 10,
    "12": 10,
    "15": 10
  },
  "remainWhisperMap": {},
  "statusMap": {
    "1": "ALIVE",
    "2": "ALIVE",
    "3": "ALIVE",
    "4": "DEAD",
    "5": "ALIVE",
    "6": "DEAD",
    "7": "ALIVE",
    "8": "ALIVE",
    "9": "DEAD",
    "10": "DEAD",
    "11": "ALIVE",
    "12": "ALIVE",
    "13": "DEAD",
    "14": "DEAD",
    "15": "ALIVE"
  }
}
Diff Data:
   day  type  idx  turn  agent  text
0    4  talk    0     0     12  Skip
1    4  talk    1     0     15  Skip
2    4  talk    2     0      7  Skip
3    4  talk    3     0      5  Skip
# TALK
# UPDATE
Request:
TALK
Base Info:
{
  "agentIdx": 1,
  "myRole": "VILLAGER",
  "roleMap": {
    "1": "VILLAGER"
  },
  "day": 4,
  "remainTalkMap": {
    "1": 10,
    "2": 10,
    "3": 10,
    "5": 10,
    "7": 10,
    "8": 10,
    "11": 10,
    "12": 10,
    "15": 10
  },
  "remainWhisperMap": {},
  "statusMap": {
    "1": "ALIVE",
    "2": "ALIVE",
    "3": "ALIVE",
    "4": "DEAD",
    "5": "ALIVE",
    "6": "DEAD",
    "7": "ALIVE",
    "8": "ALIVE",
    "9": "DEAD",
    "10": "DEAD",
    "11": "ALIVE",
    "12": "ALIVE",
    "13": "DEAD",
    "14": "DEAD",
    "15": "ALIVE"
  }
}
Diff Data:
    day  type  idx  turn  agent  text
0     4  talk    4     0      1  Skip
1     4  talk    5     0      8  Skip
2     4  talk    6     0      2  Skip
3     4  talk    7     0      3  Skip
4     4  talk    8     0     11  Skip
5     4  talk    9     1      2  Skip
6     4  talk   10     1     15  Skip
7     4  talk   11     1     12  Skip
8     4  talk   12     1      8  Skip
9     4  talk   13     1      5  Skip
10    4  talk   14     1      3  Skip
11    4  talk   15     1     11  Skip
12    4  talk   16     1      7  Skip
# TALK
# UPDATE
Request:
TALK
Base Info:
{
  "agentIdx": 1,
  "myRole": "VILLAGER",
  "roleMap": {
    "1": "VILLAGER"
  },
  "day": 4,
  "remainTalkMap": {
    "1": 10,
    "2": 10,
    "3": 10,
    "5": 10,
    "7": 10,
    "8": 10,
    "11": 10,
    "12": 10,
    "15": 10
  },
  "remainWhisperMap": {},
  "statusMap": {
    "1": "ALIVE",
    "2": "ALIVE",
    "3": "ALIVE",
    "4": "DEAD",
    "5": "ALIVE",
    "6": "DEAD",
    "7": "ALIVE",
    "8": "ALIVE",
    "9": "DEAD",
    "10": "DEAD",
    "11": "ALIVE",
    "12": "ALIVE",
    "13": "DEAD",
    "14": "DEAD",
    "15": "ALIVE"
  }
}
Diff Data:
   day  type  idx  turn  agent  text
0    4  talk   17     1      1  Skip
# TALK
# UPDATE
Request:
DAILY_FINISH
Base Info:
{
  "agentIdx": 1,
  "myRole": "VILLAGER",
  "roleMap": {
    "1": "VILLAGER"
  },
  "day": 4,
  "remainTalkMap": {
    "1": 10,
    "2": 10,
    "3": 10,
    "5": 10,
    "7": 10,
    "8": 10,
    "11": 10,
    "12": 10,
    "15": 10
  },
  "remainWhisperMap": {},
  "statusMap": {
    "1": "ALIVE",
    "2": "ALIVE",
    "3": "ALIVE",
    "4": "DEAD",
    "5": "ALIVE",
    "6": "DEAD",
    "7": "ALIVE",
    "8": "ALIVE",
    "9": "DEAD",
    "10": "DEAD",
    "11": "ALIVE",
    "12": "ALIVE",
    "13": "DEAD",
    "14": "DEAD",
    "15": "ALIVE"
  }
}
Diff Data:
   day  type  idx  turn  agent  text
0    4  talk   18     2      1  Over
1    4  talk   19     2     15  Over
2    4  talk   20     2      7  Over
3    4  talk   21     2      5  Over
4    4  talk   22     2     12  Over
5    4  talk   23     2      3  Over
6    4  talk   24     2      8  Over
7    4  talk   25     2     11  Over
8    4  talk   26     2      2  Over
# UPDATE
Request:
VOTE
Base Info:
{
  "agentIdx": 1,
  "myRole": "VILLAGER",
  "roleMap": {
    "1": "VILLAGER"
  },
  "day": 4,
  "remainTalkMap": {
    "1": 10,
    "2": 10,
    "3": 10,
    "5": 10,
    "7": 10,
    "8": 10,
    "11": 10,
    "12": 10,
    "15": 10
  },
  "remainWhisperMap": {},
  "statusMap": {
    "1": "ALIVE",
    "2": "ALIVE",
    "3": "ALIVE",
    "4": "DEAD",
    "5": "ALIVE",
    "6": "DEAD",
    "7": "ALIVE",
    "8": "ALIVE",
    "9": "DEAD",
    "10": "DEAD",
    "11": "ALIVE",
    "12": "ALIVE",
    "13": "DEAD",
    "14": "DEAD",
    "15": "ALIVE"
  }
}
Diff Data:
Empty DataFrame
Columns: [day, type, idx, turn, agent, text]
Index: []
# VOTE
# UPDATE
Request:
DAILY_INITIALIZE
Base Info:
{
  "agentIdx": 1,
  "myRole": "VILLAGER",
  "roleMap": {
    "1": "VILLAGER"
  },
  "day": 5,
  "remainTalkMap": {
    "1": 10,
    "3": 10,
    "5": 10,
    "7": 10,
    "11": 10,
    "12": 10,
    "15": 10
  },
  "remainWhisperMap": {},
  "statusMap": {
    "1": "ALIVE",
    "2": "DEAD",
    "3": "ALIVE",
    "4": "DEAD",
    "5": "ALIVE",
    "6": "DEAD",
    "7": "ALIVE",
    "8": "DEAD",
    "9": "DEAD",
    "10": "DEAD",
    "11": "ALIVE",
    "12": "ALIVE",
    "13": "DEAD",
    "14": "DEAD",
    "15": "ALIVE"
  }
}
Diff Data:
    day     type  idx  turn  agent            text
0     4     vote    1     0     12  VOTE Agent[12]
1     4     vote    2     0      8  VOTE Agent[08]
2     4     vote    3     0      8  VOTE Agent[08]
3     4     vote    5     0     15  VOTE Agent[15]
4     4     vote    7     0     15  VOTE Agent[15]
5     4     vote    8     0      7  VOTE Agent[07]
6     4     vote   11     0      8  VOTE Agent[08]
7     4     vote   12     0      8  VOTE Agent[08]
8     4     vote   15     0      1  VOTE Agent[01]
9     4  execute    0     0      8            Over
10    5     dead    0     0      2            Over
# DAYSTART
# UPDATE
Request:
TALK
Base Info:
{
  "agentIdx": 1,
  "myRole": "VILLAGER",
  "roleMap": {
    "1": "VILLAGER"
  },
  "day": 5,
  "remainTalkMap": {
    "1": 10,
    "3": 10,
    "5": 10,
    "7": 10,
    "11": 10,
    "12": 10,
    "15": 10
  },
  "remainWhisperMap": {},
  "statusMap": {
    "1": "ALIVE",
    "2": "DEAD",
    "3": "ALIVE",
    "4": "DEAD",
    "5": "ALIVE",
    "6": "DEAD",
    "7": "ALIVE",
    "8": "DEAD",
    "9": "DEAD",
    "10": "DEAD",
    "11": "ALIVE",
    "12": "ALIVE",
    "13": "DEAD",
    "14": "DEAD",
    "15": "ALIVE"
  }
}
Diff Data:
   day  type  idx  turn  agent  text
0    5  talk    0     0      3  Skip
1    5  talk    1     0     11  Skip
# TALK
# UPDATE
Request:
TALK
Base Info:
{
  "agentIdx": 1,
  "myRole": "VILLAGER",
  "roleMap": {
    "1": "VILLAGER"
  },
  "day": 5,
  "remainTalkMap": {
    "1": 10,
    "3": 10,
    "5": 10,
    "7": 10,
    "11": 10,
    "12": 10,
    "15": 10
  },
  "remainWhisperMap": {},
  "statusMap": {
    "1": "ALIVE",
    "2": "DEAD",
    "3": "ALIVE",
    "4": "DEAD",
    "5": "ALIVE",
    "6": "DEAD",
    "7": "ALIVE",
    "8": "DEAD",
    "9": "DEAD",
    "10": "DEAD",
    "11": "ALIVE",
    "12": "ALIVE",
    "13": "DEAD",
    "14": "DEAD",
    "15": "ALIVE"
  }
}
Diff Data:
   day  type  idx  turn  agent  text
0    5  talk    2     0      1  Skip
1    5  talk    3     0     15  Skip
2    5  talk    4     0      7  Skip
3    5  talk    5     0     12  Skip
4    5  talk    6     0      5  Skip
5    5  talk    7     1     15  Skip
6    5  talk    8     1      5  Skip
7    5  talk    9     1     11  Skip
8    5  talk   10     1     12  Skip
# TALK
# UPDATE
Request:
TALK
Base Info:
{
  "agentIdx": 1,
  "myRole": "VILLAGER",
  "roleMap": {
    "1": "VILLAGER"
  },
  "day": 5,
  "remainTalkMap": {
    "1": 10,
    "3": 10,
    "5": 10,
    "7": 10,
    "11": 10,
    "12": 10,
    "15": 10
  },
  "remainWhisperMap": {},
  "statusMap": {
    "1": "ALIVE",
    "2": "DEAD",
    "3": "ALIVE",
    "4": "DEAD",
    "5": "ALIVE",
    "6": "DEAD",
    "7": "ALIVE",
    "8": "DEAD",
    "9": "DEAD",
    "10": "DEAD",
    "11": "ALIVE",
    "12": "ALIVE",
    "13": "DEAD",
    "14": "DEAD",
    "15": "ALIVE"
  }
}
Diff Data:
   day  type  idx  turn  agent  text
0    5  talk   11     1      1  Skip
1    5  talk   12     1      3  Skip
2    5  talk   13     1      7  Skip
# TALK
# UPDATE
Request:
DAILY_FINISH
Base Info:
{
  "agentIdx": 1,
  "myRole": "VILLAGER",
  "roleMap": {
    "1": "VILLAGER"
  },
  "day": 5,
  "remainTalkMap": {
    "1": 10,
    "3": 10,
    "5": 10,
    "7": 10,
    "11": 10,
    "12": 10,
    "15": 10
  },
  "remainWhisperMap": {},
  "statusMap": {
    "1": "ALIVE",
    "2": "DEAD",
    "3": "ALIVE",
    "4": "DEAD",
    "5": "ALIVE",
    "6": "DEAD",
    "7": "ALIVE",
    "8": "DEAD",
    "9": "DEAD",
    "10": "DEAD",
    "11": "ALIVE",
    "12": "ALIVE",
    "13": "DEAD",
    "14": "DEAD",
    "15": "ALIVE"
  }
}
Diff Data:
   day  type  idx  turn  agent  text
0    5  talk   14     2      1  Over
1    5  talk   15     2     15  Over
2    5  talk   16     2      3  Over
3    5  talk   17     2     12  Over
4    5  talk   18     2     11  Over
5    5  talk   19     2      5  Over
6    5  talk   20     2      7  Over
# UPDATE
Request:
VOTE
Base Info:
{
  "agentIdx": 1,
  "myRole": "VILLAGER",
  "roleMap": {
    "1": "VILLAGER"
  },
  "day": 5,
  "remainTalkMap": {
    "1": 10,
    "3": 10,
    "5": 10,
    "7": 10,
    "11": 10,
    "12": 10,
    "15": 10
  },
  "remainWhisperMap": {},
  "statusMap": {
    "1": "ALIVE",
    "2": "DEAD",
    "3": "ALIVE",
    "4": "DEAD",
    "5": "ALIVE",
    "6": "DEAD",
    "7": "ALIVE",
    "8": "DEAD",
    "9": "DEAD",
    "10": "DEAD",
    "11": "ALIVE",
    "12": "ALIVE",
    "13": "DEAD",
    "14": "DEAD",
    "15": "ALIVE"
  }
}
Diff Data:
Empty DataFrame
Columns: [day, type, idx, turn, agent, text]
Index: []
# VOTE
# UPDATE
Request:
DAILY_INITIALIZE
Base Info:
{
  "agentIdx": 1,
  "myRole": "VILLAGER",
  "roleMap": {
    "1": "VILLAGER"
  },
  "day": 6,
  "remainTalkMap": {
    "1": 10,
    "3": 10,
    "5": 10,
    "11": 10,
    "12": 10
  },
  "remainWhisperMap": {},
  "statusMap": {
    "1": "ALIVE",
    "2": "DEAD",
    "3": "ALIVE",
    "4": "DEAD",
    "5": "ALIVE",
    "6": "DEAD",
    "7": "DEAD",
    "8": "DEAD",
    "9": "DEAD",
    "10": "DEAD",
    "11": "ALIVE",
    "12": "ALIVE",
    "13": "DEAD",
    "14": "DEAD",
    "15": "DEAD"
  }
}
Diff Data:
   day     type  idx  turn  agent            text
0    5     vote    1     0      3  VOTE Agent[03]
1    5     vote    3     0      7  VOTE Agent[07]
2    5     vote    5     0      7  VOTE Agent[07]
3    5     vote    7     0     11  VOTE Agent[11]
4    5     vote   11     0     15  VOTE Agent[15]
5    5     vote   12     0      7  VOTE Agent[07]
6    5     vote   15     0      3  VOTE Agent[03]
7    5  execute    0     0      7            Over
8    6     dead    0     0     15            Over
# DAYSTART
# UPDATE
Request:
TALK
Base Info:
{
  "agentIdx": 1,
  "myRole": "VILLAGER",
  "roleMap": {
    "1": "VILLAGER"
  },
  "day": 6,
  "remainTalkMap": {
    "1": 10,
    "3": 10,
    "5": 10,
    "11": 10,
    "12": 10
  },
  "remainWhisperMap": {},
  "statusMap": {
    "1": "ALIVE",
    "2": "DEAD",
    "3": "ALIVE",
    "4": "DEAD",
    "5": "ALIVE",
    "6": "DEAD",
    "7": "DEAD",
    "8": "DEAD",
    "9": "DEAD",
    "10": "DEAD",
    "11": "ALIVE",
    "12": "ALIVE",
    "13": "DEAD",
    "14": "DEAD",
    "15": "DEAD"
  }
}
Diff Data:
   day  type  idx  turn  agent  text
0    6  talk    0     0     11  Skip
1    6  talk    1     0      3  Skip
2    6  talk    2     0      5  Skip
# TALK
# UPDATE
Request:
TALK
Base Info:
{
  "agentIdx": 1,
  "myRole": "VILLAGER",
  "roleMap": {
    "1": "VILLAGER"
  },
  "day": 6,
  "remainTalkMap": {
    "1": 10,
    "3": 10,
    "5": 10,
    "11": 10,
    "12": 10
  },
  "remainWhisperMap": {},
  "statusMap": {
    "1": "ALIVE",
    "2": "DEAD",
    "3": "ALIVE",
    "4": "DEAD",
    "5": "ALIVE",
    "6": "DEAD",
    "7": "DEAD",
    "8": "DEAD",
    "9": "DEAD",
    "10": "DEAD",
    "11": "ALIVE",
    "12": "ALIVE",
    "13": "DEAD",
    "14": "DEAD",
    "15": "DEAD"
  }
}
Diff Data:
   day  type  idx  turn  agent  text
0    6  talk    3     0      1  Skip
1    6  talk    4     0     12  Skip
2    6  talk    5     1     12  Skip
3    6  talk    6     1      3  Skip
# TALK
# UPDATE
Request:
TALK
Base Info:
{
  "agentIdx": 1,
  "myRole": "VILLAGER",
  "roleMap": {
    "1": "VILLAGER"
  },
  "day": 6,
  "remainTalkMap": {
    "1": 10,
    "3": 10,
    "5": 10,
    "11": 10,
    "12": 10
  },
  "remainWhisperMap": {},
  "statusMap": {
    "1": "ALIVE",
    "2": "DEAD",
    "3": "ALIVE",
    "4": "DEAD",
    "5": "ALIVE",
    "6": "DEAD",
    "7": "DEAD",
    "8": "DEAD",
    "9": "DEAD",
    "10": "DEAD",
    "11": "ALIVE",
    "12": "ALIVE",
    "13": "DEAD",
    "14": "DEAD",
    "15": "DEAD"
  }
}
Diff Data:
   day  type  idx  turn  agent  text
0    6  talk    7     1      1  Skip
1    6  talk    8     1     11  Skip
2    6  talk    9     1      5  Skip
3    6  talk   10     2     12  Over
4    6  talk   11     2      5  Over
5    6  talk   12     2     11  Over
6    6  talk   13     2      3  Over
# TALK
# UPDATE
Request:
DAILY_FINISH
Base Info:
{
  "agentIdx": 1,
  "myRole": "VILLAGER",
  "roleMap": {
    "1": "VILLAGER"
  },
  "day": 6,
  "remainTalkMap": {
    "1": 10,
    "3": 10,
    "5": 10,
    "11": 10,
    "12": 10
  },
  "remainWhisperMap": {},
  "statusMap": {
    "1": "ALIVE",
    "2": "DEAD",
    "3": "ALIVE",
    "4": "DEAD",
    "5": "ALIVE",
    "6": "DEAD",
    "7": "DEAD",
    "8": "DEAD",
    "9": "DEAD",
    "10": "DEAD",
    "11": "ALIVE",
    "12": "ALIVE",
    "13": "DEAD",
    "14": "DEAD",
    "15": "DEAD"
  }
}
Diff Data:
   day  type  idx  turn  agent  text
0    6  talk   14     2      1  Over
# UPDATE
Request:
VOTE
Base Info:
{
  "agentIdx": 1,
  "myRole": "VILLAGER",
  "roleMap": {
    "1": "VILLAGER"
  },
  "day": 6,
  "remainTalkMap": {
    "1": 10,
    "3": 10,
    "5": 10,
    "11": 10,
    "12": 10
  },
  "remainWhisperMap": {},
  "statusMap": {
    "1": "ALIVE",
    "2": "DEAD",
    "3": "ALIVE",
    "4": "DEAD",
    "5": "ALIVE",
    "6": "DEAD",
    "7": "DEAD",
    "8": "DEAD",
    "9": "DEAD",
    "10": "DEAD",
    "11": "ALIVE",
    "12": "ALIVE",
    "13": "DEAD",
    "14": "DEAD",
    "15": "DEAD"
  }
}
Diff Data:
Empty DataFrame
Columns: [day, type, idx, turn, agent, text]
Index: []
# VOTE
# UPDATE
Request:
DAILY_INITIALIZE
Base Info:
{
  "agentIdx": 1,
  "myRole": "VILLAGER",
  "roleMap": {
    "1": "VILLAGER"
  },
  "day": 7,
  "remainTalkMap": {
    "1": 10,
    "3": 10,
    "5": 10
  },
  "remainWhisperMap": {},
  "statusMap": {
    "1": "ALIVE",
    "2": "DEAD",
    "3": "ALIVE",
    "4": "DEAD",
    "5": "ALIVE",
    "6": "DEAD",
    "7": "DEAD",
    "8": "DEAD",
    "9": "DEAD",
    "10": "DEAD",
    "11": "DEAD",
    "12": "DEAD",
    "13": "DEAD",
    "14": "DEAD",
    "15": "DEAD"
  }
}
Diff Data:
   day     type  idx  turn  agent            text
0    6     vote    1     0     12  VOTE Agent[12]
1    6     vote    3     0     11  VOTE Agent[11]
2    6     vote    5     0     12  VOTE Agent[12]
3    6     vote   11     0     12  VOTE Agent[12]
4    6     vote   12     0      1  VOTE Agent[01]
5    6  execute    0     0     12            Over
6    7     dead    0     0     11            Over
# DAYSTART
# UPDATE
Request:
TALK
Base Info:
{
  "agentIdx": 1,
  "myRole": "VILLAGER",
  "roleMap": {
    "1": "VILLAGER"
  },
  "day": 7,
  "remainTalkMap": {
    "1": 10,
    "3": 10,
    "5": 10
  },
  "remainWhisperMap": {},
  "statusMap": {
    "1": "ALIVE",
    "2": "DEAD",
    "3": "ALIVE",
    "4": "DEAD",
    "5": "ALIVE",
    "6": "DEAD",
    "7": "DEAD",
    "8": "DEAD",
    "9": "DEAD",
    "10": "DEAD",
    "11": "DEAD",
    "12": "DEAD",
    "13": "DEAD",
    "14": "DEAD",
    "15": "DEAD"
  }
}
Diff Data:
   day  type  idx  turn  agent  text
0    7  talk    0     0      3  Skip
1    7  talk    1     0      5  Skip
# TALK
# UPDATE
Request:
TALK
Base Info:
{
  "agentIdx": 1,
  "myRole": "VILLAGER",
  "roleMap": {
    "1": "VILLAGER"
  },
  "day": 7,
  "remainTalkMap": {
    "1": 10,
    "3": 10,
    "5": 10
  },
  "remainWhisperMap": {},
  "statusMap": {
    "1": "ALIVE",
    "2": "DEAD",
    "3": "ALIVE",
    "4": "DEAD",
    "5": "ALIVE",
    "6": "DEAD",
    "7": "DEAD",
    "8": "DEAD",
    "9": "DEAD",
    "10": "DEAD",
    "11": "DEAD",
    "12": "DEAD",
    "13": "DEAD",
    "14": "DEAD",
    "15": "DEAD"
  }
}
Diff Data:
   day  type  idx  turn  agent  text
0    7  talk    2     0      1  Skip
1    7  talk    3     1      3  Skip
# TALK
# UPDATE
Request:
TALK
Base Info:
{
  "agentIdx": 1,
  "myRole": "VILLAGER",
  "roleMap": {
    "1": "VILLAGER"
  },
  "day": 7,
  "remainTalkMap": {
    "1": 10,
    "3": 10,
    "5": 10
  },
  "remainWhisperMap": {},
  "statusMap": {
    "1": "ALIVE",
    "2": "DEAD",
    "3": "ALIVE",
    "4": "DEAD",
    "5": "ALIVE",
    "6": "DEAD",
    "7": "DEAD",
    "8": "DEAD",
    "9": "DEAD",
    "10": "DEAD",
    "11": "DEAD",
    "12": "DEAD",
    "13": "DEAD",
    "14": "DEAD",
    "15": "DEAD"
  }
}
Diff Data:
   day  type  idx  turn  agent  text
0    7  talk    4     1      1  Skip
1    7  talk    5     1      5  Skip
# TALK
# UPDATE
Request:
DAILY_FINISH
Base Info:
{
  "agentIdx": 1,
  "myRole": "VILLAGER",
  "roleMap": {
    "1": "VILLAGER"
  },
  "day": 7,
  "remainTalkMap": {
    "1": 10,
    "3": 10,
    "5": 10
  },
  "remainWhisperMap": {},
  "statusMap": {
    "1": "ALIVE",
    "2": "DEAD",
    "3": "ALIVE",
    "4": "DEAD",
    "5": "ALIVE",
    "6": "DEAD",
    "7": "DEAD",
    "8": "DEAD",
    "9": "DEAD",
    "10": "DEAD",
    "11": "DEAD",
    "12": "DEAD",
    "13": "DEAD",
    "14": "DEAD",
    "15": "DEAD"
  }
}
Diff Data:
   day  type  idx  turn  agent  text
0    7  talk    6     2      1  Over
1    7  talk    7     2      5  Over
2    7  talk    8     2      3  Over
# UPDATE
Request:
VOTE
Base Info:
{
  "agentIdx": 1,
  "myRole": "VILLAGER",
  "roleMap": {
    "1": "VILLAGER"
  },
  "day": 7,
  "remainTalkMap": {
    "1": 10,
    "3": 10,
    "5": 10
  },
  "remainWhisperMap": {},
  "statusMap": {
    "1": "ALIVE",
    "2": "DEAD",
    "3": "ALIVE",
    "4": "DEAD",
    "5": "ALIVE",
    "6": "DEAD",
    "7": "DEAD",
    "8": "DEAD",
    "9": "DEAD",
    "10": "DEAD",
    "11": "DEAD",
    "12": "DEAD",
    "13": "DEAD",
    "14": "DEAD",
    "15": "DEAD"
  }
}
Diff Data:
Empty DataFrame
Columns: [day, type, idx, turn, agent, text]
Index: []
# VOTE
# UPDATE
Request:
VOTE
Base Info:
{
  "agentIdx": 1,
  "myRole": "VILLAGER",
  "roleMap": {
    "1": "VILLAGER"
  },
  "day": 7,
  "remainTalkMap": {
    "1": 10,
    "3": 10,
    "5": 10
  },
  "remainWhisperMap": {},
  "statusMap": {
    "1": "ALIVE",
    "2": "DEAD",
    "3": "ALIVE",
    "4": "DEAD",
    "5": "ALIVE",
    "6": "DEAD",
    "7": "DEAD",
    "8": "DEAD",
    "9": "DEAD",
    "10": "DEAD",
    "11": "DEAD",
    "12": "DEAD",
    "13": "DEAD",
    "14": "DEAD",
    "15": "DEAD"
  }
}
Diff Data:
   day  type  idx  turn  agent            text
0    7  vote    1    -1      3  VOTE Agent[03]
1    7  vote    3    -1      5  VOTE Agent[05]
2    7  vote    5    -1      1  VOTE Agent[01]
# VOTE
# UPDATE
Request:
FINISH
Base Info:
{
  "agentIdx": 1,
  "myRole": "VILLAGER",
  "roleMap": {
    "1": "VILLAGER"
  },
  "day": 8,
  "remainTalkMap": {
    "3": 10
  },
  "remainWhisperMap": {},
  "statusMap": {
    "1": "DEAD",
    "2": "DEAD",
    "3": "ALIVE",
    "4": "DEAD",
    "5": "DEAD",
    "6": "DEAD",
    "7": "DEAD",
    "8": "DEAD",
    "9": "DEAD",
    "10": "DEAD",
    "11": "DEAD",
    "12": "DEAD",
    "13": "DEAD",
    "14": "DEAD",
    "15": "DEAD"
  }
}
Diff Data:
    day    type  idx  turn  agent                           text
0     8  finish    1     0      1   COMINGOUT Agent[01] VILLAGER
1     8  finish    2     0      2   COMINGOUT Agent[02] VILLAGER
2     8  finish    3     0      3   COMINGOUT Agent[03] WEREWOLF
3     8  finish    4     0      4   COMINGOUT Agent[04] VILLAGER
4     8  finish    5     0      5       COMINGOUT Agent[05] SEER
5     8  finish    6     0      6   COMINGOUT Agent[06] VILLAGER
6     8  finish    7     0      7   COMINGOUT Agent[07] WEREWOLF
7     8  finish    8     0      8   COMINGOUT Agent[08] VILLAGER
8     8  finish    9     0      9   COMINGOUT Agent[09] VILLAGER
9     8  finish   10     0     10   COMINGOUT Agent[10] VILLAGER
10    8  finish   11     0     11   COMINGOUT Agent[11] VILLAGER
11    8  finish   12     0     12   COMINGOUT Agent[12] WEREWOLF
12    8  finish   13     0     13     COMINGOUT Agent[13] MEDIUM
13    8  finish   14     0     14  COMINGOUT Agent[14] POSSESSED
14    8  finish   15     0     15  COMINGOUT Agent[15] BODYGUARD
