# INITIALIZE
Game Setting:
{
  "enableNoAttack": false,
  "enableNoExecution": false,
  "enableRoleRequest": true,
  "maxAttackRevote": 1,
  "maxRevote": 1,
  "maxSkip": 2,
  "maxTalk": 10,
  "maxTalkTurn": 20,
  "maxWhisper": 10,
  "maxWhisperTurn": 20,
  "playerNum": 15,
  "randomSeed": 1652576380963382653,
  "roleNumMap": {
    "BODYGUARD": 1,
    "ANY": 0,
    "VILLAGER": 8,
    "SEER": 1,
    "FOX": 0,
    "WEREWOLF": 3,
    "FREEMASON": 0,
    "MEDIUM": 1,
    "POSSESSED": 1
  },
  "talkOnFirstDay": false,
  "timeLimit": -1,
  "validateUtterance": true,
  "votableInFirstDay": false,
  "voteVisible": true,
  "whisperBeforeRevote": false
}
Base Info:
{
  "agentIdx": 1,
  "myRole": "SEER",
  "roleMap": {
    "1": "SEER"
  },
  "day": 0,
  "remainTalkMap": {
    "1": 10,
    "2": 10,
    "3": 10,
    "4": 10,
    "5": 10,
    "6": 10,
    "7": 10,
    "8": 10,
    "9": 10,
    "10": 10,
    "11": 10,
    "12": 10,
    "13": 10,
    "14": 10,
    "15": 10
  },
  "remainWhisperMap": {},
  "statusMap": {
    "1": "ALIVE",
    "2": "ALIVE",
    "3": "ALIVE",
    "4": "ALIVE",
    "5": "ALIVE",
    "6": "ALIVE",
    "7": "ALIVE",
    "8": "ALIVE",
    "9": "ALIVE",
    "10": "ALIVE",
    "11": "ALIVE",
    "12": "ALIVE",
    "13": "ALIVE",
    "14": "ALIVE",
    "15": "ALIVE"
  }
}
Diff Data:
   day        type  idx  turn  agent                      text
0    0  initialize    1     0      1  COMINGOUT Agent[01] SEER
# UPDATE
Request:
DAILY_INITIALIZE
Base Info:
{
  "agentIdx": 1,
  "myRole": "SEER",
  "roleMap": {
    "1": "SEER"
  },
  "day": 0,
  "remainTalkMap": {
    "1": 10,
    "2": 10,
    "3": 10,
    "4": 10,
    "5": 10,
    "6": 10,
    "7": 10,
    "8": 10,
    "9": 10,
    "10": 10,
    "11": 10,
    "12": 10,
    "13": 10,
    "14": 10,
    "15": 10
  },
  "remainWhisperMap": {},
  "statusMap": {
    "1": "ALIVE",
    "2": "ALIVE",
    "3": "ALIVE",
    "4": "ALIVE",
    "5": "ALIVE",
    "6": "ALIVE",
    "7": "ALIVE",
    "8": "ALIVE",
    "9": "ALIVE",
    "10": "ALIVE",
    "11": "ALIVE",
    "12": "ALIVE",
    "13": "ALIVE",
    "14": "ALIVE",
    "15": "ALIVE"
  }
}
Diff Data:
Empty DataFrame
Columns: [day, type, idx, turn, agent, text]
Index: []
# DAYSTART
# UPDATE
Request:
DAILY_FINISH
Base Info:
{
  "agentIdx": 1,
  "myRole": "SEER",
  "roleMap": {
    "1": "SEER"
  },
  "day": 0,
  "remainTalkMap": {
    "1": 10,
    "2": 10,
    "3": 10,
    "4": 10,
    "5": 10,
    "6": 10,
    "7": 10,
    "8": 10,
    "9": 10,
    "10": 10,
    "11": 10,
    "12": 10,
    "13": 10,
    "14": 10,
    "15": 10
  },
  "remainWhisperMap": {},
  "statusMap": {
    "1": "ALIVE",
    "2": "ALIVE",
    "3": "ALIVE",
    "4": "ALIVE",
    "5": "ALIVE",
    "6": "ALIVE",
    "7": "ALIVE",
    "8": "ALIVE",
    "9": "ALIVE",
    "10": "ALIVE",
    "11": "ALIVE",
    "12": "ALIVE",
    "13": "ALIVE",
    "14": "ALIVE",
    "15": "ALIVE"
  }
}
Diff Data:
Empty DataFrame
Columns: [day, type, idx, turn, agent, text]
Index: []
# UPDATE
Request:
DIVINE
Base Info:
{
  "agentIdx": 1,
  "myRole": "SEER",
  "roleMap": {
    "1": "SEER"
  },
  "day": 0,
  "remainTalkMap": {
    "1": 10,
    "2": 10,
    "3": 10,
    "4": 10,
    "5": 10,
    "6": 10,
    "7": 10,
    "8": 10,
    "9": 10,
    "10": 10,
    "11": 10,
    "12": 10,
    "13": 10,
    "14": 10,
    "15": 10
  },
  "remainWhisperMap": {},
  "statusMap": {
    "1": "ALIVE",
    "2": "ALIVE",
    "3": "ALIVE",
    "4": "ALIVE",
    "5": "ALIVE",
    "6": "ALIVE",
    "7": "ALIVE",
    "8": "ALIVE",
    "9": "ALIVE",
    "10": "ALIVE",
    "11": "ALIVE",
    "12": "ALIVE",
    "13": "ALIVE",
    "14": "ALIVE",
    "15": "ALIVE"
  }
}
Diff Data:
Empty DataFrame
Columns: [day, type, idx, turn, agent, text]
Index: []
# UPDATE
Request:
DAILY_INITIALIZE
Base Info:
{
  "agentIdx": 1,
  "myRole": "SEER",
  "roleMap": {
    "1": "SEER"
  },
  "day": 1,
  "remainTalkMap": {
    "1": 10,
    "2": 10,
    "3": 10,
    "4": 10,
    "5": 10,
    "6": 10,
    "7": 10,
    "8": 10,
    "9": 10,
    "10": 10,
    "11": 10,
    "12": 10,
    "13": 10,
    "14": 10,
    "15": 10
  },
  "remainWhisperMap": {},
  "statusMap": {
    "1": "ALIVE",
    "2": "ALIVE",
    "3": "ALIVE",
    "4": "ALIVE",
    "5": "ALIVE",
    "6": "ALIVE",
    "7": "ALIVE",
    "8": "ALIVE",
    "9": "ALIVE",
    "10": "ALIVE",
    "11": "ALIVE",
    "12": "ALIVE",
    "13": "ALIVE",
    "14": "ALIVE",
    "15": "ALIVE"
  }
}
Diff Data:
   day    type  idx  turn  agent                     text
0    0  divine    1     0      9  DIVINED Agent[09] HUMAN
# DAYSTART
# UPDATE
Request:
TALK
Base Info:
{
  "agentIdx": 1,
  "myRole": "SEER",
  "roleMap": {
    "1": "SEER"
  },
  "day": 1,
  "remainTalkMap": {
    "1": 10,
    "2": 10,
    "3": 10,
    "4": 10,
    "5": 10,
    "6": 10,
    "7": 10,
    "8": 10,
    "9": 10,
    "10": 10,
    "11": 10,
    "12": 10,
    "13": 10,
    "14": 10,
    "15": 10
  },
  "remainWhisperMap": {},
  "statusMap": {
    "1": "ALIVE",
    "2": "ALIVE",
    "3": "ALIVE",
    "4": "ALIVE",
    "5": "ALIVE",
    "6": "ALIVE",
    "7": "ALIVE",
    "8": "ALIVE",
    "9": "ALIVE",
    "10": "ALIVE",
    "11": "ALIVE",
    "12": "ALIVE",
    "13": "ALIVE",
    "14": "ALIVE",
    "15": "ALIVE"
  }
}
Diff Data:
   day  type  idx  turn  agent  text
0    1  talk    0     0      3  Skip
# UPDATE
Request:
TALK
Base Info:
{
  "agentIdx": 1,
  "myRole": "SEER",
  "roleMap": {
    "1": "SEER"
  },
  "day": 1,
  "remainTalkMap": {
    "1": 10,
    "2": 10,
    "3": 10,
    "4": 10,
    "5": 10,
    "6": 10,
    "7": 10,
    "8": 10,
    "9": 10,
    "10": 10,
    "11": 10,
    "12": 10,
    "13": 10,
    "14": 10,
    "15": 10
  },
  "remainWhisperMap": {},
  "statusMap": {
    "1": "ALIVE",
    "2": "ALIVE",
    "3": "ALIVE",
    "4": "ALIVE",
    "5": "ALIVE",
    "6": "ALIVE",
    "7": "ALIVE",
    "8": "ALIVE",
    "9": "ALIVE",
    "10": "ALIVE",
    "11": "ALIVE",
    "12": "ALIVE",
    "13": "ALIVE",
    "14": "ALIVE",
    "15": "ALIVE"
  }
}
Diff Data:
    day  type  idx  turn  agent                                text
0     1  talk    1     0      1  Agent[01] COMINGOUT Agent[01] SEER
1     1  talk    2     0     14                                Skip
2     1  talk    3     0     15                                Skip
3     1  talk    4     0      2                                Skip
4     1  talk    5     0      5                                Skip
5     1  talk    6     0      4                                Skip
6     1  talk    7     0      6                                Skip
7     1  talk    8     0     10                                Skip
8     1  talk    9     0     13                                Skip
9     1  talk   10     0      8                                Skip
10    1  talk   11     0     12                                Skip
11    1  talk   12     0      7                                Skip
12    1  talk   13     0     11                                Skip
13    1  talk   14     0      9                                Skip
14    1  talk   15     1      9                                Skip
15    1  talk   16     1      6                                Skip
16    1  talk   17     1     10                                Skip
17    1  talk   18     1     12                                Skip
18    1  talk   19     1     13                                Skip
19    1  talk   20     1      5                                Skip
20    1  talk   21     1     15                                Skip
21    1  talk   22     1     14                                Skip
22    1  talk   23     1      2                                Skip
23    1  talk   24     1     11                                Skip
24    1  talk   25     1      3                                Skip
25    1  talk   26     1      8                                Skip
26    1  talk   27     1      4                                Skip
27    1  talk   28     1      7                                Skip
# UPDATE
Request:
TALK
Base Info:
{
  "agentIdx": 1,
  "myRole": "SEER",
  "roleMap": {
    "1": "SEER"
  },
  "day": 1,
  "remainTalkMap": {
    "1": 10,
    "2": 10,
    "3": 10,
    "4": 10,
    "5": 10,
    "6": 10,
    "7": 10,
    "8": 10,
    "9": 10,
    "10": 10,
    "11": 10,
    "12": 10,
    "13": 10,
    "14": 10,
    "15": 10
  },
  "remainWhisperMap": {},
  "statusMap": {
    "1": "ALIVE",
    "2": "ALIVE",
    "3": "ALIVE",
    "4": "ALIVE",
    "5": "ALIVE",
    "6": "ALIVE",
    "7": "ALIVE",
    "8": "ALIVE",
    "9": "ALIVE",
    "10": "ALIVE",
    "11": "ALIVE",
    "12": "ALIVE",
    "13": "ALIVE",
    "14": "ALIVE",
    "15": "ALIVE"
  }
}
Diff Data:
   day  type  idx  turn  agent  text
0    1  talk   29     1      1  Skip
# UPDATE
Request:
TALK
Base Info:
{
  "agentIdx": 1,
  "myRole": "SEER",
  "roleMap": {
    "1": "SEER"
  },
  "day": 1,
  "remainTalkMap": {
    "1": 10,
    "2": 10,
    "3": 10,
    "4": 10,
    "5": 10,
    "6": 10,
    "7": 10,
    "8": 10,
    "9": 10,
    "10": 10,
    "11": 10,
    "12": 10,
    "13": 10,
    "14": 10,
    "15": 10
  },
  "remainWhisperMap": {},
  "statusMap": {
    "1": "ALIVE",
    "2": "ALIVE",
    "3": "ALIVE",
    "4": "ALIVE",
    "5": "ALIVE",
    "6": "ALIVE",
    "7": "ALIVE",
    "8": "ALIVE",
    "9": "ALIVE",
    "10": "ALIVE",
    "11": "ALIVE",
    "12": "ALIVE",
    "13": "ALIVE",
    "14": "ALIVE",
    "15": "ALIVE"
  }
}
Diff Data:
    day  type  idx  turn  agent  text
0     1  talk   30     2      1  Skip
1     1  talk   31     2     13  Over
2     1  talk   32     2      4  Over
3     1  talk   33     2     11  Over
4     1  talk   34     2      8  Over
5     1  talk   35     2      5  Over
6     1  talk   36     2     14  Over
7     1  talk   37     2      7  Over
8     1  talk   38     2      6  Over
9     1  talk   39     2     15  Over
10    1  talk   40     2     12  Over
11    1  talk   41     2      3  Over
12    1  talk   42     2      9  Over
13    1  talk   43     2      2  Over
14    1  talk   44     2     10  Over
15    1  talk   45     3      5  Over
16    1  talk   46     3     13  Over
17    1  talk   47     3     12  Over
18    1  talk   48     3     10  Over
19    1  talk   49     3      7  Over
20    1  talk   50     3      9  Over
21    1  talk   51     3      2  Over
22    1  talk   52     3      4  Over
23    1  talk   53     3     11  Over
24    1  talk   54     3     14  Over
25    1  talk   55     3      8  Over
26    1  talk   56     3      3  Over
27    1  talk   57     3     15  Over
# UPDATE
Request:
DAILY_FINISH
Base Info:
{
  "agentIdx": 1,
  "myRole": "SEER",
  "roleMap": {
    "1": "SEER"
  },
  "day": 1,
  "remainTalkMap": {
    "1": 10,
    "2": 10,
    "3": 10,
    "4": 10,
    "5": 10,
    "6": 10,
    "7": 10,
    "8": 10,
    "9": 10,
    "10": 10,
    "11": 10,
    "12": 10,
    "13": 10,
    "14": 10,
    "15": 10
  },
  "remainWhisperMap": {},
  "statusMap": {
    "1": "ALIVE",
    "2": "ALIVE",
    "3": "ALIVE",
    "4": "ALIVE",
    "5": "ALIVE",
    "6": "ALIVE",
    "7": "ALIVE",
    "8": "ALIVE",
    "9": "ALIVE",
    "10": "ALIVE",
    "11": "ALIVE",
    "12": "ALIVE",
    "13": "ALIVE",
    "14": "ALIVE",
    "15": "ALIVE"
  }
}
Diff Data:
   day  type  idx  turn  agent  text
0    1  talk   58     3      1  Over
1    1  talk   59     3      6  Over
# UPDATE
Request:
VOTE
Base Info:
{
  "agentIdx": 1,
  "myRole": "SEER",
  "roleMap": {
    "1": "SEER"
  },
  "day": 1,
  "remainTalkMap": {
    "1": 10,
    "2": 10,
    "3": 10,
    "4": 10,
    "5": 10,
    "6": 10,
    "7": 10,
    "8": 10,
    "9": 10,
    "10": 10,
    "11": 10,
    "12": 10,
    "13": 10,
    "14": 10,
    "15": 10
  },
  "remainWhisperMap": {},
  "statusMap": {
    "1": "ALIVE",
    "2": "ALIVE",
    "3": "ALIVE",
    "4": "ALIVE",
    "5": "ALIVE",
    "6": "ALIVE",
    "7": "ALIVE",
    "8": "ALIVE",
    "9": "ALIVE",
    "10": "ALIVE",
    "11": "ALIVE",
    "12": "ALIVE",
    "13": "ALIVE",
    "14": "ALIVE",
    "15": "ALIVE"
  }
}
Diff Data:
Empty DataFrame
Columns: [day, type, idx, turn, agent, text]
Index: []
# VOTE
# UPDATE
Request:
DIVINE
Base Info:
{
  "agentIdx": 1,
  "myRole": "SEER",
  "roleMap": {
    "1": "SEER"
  },
  "day": 1,
  "remainTalkMap": {
    "1": 9,
    "2": 10,
    "3": 10,
    "4": 10,
    "5": 10,
    "6": 10,
    "7": 10,
    "8": 10,
    "9": 10,
    "10": 10,
    "11": 10,
    "12": 10,
    "13": 10,
    "14": 10,
    "15": 10
  },
  "remainWhisperMap": {},
  "statusMap": {
    "1": "ALIVE",
    "2": "ALIVE",
    "3": "ALIVE",
    "4": "ALIVE",
    "5": "ALIVE",
    "6": "ALIVE",
    "7": "ALIVE",
    "8": "DEAD",
    "9": "ALIVE",
    "10": "ALIVE",
    "11": "ALIVE",
    "12": "ALIVE",
    "13": "ALIVE",
    "14": "ALIVE",
    "15": "ALIVE"
  }
}
Diff Data:
    day     type  idx  turn  agent            text
0     1     vote    1     0      4  VOTE Agent[04]
1     1     vote    2     0     12  VOTE Agent[12]
2     1     vote    3     0      8  VOTE Agent[08]
3     1     vote    4     0     14  VOTE Agent[14]
4     1     vote    5     0     11  VOTE Agent[11]
5     1     vote    6     0     11  VOTE Agent[11]
6     1     vote    7     0     14  VOTE Agent[14]
7     1     vote    8     0      5  VOTE Agent[05]
8     1     vote    9     0      2  VOTE Agent[02]
9     1     vote   10     0      5  VOTE Agent[05]
10    1     vote   11     0      9  VOTE Agent[09]
11    1     vote   12     0     13  VOTE Agent[13]
12    1     vote   13     0      8  VOTE Agent[08]
13    1     vote   14     0      8  VOTE Agent[08]
14    1     vote   15     0     10  VOTE Agent[10]
15    1  execute    0     0      8            Over
# UPDATE
Request:
DAILY_INITIALIZE
Base Info:
{
  "agentIdx": 1,
  "myRole": "SEER",
  "roleMap": {
    "1": "SEER"
  },
  "day": 2,
  "remainTalkMap": {
    "1": 10,
    "2": 10,
    "3": 10,
    "5": 10,
    "6": 10,
    "7": 10,
    "9": 10,
    "10": 10,
    "11": 10,
    "12": 10,
    "13": 10,
    "14": 10,
    "15": 10
  },
  "remainWhisperMap": {},
  "statusMap": {
    "1": "ALIVE",
    "2": "ALIVE",
    "3": "ALIVE",
    "4": "DEAD",
    "5": "ALIVE",
    "6": "ALIVE",
    "7": "ALIVE",
    "8": "DEAD",
    "9": "ALIVE",
    "10": "ALIVE",
    "11": "ALIVE",
    "12": "ALIVE",
    "13": "ALIVE",
    "14": "ALIVE",
    "15": "ALIVE"
  }
}
Diff Data:
   day    type  idx  turn  agent                     text
0    1  divine    1     0      1  DIVINED Agent[01] HUMAN
1    2    dead    0     0      4                     Over
# DAYSTART
# UPDATE
Request:
TALK
Base Info:
{
  "agentIdx": 1,
  "myRole": "SEER",
  "roleMap": {
    "1": "SEER"
  },
  "day": 2,
  "remainTalkMap": {
    "1": 10,
    "2": 10,
    "3": 10,
    "5": 10,
    "6": 10,
    "7": 10,
    "9": 10,
    "10": 10,
    "11": 10,
    "12": 10,
    "13": 10,
    "14": 10,
    "15": 10
  },
  "remainWhisperMap": {},
  "statusMap": {
    "1": "ALIVE",
    "2": "ALIVE",
    "3": "ALIVE",
    "4": "DEAD",
    "5": "ALIVE",
    "6": "ALIVE",
    "7": "ALIVE",
    "8": "DEAD",
    "9": "ALIVE",
    "10": "ALIVE",
    "11": "ALIVE",
    "12": "ALIVE",
    "13": "ALIVE",
    "14": "ALIVE",
    "15": "ALIVE"
  }
}
Diff Data:
    day  type  idx  turn  agent  text
0     2  talk    0     0     11  Skip
1     2  talk    1     0     10  Skip
2     2  talk    2     0      3  Skip
3     2  talk    3     0      5  Skip
4     2  talk    4     0     14  Skip
5     2  talk    5     0      2  Skip
6     2  talk    6     0      9  Skip
7     2  talk    7     0     12  Skip
8     2  talk    8     0     13  Skip
9     2  talk    9     0      6  Skip
10    2  talk   10     0     15  Skip
11    2  talk   11     0      7  Skip
# UPDATE
Request:
TALK
Base Info:
{
  "agentIdx": 1,
  "myRole": "SEER",
  "roleMap": {
    "1": "SEER"
  },
  "day": 2,
  "remainTalkMap": {
    "1": 10,
    "2": 10,
    "3": 10,
    "5": 10,
    "6": 10,
    "7": 10,
    "9": 10,
    "10": 10,
    "11": 10,
    "12": 10,
    "13": 10,
    "14": 10,
    "15": 10
  },
  "remainWhisperMap": {},
  "statusMap": {
    "1": "ALIVE",
    "2": "ALIVE",
    "3": "ALIVE",
    "4": "DEAD",
    "5": "ALIVE",
    "6": "ALIVE",
    "7": "ALIVE",
    "8": "DEAD",
    "9": "ALIVE",
    "10": "ALIVE",
    "11": "ALIVE",
    "12": "ALIVE",
    "13": "ALIVE",
    "14": "ALIVE",
    "15": "ALIVE"
  }
}
Diff Data:
   day  type  idx  turn  agent  text
0    2  talk   12     0      1  Skip
1    2  talk   13     1      7  Skip
2    2  talk   14     1      9  Skip
3    2  talk   15     1     12  Skip
4    2  talk   16     1      3  Skip
5    2  talk   17     1     11  Skip
6    2  talk   18     1      2  Skip
7    2  talk   19     1     10  Skip
8    2  talk   20     1     13  Skip
9    2  talk   21     1     14  Skip
# UPDATE
Request:
TALK
Base Info:
{
  "agentIdx": 1,
  "myRole": "SEER",
  "roleMap": {
    "1": "SEER"
  },
  "day": 2,
  "remainTalkMap": {
    "1": 10,
    "2": 10,
    "3": 10,
    "5": 10,
    "6": 10,
    "7": 10,
    "9": 10,
    "10": 10,
    "11": 10,
    "12": 10,
    "13": 10,
    "14": 10,
    "15": 10
  },
  "remainWhisperMap": {},
  "statusMap": {
    "1": "ALIVE",
    "2": "ALIVE",
    "3": "ALIVE",
    "4": "DEAD",
    "5": "ALIVE",
    "6": "ALIVE",
    "7": "ALIVE",
    "8": "DEAD",
    "9": "ALIVE",
    "10": "ALIVE",
    "11": "ALIVE",
    "12": "ALIVE",
    "13": "ALIVE",
    "14": "ALIVE",
    "15": "ALIVE"
  }
}
Diff Data:
    day  type  idx  turn  agent  text
0     2  talk   22     1      1  Skip
1     2  talk   23     1      5  Skip
2     2  talk   24     1      6  Skip
3     2  talk   25     1     15  Skip
4     2  talk   26     2     13  Over
5     2  talk   27     2      3  Over
6     2  talk   28     2      2  Over
7     2  talk   29     2      6  Over
8     2  talk   30     2     12  Over
9     2  talk   31     2     10  Over
10    2  talk   32     2      5  Over
11    2  talk   33     2     11  Over
12    2  talk   34     2     14  Over
# UPDATE
Request:
DAILY_FINISH
Base Info:
{
  "agentIdx": 1,
  "myRole": "SEER",
  "roleMap": {
    "1": "SEER"
  },
  "day": 2,
  "remainTalkMap": {
    "1": 10,
    "2": 10,
    "3": 10,
    "5": 10,
    "6": 10,
    "7": 10,
    "9": 10,
    "10": 10,
    "11": 10,
    "12": 10,
    "13": 10,
    "14": 10,
    "15": 10
  },
  "remainWhisperMap": {},
  "statusMap": {
    "1": "ALIVE",
    "2": "ALIVE",
    "3": "ALIVE",
    "4": "DEAD",
    "5": "ALIVE",
    "6": "ALIVE",
    "7": "ALIVE",
    "8": "DEAD",
    "9": "ALIVE",
    "10": "ALIVE",
    "11": "ALIVE",
    "12": "ALIVE",
    "13": "ALIVE",
    "14": "ALIVE",
    "15": "ALIVE"
  }
}
Diff Data:
   day  type  idx  turn  agent  text
0    2  talk   35     2      1  Over
1    2  talk   36     2     15  Over
2    2  talk   37     2      9  Over
3    2  talk   38     2      7  Over
# UPDATE
Request:
VOTE
Base Info:
{
  "agentIdx": 1,
  "myRole": "SEER",
  "roleMap": {
    "1": "SEER"
  },
  "day": 2,
  "remainTalkMap": {
    "1": 10,
    "2": 10,
    "3": 10,
    "5": 10,
    "6": 10,
    "7": 10,
    "9": 10,
    "10": 10,
    "11": 10,
    "12": 10,
    "13": 10,
    "14": 10,
    "15": 10
  },
  "remainWhisperMap": {},
  "statusMap": {
    "1": "ALIVE",
    "2": "ALIVE",
    "3": "ALIVE",
    "4": "DEAD",
    "5": "ALIVE",
    "6": "ALIVE",
    "7": "ALIVE",
    "8": "DEAD",
    "9": "ALIVE",
    "10": "ALIVE",
    "11": "ALIVE",
    "12": "ALIVE",
    "13": "ALIVE",
    "14": "ALIVE",
    "15": "ALIVE"
  }
}
Diff Data:
Empty DataFrame
Columns: [day, type, idx, turn, agent, text]
Index: []
# VOTE
# UPDATE
Request:
VOTE
Base Info:
{
  "agentIdx": 1,
  "myRole": "SEER",
  "roleMap": {
    "1": "SEER"
  },
  "day": 2,
  "remainTalkMap": {
    "1": 10,
    "2": 10,
    "3": 10,
    "5": 10,
    "6": 10,
    "7": 10,
    "9": 10,
    "10": 10,
    "11": 10,
    "12": 10,
    "13": 10,
    "14": 10,
    "15": 10
  },
  "remainWhisperMap": {},
  "statusMap": {
    "1": "ALIVE",
    "2": "ALIVE",
    "3": "ALIVE",
    "4": "DEAD",
    "5": "ALIVE",
    "6": "ALIVE",
    "7": "ALIVE",
    "8": "DEAD",
    "9": "ALIVE",
    "10": "ALIVE",
    "11": "ALIVE",
    "12": "ALIVE",
    "13": "ALIVE",
    "14": "ALIVE",
    "15": "ALIVE"
  }
}
Diff Data:
    day  type  idx  turn  agent            text
0     2  vote    1    -1      9  VOTE Agent[09]
1     2  vote    2    -1     12  VOTE Agent[12]
2     2  vote    3    -1     10  VOTE Agent[10]
3     2  vote    5    -1      9  VOTE Agent[09]
4     2  vote    6    -1     11  VOTE Agent[11]
5     2  vote    7    -1     15  VOTE Agent[15]
6     2  vote    9    -1      3  VOTE Agent[03]
7     2  vote   10    -1      2  VOTE Agent[02]
8     2  vote   11    -1      1  VOTE Agent[01]
9     2  vote   12    -1      1  VOTE Agent[01]
10    2  vote   13    -1     11  VOTE Agent[11]
11    2  vote   14    -1      5  VOTE Agent[05]
12    2  vote   15    -1     12  VOTE Agent[12]
# VOTE
# UPDATE
Request:
DIVINE
Base Info:
{
  "agentIdx": 1,
  "myRole": "SEER",
  "roleMap": {
    "1": "SEER"
  },
  "day": 2,
  "remainTalkMap": {
    "1": 10,
    "2": 10,
    "3": 10,
    "5": 10,
    "6": 10,
    "7": 10,
    "9": 10,
    "10": 10,
    "11": 10,
    "12": 10,
    "13": 10,
    "14": 10,
    "15": 10
  },
  "remainWhisperMap": {},
  "statusMap": {
    "1": "ALIVE",
    "2": "ALIVE",
    "3": "DEAD",
    "4": "DEAD",
    "5": "ALIVE",
    "6": "ALIVE",
    "7": "ALIVE",
    "8": "DEAD",
    "9": "ALIVE",
    "10": "ALIVE",
    "11": "ALIVE",
    "12": "ALIVE",
    "13": "ALIVE",
    "14": "ALIVE",
    "15": "ALIVE"
  }
}
Diff Data:
    day     type  idx  turn  agent            text
0     2     vote    1     0      9  VOTE Agent[09]
1     2     vote    2     0      9  VOTE Agent[09]
2     2     vote    3     0     11  VOTE Agent[11]
3     2     vote    5     0      1  VOTE Agent[01]
4     2     vote    6     0      2  VOTE Agent[02]
5     2     vote    7     0      3  VOTE Agent[03]
6     2     vote    9     0      5  VOTE Agent[05]
7     2     vote   10     0      2  VOTE Agent[02]
8     2     vote   11     0      1  VOTE Agent[01]
9     2     vote   12     0      3  VOTE Agent[03]
10    2     vote   13     0      7  VOTE Agent[07]
11    2     vote   14     0     10  VOTE Agent[10]
12    2     vote   15     0     13  VOTE Agent[13]
13    2  execute    0     0      3            Over
# UPDATE
Request:
DAILY_INITIALIZE
Base Info:
{
  "agentIdx": 1,
  "myRole": "SEER",
  "roleMap": {
    "1": "SEER"
  },
  "day": 3,
  "remainTalkMap": {
    "1": 10,
    "5": 10,
    "6": 10,
    "7": 10,
    "9": 10,
    "10": 10,
    "11": 10,
    "12": 10,
    "13": 10,
    "14": 10,
    "15": 10
  },
  "remainWhisperMap": {},
  "statusMap": {
    "1": "ALIVE",
    "2": "DEAD",
    "3": "DEAD",
    "4": "DEAD",
    "5": "ALIVE",
    "6": "ALIVE",
    "7": "ALIVE",
    "8": "DEAD",
    "9": "ALIVE",
    "10": "ALIVE",
    "11": "ALIVE",
    "12": "ALIVE",
    "13": "ALIVE",
    "14": "ALIVE",
    "15": "ALIVE"
  }
}
Diff Data:
   day    type  idx  turn  agent                     text
0    2  divine    1     0      1  DIVINED Agent[01] HUMAN
1    3    dead    0     0      2                     Over
# DAYSTART
# UPDATE
Request:
TALK
Base Info:
{
  "agentIdx": 1,
  "myRole": "SEER",
  "roleMap": {
    "1": "SEER"
  },
  "day": 3,
  "remainTalkMap": {
    "1": 10,
    "5": 10,
    "6": 10,
    "7": 10,
    "9": 10,
    "10": 10,
    "11": 10,
    "12": 10,
    "13": 10,
    "14": 10,
    "15": 10
  },
  "remainWhisperMap": {},
  "statusMap": {
    "1": "ALIVE",
    "2": "DEAD",
    "3": "DEAD",
    "4": "DEAD",
    "5": "ALIVE",
    "6": "ALIVE",
    "7": "ALIVE",
    "8": "DEAD",
    "9": "ALIVE",
    "10": "ALIVE",
    "11": "ALIVE",
    "12": "ALIVE",
    "13": "ALIVE",
    "14": "ALIVE",
    "15": "ALIVE"
  }
}
Diff Data:
   day  type  idx  turn  agent  text
0    3  talk    0     0     15  Skip
# UPDATE
Request:
TALK
Base Info:
{
  "agentIdx": 1,
  "myRole": "SEER",
  "roleMap": {
    "1": "SEER"
  },
  "day": 3,
  "remainTalkMap": {
    "1": 10,
    "5": 10,
    "6": 10,
    "7": 10,
    "9": 10,
    "10": 10,
    "11": 10,
    "12": 10,
    "13": 10,
    "14": 10,
    "15": 10
  },
  "remainWhisperMap": {},
  "statusMap": {
    "1": "ALIVE",
    "2": "DEAD",
    "3": "DEAD",
    "4": "DEAD",
    "5": "ALIVE",
    "6": "ALIVE",
    "7": "ALIVE",
    "8": "DEAD",
    "9": "ALIVE",
    "10": "ALIVE",
    "11": "ALIVE",
    "12": "ALIVE",
    "13": "ALIVE",
    "14": "ALIVE",
    "15": "ALIVE"
  }
}
Diff Data:
    day  type  idx  turn  agent  text
0     3  talk    1     0      1  Skip
1     3  talk    2     0     13  Skip
2     3  talk    3     0      7  Skip
3     3  talk    4     0     14  Skip
4     3  talk    5     0     10  Skip
5     3  talk    6     0     12  Skip
6     3  talk    7     0      9  Skip
7     3  talk    8     0      5  Skip
8     3  talk    9     0      6  Skip
9     3  talk   10     0     11  Skip
10    3  talk   11     1     14  Skip
# UPDATE
Request:
TALK
Base Info:
{
  "agentIdx": 1,
  "myRole": "SEER",
  "roleMap": {
    "1": "SEER"
  },
  "day": 3,
  "remainTalkMap": {
    "1": 10,
    "5": 10,
    "6": 10,
    "7": 10,
    "9": 10,
    "10": 10,
    "11": 10,
    "12": 10,
    "13": 10,
    "14": 10,
    "15": 10
  },
  "remainWhisperMap": {},
  "statusMap": {
    "1": "ALIVE",
    "2": "DEAD",
    "3": "DEAD",
    "4": "DEAD",
    "5": "ALIVE",
    "6": "ALIVE",
    "7": "ALIVE",
    "8": "DEAD",
    "9": "ALIVE",
    "10": "ALIVE",
    "11": "ALIVE",
    "12": "ALIVE",
    "13": "ALIVE",
    "14": "ALIVE",
    "15": "ALIVE"
  }
}
Diff Data:
    day  type  idx  turn  agent  text
0     3  talk   12     1      1  Skip
1     3  talk   13     1     11  Skip
2     3  talk   14     1      7  Skip
3     3  talk   15     1      6  Skip
4     3  talk   16     1     13  Skip
5     3  talk   17     1     10  Skip
6     3  talk   18     1     15  Skip
7     3  talk   19     1     12  Skip
8     3  talk   20     1      9  Skip
9     3  talk   21     1      5  Skip
10    3  talk   22     2      6  Over
11    3  talk   23     2      5  Over
12    3  talk   24     2     12  Over
13    3  talk   25     2     15  Over
14    3  talk   26     2     13  Over
15    3  talk   27     2      7  Over
16    3  talk   28     2     11  Over
17    3  talk   29     2      9  Over
# UPDATE
Request:
DAILY_FINISH
Base Info:
{
  "agentIdx": 1,
  "myRole": "SEER",
  "roleMap": {
    "1": "SEER"
  },
  "day": 3,
  "remainTalkMap": {
    "1": 10,
    "5": 10,
    "6": 10,
    "7": 10,
    "9": 10,
    "10": 10,
    "11": 10,
    "12": 10,
    "13": 10,
    "14": 10,
    "15": 10
  },
  "remainWhisperMap": {},
  "statusMap": {
    "1": "ALIVE",
    "2": "DEAD",
    "3": "DEAD",
    "4": "DEAD",
    "5": "ALIVE",
    "6": "ALIVE",
    "7": "ALIVE",
    "8": "DEAD",
    "9": "ALIVE",
    "10": "ALIVE",
    "11": "ALIVE",
    "12": "ALIVE",
    "13": "ALIVE",
    "14": "ALIVE",
    "15": "ALIVE"
  }
}
Diff Data:
   day  type  idx  turn  agent  text
0    3  talk   30     2      1  Over
1    3  talk   31     2     14  Over
2    3  talk   32     2     10  Over
# UPDATE
Request:
VOTE
Base Info:
{
  "agentIdx": 1,
  "myRole": "SEER",
  "roleMap": {
    "1": "SEER"
  },
  "day": 3,
  "remainTalkMap": {
    "1": 10,
    "5": 10,
    "6": 10,
    "7": 10,
    "9": 10,
    "10": 10,
    "11": 10,
    "12": 10,
    "13": 10,
    "14": 10,
    "15": 10
  },
  "remainWhisperMap": {},
  "statusMap": {
    "1": "ALIVE",
    "2": "DEAD",
    "3": "DEAD",
    "4": "DEAD",
    "5": "ALIVE",
    "6": "ALIVE",
    "7": "ALIVE",
    "8": "DEAD",
    "9": "ALIVE",
    "10": "ALIVE",
    "11": "ALIVE",
    "12": "ALIVE",
    "13": "ALIVE",
    "14": "ALIVE",
    "15": "ALIVE"
  }
}
Diff Data:
Empty DataFrame
Columns: [day, type, idx, turn, agent, text]
Index: []
# VOTE
# UPDATE
Request:
VOTE
Base Info:
{
  "agentIdx": 1,
  "myRole": "SEER",
  "roleMap": {
    "1": "SEER"
  },
  "day": 3,
  "remainTalkMap": {
    "1": 10,
    "5": 10,
    "6": 10,
    "7": 10,
    "9": 10,
    "10": 10,
    "11": 10,
    "12": 10,
    "13": 10,
    "14": 10,
    "15": 10
  },
  "remainWhisperMap": {},
  "statusMap": {
    "1": "ALIVE",
    "2": "DEAD",
    "3": "DEAD",
    "4": "DEAD",
    "5": "ALIVE",
    "6": "ALIVE",
    "7": "ALIVE",
    "8": "DEAD",
    "9": "ALIVE",
    "10": "ALIVE",
    "11": "ALIVE",
    "12": "ALIVE",
    "13": "ALIVE",
    "14": "ALIVE",
    "15": "ALIVE"
  }
}
Diff Data:
    day  type  idx  turn  agent            text
0     3  vote    1    -1     10  VOTE Agent[10]
1     3  vote    5    -1     10  VOTE Agent[10]
2     3  vote    6    -1      1  VOTE Agent[01]
3     3  vote    7    -1     10  VOTE Agent[10]
4     3  vote    9    -1     15  VOTE Agent[15]
5     3  vote   10    -1     11  VOTE Agent[11]
6     3  vote   11    -1      5  VOTE Agent[05]
7     3  vote   12    -1     15  VOTE Agent[15]
8     3  vote   13    -1      5  VOTE Agent[05]
9     3  vote   14    -1     15  VOTE Agent[15]
10    3  vote   15    -1     12  VOTE Agent[12]
# VOTE
# UPDATE
Request:
DIVINE
Base Info:
{
  "agentIdx": 1,
  "myRole": "SEER",
  "roleMap": {
    "1": "SEER"
  },
  "day": 3,
  "remainTalkMap": {
    "1": 10,
    "5": 10,
    "6": 10,
    "7": 10,
    "9": 10,
    "10": 10,
    "11": 10,
    "12": 10,
    "13": 10,
    "14": 10,
    "15": 10
  },
  "remainWhisperMap": {},
  "statusMap": {
    "1": "ALIVE",
    "2": "DEAD",
    "3": "DEAD",
    "4": "DEAD",
    "5": "DEAD",
    "6": "ALIVE",
    "7": "ALIVE",
    "8": "DEAD",
    "9": "ALIVE",
    "10": "ALIVE",
    "11": "ALIVE",
    "12": "ALIVE",
    "13": "ALIVE",
    "14": "ALIVE",
    "15": "ALIVE"
  }
}
Diff Data:
    day     type  idx  turn  agent            text
0     3     vote    1     0      9  VOTE Agent[09]
1     3     vote    5     0      9  VOTE Agent[09]
2     3     vote    6     0      5  VOTE Agent[05]
3     3     vote    7     0      1  VOTE Agent[01]
4     3     vote    9     0     12  VOTE Agent[12]
5     3     vote   10     0     12  VOTE Agent[12]
6     3     vote   11     0      5  VOTE Agent[05]
7     3     vote   12     0      5  VOTE Agent[05]
8     3     vote   13     0      5  VOTE Agent[05]
9     3     vote   14     0     15  VOTE Agent[15]
10    3     vote   15     0      6  VOTE Agent[06]
11    3  execute    0     0      5            Over
# UPDATE
Request:
DAILY_INITIALIZE
Base Info:
{
  "agentIdx": 1,
  "myRole": "SEER",
  "roleMap": {
    "1": "SEER"
  },
  "day": 4,
  "remainTalkMap": {
    "1": 10,
    "6": 10,
    "7": 10,
    "9": 10,
    "10": 10,
    "12": 10,
    "13": 10,
    "14": 10,
    "15": 10
  },
  "remainWhisperMap": {},
  "statusMap": {
    "1": "ALIVE",
    "2": "DEAD",
    "3": "DEAD",
    "4": "DEAD",
    "5": "DEAD",
    "6": "ALIVE",
    "7": "ALIVE",
    "8": "DEAD",
    "9": "ALIVE",
    "10": "ALIVE",
    "11": "DEAD",
    "12": "ALIVE",
    "13": "ALIVE",
    "14": "ALIVE",
    "15": "ALIVE"
  }
}
Diff Data:
   day    type  idx  turn  agent                     text
0    3  divine    1     0      1  DIVINED Agent[01] HUMAN
1    4    dead    0     0     11                     Over
# DAYSTART
# UPDATE
Request:
TALK
Base Info:
{
  "agentIdx": 1,
  "myRole": "SEER",
  "roleMap": {
    "1": "SEER"
  },
  "day": 4,
  "remainTalkMap": {
    "1": 10,
    "6": 10,
    "7": 10,
    "9": 10,
    "10": 10,
    "12": 10,
    "13": 10,
    "14": 10,
    "15": 10
  },
  "remainWhisperMap": {},
  "statusMap": {
    "1": "ALIVE",
    "2": "DEAD",
    "3": "DEAD",
    "4": "DEAD",
    "5": "DEAD",
    "6": "ALIVE",
    "7": "ALIVE",
    "8": "DEAD",
    "9": "ALIVE",
    "10": "ALIVE",
    "11": "DEAD",
    "12": "ALIVE",
    "13": "ALIVE",
    "14": "ALIVE",
    "15": "ALIVE"
  }
}
Diff Data:
   day  type  idx  turn  agent  text
0    4  talk    0     0     15  Skip
1    4  talk    1     0     12  Skip
2    4  talk    2     0      7  Skip
3    4  talk    3     0     13  Skip
# UPDATE
Request:
TALK
Base Info:
{
  "agentIdx": 1,
  "myRole": "SEER",
  "roleMap": {
    "1": "SEER"
  },
  "day": 4,
  "remainTalkMap": {
    "1": 10,
    "6": 10,
    "7": 10,
    "9": 10,
    "10": 10,
    "12": 10,
    "13": 10,
    "14": 10,
    "15": 10
  },
  "remainWhisperMap": {},
  "statusMap": {
    "1": "ALIVE",
    "2": "DEAD",
    "3": "DEAD",
    "4": "DEAD",
    "5": "DEAD",
    "6": "ALIVE",
    "7": "ALIVE",
    "8": "DEAD",
    "9": "ALIVE",
    "10": "ALIVE",
    "11": "DEAD",
    "12": "ALIVE",
    "13": "ALIVE",
    "14": "ALIVE",
    "15": "ALIVE"
  }
}
Diff Data:
   day  type  idx  turn  agent  text
0    4  talk    4     0      1  Skip
1    4  talk    5     0      6  Skip
2    4  talk    6     0     10  Skip
3    4  talk    7     0      9  Skip
4    4  talk    8     0     14  Skip
5    4  talk    9     1     13  Skip
6    4  talk   10     1      9  Skip
7    4  talk   11     1     12  Skip
# UPDATE
Request:
TALK
Base Info:
{
  "agentIdx": 1,
  "myRole": "SEER",
  "roleMap": {
    "1": "SEER"
  },
  "day": 4,
  "remainTalkMap": {
    "1": 10,
    "6": 10,
    "7": 10,
    "9": 10,
    "10": 10,
    "12": 10,
    "13": 10,
    "14": 10,
    "15": 10
  },
  "remainWhisperMap": {},
  "statusMap": {
    "1": "ALIVE",
    "2": "DEAD",
    "3": "DEAD",
    "4": "DEAD",
    "5": "DEAD",
    "6": "ALIVE",
    "7": "ALIVE",
    "8": "DEAD",
    "9": "ALIVE",
    "10": "ALIVE",
    "11": "DEAD",
    "12": "ALIVE",
    "13": "ALIVE",
    "14": "ALIVE",
    "15": "ALIVE"
  }
}
Diff Data:
   day  type  idx  turn  agent  text
0    4  talk   12     1      1  Skip
1    4  talk   13     1     14  Skip
2    4  talk   14     1      6  Skip
3    4  talk   15     1     15  Skip
4    4  talk   16     1      7  Skip
5    4  talk   17     1     10  Skip
6    4  talk   18     2      7  Over
# UPDATE
Request:
DAILY_FINISH
Base Info:
{
  "agentIdx": 1,
  "myRole": "SEER",
  "roleMap": {
    "1": "SEER"
  },
  "day": 4,
  "remainTalkMap": {
    "1": 10,
    "6": 10,
    "7": 10,
    "9": 10,
    "10": 10,
    "12": 10,
    "13": 10,
    "14": 10,
    "15": 10
  },
  "remainWhisperMap": {},
  "statusMap": {
    "1": "ALIVE",
    "2": "DEAD",
    "3": "DEAD",
    "4": "DEAD",
    "5": "DEAD",
    "6": "ALIVE",
    "7": "ALIVE",
    "8": "DEAD",
    "9": "ALIVE",
    "10": "ALIVE",
    "11": "DEAD",
    "12": "ALIVE",
    "13": "ALIVE",
    "14": "ALIVE",
    "15": "ALIVE"
  }
}
Diff Data:
   day  type  idx  turn  agent  text
0    4  talk   19     2      1  Over
1    4  talk   20     2      9  Over
2    4  talk   21     2     14  Over
3    4  talk   22     2     12  Over
4    4  talk   23     2      6  Over
5    4  talk   24     2     15  Over
6    4  talk   25     2     13  Over
7    4  talk   26     2     10  Over
# UPDATE
Request:
VOTE
Base Info:
{
  "agentIdx": 1,
  "myRole": "SEER",
  "roleMap": {
    "1": "SEER"
  },
  "day": 4,
  "remainTalkMap": {
    "1": 10,
    "6": 10,
    "7": 10,
    "9": 10,
    "10": 10,
    "12": 10,
    "13": 10,
    "14": 10,
    "15": 10
  },
  "remainWhisperMap": {},
  "statusMap": {
    "1": "ALIVE",
    "2": "DEAD",
    "3": "DEAD",
    "4": "DEAD",
    "5": "DEAD",
    "6": "ALIVE",
    "7": "ALIVE",
    "8": "DEAD",
    "9": "ALIVE",
    "10": "ALIVE",
    "11": "DEAD",
    "12": "ALIVE",
    "13": "ALIVE",
    "14": "ALIVE",
    "15": "ALIVE"
  }
}
Diff Data:
Empty DataFrame
Columns: [day, type, idx, turn, agent, text]
Index: []
# VOTE
# UPDATE
Request:
VOTE
Base Info:
{
  "agentIdx": 1,
  "myRole": "SEER",
  "roleMap": {
    "1": "SEER"
  },
  "day": 4,
  "remainTalkMap": {
    "1": 10,
    "6": 10,
    "7": 10,
    "9": 10,
    "10": 10,
    "12": 10,
    "13": 10,
    "14": 10,
    "15": 10
  },
  "remainWhisperMap": {},
  "statusMap": {
    "1": "ALIVE",
    "2": "DEAD",
    "3": "DEAD",
    "4": "DEAD",
    "5": "DEAD",
    "6": "ALIVE",
    "7": "ALIVE",
    "8": "DEAD",
    "9": "ALIVE",
    "10": "ALIVE",
    "11": "DEAD",
    "12": "ALIVE",
    "13": "ALIVE",
    "14": "ALIVE",
    "15": "ALIVE"
  }
}
Diff Data:
   day  type  idx  turn  agent            text
0    4  vote    1    -1     14  VOTE Agent[14]
1    4  vote    6    -1     13  VOTE Agent[13]
2    4  vote    7    -1     10  VOTE Agent[10]
3    4  vote    9    -1     12  VOTE Agent[12]
4    4  vote   10    -1      1  VOTE Agent[01]
5    4  vote   12    -1      6  VOTE Agent[06]
6    4  vote   13    -1     10  VOTE Agent[10]
7    4  vote   14    -1     15  VOTE Agent[15]
8    4  vote   15    -1     12  VOTE Agent[12]
# VOTE
# UPDATE
Request:
DIVINE
Base Info:
{
  "agentIdx": 1,
  "myRole": "SEER",
  "roleMap": {
    "1": "SEER"
  },
  "day": 4,
  "remainTalkMap": {
    "1": 10,
    "6": 10,
    "7": 10,
    "9": 10,
    "10": 10,
    "12": 10,
    "13": 10,
    "14": 10,
    "15": 10
  },
  "remainWhisperMap": {},
  "statusMap": {
    "1": "ALIVE",
    "2": "DEAD",
    "3": "DEAD",
    "4": "DEAD",
    "5": "DEAD",
    "6": "ALIVE",
    "7": "ALIVE",
    "8": "DEAD",
    "9": "DEAD",
    "10": "ALIVE",
    "11": "DEAD",
    "12": "ALIVE",
    "13": "ALIVE",
    "14": "ALIVE",
    "15": "ALIVE"
  }
}
Diff Data:
   day     type  idx  turn  agent            text
0    4     vote    1     0      9  VOTE Agent[09]
1    4     vote    6     0     12  VOTE Agent[12]
2    4     vote    7     0     12  VOTE Agent[12]
3    4     vote    9     0     15  VOTE Agent[15]
4    4     vote   10     0      9  VOTE Agent[09]
5    4     vote   12     0      9  VOTE Agent[09]
6    4     vote   13     0      1  VOTE Agent[01]
7    4     vote   14     0     13  VOTE Agent[13]
8    4     vote   15     0     12  VOTE Agent[12]
9    4  execute    0     0      9            Over
# UPDATE
Request:
DAILY_INITIALIZE
Base Info:
{
  "agentIdx": 1,
  "myRole": "SEER",
  "roleMap": {
    "1": "SEER"
  },
  "day": 5,
  "remainTalkMap": {
    "1": 10,
    "6": 10,
    "7": 10,
    "12": 10,
    "13": 10,
    "14": 10,
    "15": 10
  },
  "remainWhisperMap": {},
  "statusMap": {
    "1": "ALIVE",
    "2": "DEAD",
    "3": "DEAD",
    "4": "DEAD",
    "5": "DEAD",
    "6": "ALIVE",
    "7": "ALIVE",
    "8": "DEAD",
    "9": "DEAD",
    "10": "DEAD",
    "11": "DEAD",
    "12": "ALIVE",
    "13": "ALIVE",
    "14": "ALIVE",
    "15": "ALIVE"
  }
}
Diff Data:
   day    type  idx  turn  agent                     text
0    4  divine    1     0      1  DIVINED Agent[01] HUMAN
1    5    dead    0     0     10                     Over
# DAYSTART
# UPDATE
Request:
TALK
Base Info:
{
  "agentIdx": 1,
  "myRole": "SEER",
  "roleMap": {
    "1": "SEER"
  },
  "day": 5,
  "remainTalkMap": {
    "1": 10,
    "6": 10,
    "7": 10,
    "12": 10,
    "13": 10,
    "14": 10,
    "15": 10
  },
  "remainWhisperMap": {},
  "statusMap": {
    "1": "ALIVE",
    "2": "DEAD",
    "3": "DEAD",
    "4": "DEAD",
    "5": "DEAD",
    "6": "ALIVE",
    "7": "ALIVE",
    "8": "DEAD",
    "9": "DEAD",
    "10": "DEAD",
    "11": "DEAD",
    "12": "ALIVE",
    "13": "ALIVE",
    "14": "ALIVE",
    "15": "ALIVE"
  }
}
Diff Data:
   day  type  idx  turn  agent  text
0    5  talk    0     0     12  Skip
1    5  talk    1     0      6  Skip
2    5  talk    2     0     13  Skip
# UPDATE
Request:
TALK
Base Info:
{
  "agentIdx": 1,
  "myRole": "SEER",
  "roleMap": {
    "1": "SEER"
  },
  "day": 5,
  "remainTalkMap": {
    "1": 10,
    "6": 10,
    "7": 10,
    "12": 10,
    "13": 10,
    "14": 10,
    "15": 10
  },
  "remainWhisperMap": {},
  "statusMap": {
    "1": "ALIVE",
    "2": "DEAD",
    "3": "DEAD",
    "4": "DEAD",
    "5": "DEAD",
    "6": "ALIVE",
    "7": "ALIVE",
    "8": "DEAD",
    "9": "DEAD",
    "10": "DEAD",
    "11": "DEAD",
    "12": "ALIVE",
    "13": "ALIVE",
    "14": "ALIVE",
    "15": "ALIVE"
  }
}
Diff Data:
   day  type  idx  turn  agent  text
0    5  talk    3     0      1  Skip
1    5  talk    4     0      7  Skip
2    5  talk    5     0     14  Skip
3    5  talk    6     0     15  Skip
4    5  talk    7     1     13  Skip
5    5  talk    8     1     12  Skip
6    5  talk    9     1     14  Skip
7    5  talk   10     1     15  Skip
# UPDATE
Request:
TALK
Base Info:
{
  "agentIdx": 1,
  "myRole": "SEER",
  "roleMap": {
    "1": "SEER"
  },
  "day": 5,
  "remainTalkMap": {
    "1": 10,
    "6": 10,
    "7": 10,
    "12": 10,
    "13": 10,
    "14": 10,
    "15": 10
  },
  "remainWhisperMap": {},
  "statusMap": {
    "1": "ALIVE",
    "2": "DEAD",
    "3": "DEAD",
    "4": "DEAD",
    "5": "DEAD",
    "6": "ALIVE",
    "7": "ALIVE",
    "8": "DEAD",
    "9": "DEAD",
    "10": "DEAD",
    "11": "DEAD",
    "12": "ALIVE",
    "13": "ALIVE",
    "14": "ALIVE",
    "15": "ALIVE"
  }
}
Diff Data:
   day  type  idx  turn  agent  text
0    5  talk   11     1      1  Skip
1    5  talk   12     1      7  Skip
2    5  talk   13     1      6  Skip
3    5  talk   14     2      7  Over
# UPDATE
Request:
DAILY_FINISH
Base Info:
{
  "agentIdx": 1,
  "myRole": "SEER",
  "roleMap": {
    "1": "SEER"
  },
  "day": 5,
  "remainTalkMap": {
    "1": 10,
    "6": 10,
    "7": 10,
    "12": 10,
    "13": 10,
    "14": 10,
    "15": 10
  },
  "remainWhisperMap": {},
  "statusMap": {
    "1": "ALIVE",
    "2": "DEAD",
    "3": "DEAD",
    "4": "DEAD",
    "5": "DEAD",
    "6": "ALIVE",
    "7": "ALIVE",
    "8": "DEAD",
    "9": "DEAD",
    "10": "DEAD",
    "11": "DEAD",
    "12": "ALIVE",
    "13": "ALIVE",
    "14": "ALIVE",
    "15": "ALIVE"
  }
}
Diff Data:
   day  type  idx  turn  agent  text
0    5  talk   15     2      1  Over
1    5  talk   16     2      6  Over
2    5  talk   17     2     15  Over
3    5  talk   18     2     14  Over
4    5  talk   19     2     13  Over
5    5  talk   20     2     12  Over
# UPDATE
Request:
VOTE
Base Info:
{
  "agentIdx": 1,
  "myRole": "SEER",
  "roleMap": {
    "1": "SEER"
  },
  "day": 5,
  "remainTalkMap": {
    "1": 10,
    "6": 10,
    "7": 10,
    "12": 10,
    "13": 10,
    "14": 10,
    "15": 10
  },
  "remainWhisperMap": {},
  "statusMap": {
    "1": "ALIVE",
    "2": "DEAD",
    "3": "DEAD",
    "4": "DEAD",
    "5": "DEAD",
    "6": "ALIVE",
    "7": "ALIVE",
    "8": "DEAD",
    "9": "DEAD",
    "10": "DEAD",
    "11": "DEAD",
    "12": "ALIVE",
    "13": "ALIVE",
    "14": "ALIVE",
    "15": "ALIVE"
  }
}
Diff Data:
Empty DataFrame
Columns: [day, type, idx, turn, agent, text]
Index: []
# VOTE
# UPDATE
Request:
DIVINE
Base Info:
{
  "agentIdx": 1,
  "myRole": "SEER",
  "roleMap": {
    "1": "SEER"
  },
  "day": 5,
  "remainTalkMap": {
    "1": 10,
    "6": 10,
    "7": 10,
    "12": 10,
    "13": 10,
    "14": 10,
    "15": 10
  },
  "remainWhisperMap": {},
  "statusMap": {
    "1": "ALIVE",
    "2": "DEAD",
    "3": "DEAD",
    "4": "DEAD",
    "5": "DEAD",
    "6": "ALIVE",
    "7": "DEAD",
    "8": "DEAD",
    "9": "DEAD",
    "10": "DEAD",
    "11": "DEAD",
    "12": "ALIVE",
    "13": "ALIVE",
    "14": "ALIVE",
    "15": "ALIVE"
  }
}
Diff Data:
   day     type  idx  turn  agent            text
0    5     vote    1     0     14  VOTE Agent[14]
1    5     vote    6     0     15  VOTE Agent[15]
2    5     vote    7     0     13  VOTE Agent[13]
3    5     vote   12     0      7  VOTE Agent[07]
4    5     vote   13     0     12  VOTE Agent[12]
5    5     vote   14     0      7  VOTE Agent[07]
6    5     vote   15     0      1  VOTE Agent[01]
7    5  execute    0     0      7            Over
# UPDATE
Request:
DAILY_INITIALIZE
Base Info:
{
  "agentIdx": 1,
  "myRole": "SEER",
  "roleMap": {
    "1": "SEER"
  },
  "day": 6,
  "remainTalkMap": {
    "1": 10,
    "6": 10,
    "13": 10,
    "14": 10,
    "15": 10
  },
  "remainWhisperMap": {},
  "statusMap": {
    "1": "ALIVE",
    "2": "DEAD",
    "3": "DEAD",
    "4": "DEAD",
    "5": "DEAD",
    "6": "ALIVE",
    "7": "DEAD",
    "8": "DEAD",
    "9": "DEAD",
    "10": "DEAD",
    "11": "DEAD",
    "12": "DEAD",
    "13": "ALIVE",
    "14": "ALIVE",
    "15": "ALIVE"
  }
}
Diff Data:
   day    type  idx  turn  agent                     text
0    5  divine    1     0      1  DIVINED Agent[01] HUMAN
1    6    dead    0     0     12                     Over
# DAYSTART
# UPDATE
Request:
TALK
Base Info:
{
  "agentIdx": 1,
  "myRole": "SEER",
  "roleMap": {
    "1": "SEER"
  },
  "day": 6,
  "remainTalkMap": {
    "1": 10,
    "6": 10,
    "13": 10,
    "14": 10,
    "15": 10
  },
  "remainWhisperMap": {},
  "statusMap": {
    "1": "ALIVE",
    "2": "DEAD",
    "3": "DEAD",
    "4": "DEAD",
    "5": "DEAD",
    "6": "ALIVE",
    "7": "DEAD",
    "8": "DEAD",
    "9": "DEAD",
    "10": "DEAD",
    "11": "DEAD",
    "12": "DEAD",
    "13": "ALIVE",
    "14": "ALIVE",
    "15": "ALIVE"
  }
}
Diff Data:
   day  type  idx  turn  agent  text
0    6  talk    0     0     15  Skip
1    6  talk    1     0      6  Skip
2    6  talk    2     0     14  Skip
3    6  talk    3     0     13  Skip
# UPDATE
Request:
TALK
Base Info:
{
  "agentIdx": 1,
  "myRole": "SEER",
  "roleMap": {
    "1": "SEER"
  },
  "day": 6,
  "remainTalkMap": {
    "1": 10,
    "6": 10,
    "13": 10,
    "14": 10,
    "15": 10
  },
  "remainWhisperMap": {},
  "statusMap": {
    "1": "ALIVE",
    "2": "DEAD",
    "3": "DEAD",
    "4": "DEAD",
    "5": "DEAD",
    "6": "ALIVE",
    "7": "DEAD",
    "8": "DEAD",
    "9": "DEAD",
    "10": "DEAD",
    "11": "DEAD",
    "12": "DEAD",
    "13": "ALIVE",
    "14": "ALIVE",
    "15": "ALIVE"
  }
}
Diff Data:
   day  type  idx  turn  agent  text
0    6  talk    4     0      1  Skip
# UPDATE
Request:
TALK
Base Info:
{
  "agentIdx": 1,
  "myRole": "SEER",
  "roleMap": {
    "1": "SEER"
  },
  "day": 6,
  "remainTalkMap": {
    "1": 10,
    "6": 10,
    "13": 10,
    "14": 10,
    "15": 10
  },
  "remainWhisperMap": {},
  "statusMap": {
    "1": "ALIVE",
    "2": "DEAD",
    "3": "DEAD",
    "4": "DEAD",
    "5": "DEAD",
    "6": "ALIVE",
    "7": "DEAD",
    "8": "DEAD",
    "9": "DEAD",
    "10": "DEAD",
    "11": "DEAD",
    "12": "DEAD",
    "13": "ALIVE",
    "14": "ALIVE",
    "15": "ALIVE"
  }
}
Diff Data:
   day  type  idx  turn  agent  text
0    6  talk    5     1      1  Skip
1    6  talk    6     1      6  Skip
2    6  talk    7     1     15  Skip
3    6  talk    8     1     14  Skip
4    6  talk    9     1     13  Skip
# UPDATE
Request:
DAILY_FINISH
Base Info:
{
  "agentIdx": 1,
  "myRole": "SEER",
  "roleMap": {
    "1": "SEER"
  },
  "day": 6,
  "remainTalkMap": {
    "1": 10,
    "6": 10,
    "13": 10,
    "14": 10,
    "15": 10
  },
  "remainWhisperMap": {},
  "statusMap": {
    "1": "ALIVE",
    "2": "DEAD",
    "3": "DEAD",
    "4": "DEAD",
    "5": "DEAD",
    "6": "ALIVE",
    "7": "DEAD",
    "8": "DEAD",
    "9": "DEAD",
    "10": "DEAD",
    "11": "DEAD",
    "12": "DEAD",
    "13": "ALIVE",
    "14": "ALIVE",
    "15": "ALIVE"
  }
}
Diff Data:
   day  type  idx  turn  agent  text
0    6  talk   10     2      1  Over
1    6  talk   11     2     14  Over
2    6  talk   12     2      6  Over
3    6  talk   13     2     15  Over
4    6  talk   14     2     13  Over
# UPDATE
Request:
VOTE
Base Info:
{
  "agentIdx": 1,
  "myRole": "SEER",
  "roleMap": {
    "1": "SEER"
  },
  "day": 6,
  "remainTalkMap": {
    "1": 10,
    "6": 10,
    "13": 10,
    "14": 10,
    "15": 10
  },
  "remainWhisperMap": {},
  "statusMap": {
    "1": "ALIVE",
    "2": "DEAD",
    "3": "DEAD",
    "4": "DEAD",
    "5": "DEAD",
    "6": "ALIVE",
    "7": "DEAD",
    "8": "DEAD",
    "9": "DEAD",
    "10": "DEAD",
    "11": "DEAD",
    "12": "DEAD",
    "13": "ALIVE",
    "14": "ALIVE",
    "15": "ALIVE"
  }
}
Diff Data:
Empty DataFrame
Columns: [day, type, idx, turn, agent, text]
Index: []
# VOTE
# UPDATE
Request:
VOTE
Base Info:
{
  "agentIdx": 1,
  "myRole": "SEER",
  "roleMap": {
    "1": "SEER"
  },
  "day": 6,
  "remainTalkMap": {
    "1": 10,
    "6": 10,
    "13": 10,
    "14": 10,
    "15": 10
  },
  "remainWhisperMap": {},
  "statusMap": {
    "1": "ALIVE",
    "2": "DEAD",
    "3": "DEAD",
    "4": "DEAD",
    "5": "DEAD",
    "6": "ALIVE",
    "7": "DEAD",
    "8": "DEAD",
    "9": "DEAD",
    "10": "DEAD",
    "11": "DEAD",
    "12": "DEAD",
    "13": "ALIVE",
    "14": "ALIVE",
    "15": "ALIVE"
  }
}
Diff Data:
   day  type  idx  turn  agent            text
0    6  vote    1    -1     15  VOTE Agent[15]
1    6  vote    6    -1     15  VOTE Agent[15]
2    6  vote   13    -1     14  VOTE Agent[14]
3    6  vote   14    -1      1  VOTE Agent[01]
4    6  vote   15    -1     14  VOTE Agent[14]
# VOTE
# UPDATE
Request:
DIVINE
Base Info:
{
  "agentIdx": 1,
  "myRole": "SEER",
  "roleMap": {
    "1": "SEER"
  },
  "day": 6,
  "remainTalkMap": {
    "1": 10,
    "6": 10,
    "13": 10,
    "14": 10,
    "15": 10
  },
  "remainWhisperMap": {},
  "statusMap": {
    "1": "ALIVE",
    "2": "DEAD",
    "3": "DEAD",
    "4": "DEAD",
    "5": "DEAD",
    "6": "ALIVE",
    "7": "DEAD",
    "8": "DEAD",
    "9": "DEAD",
    "10": "DEAD",
    "11": "DEAD",
    "12": "DEAD",
    "13": "ALIVE",
    "14": "DEAD",
    "15": "ALIVE"
  }
}
Diff Data:
   day     type  idx  turn  agent            text
0    6     vote    1     0     14  VOTE Agent[14]
1    6     vote    6     0     14  VOTE Agent[14]
2    6     vote   13     0     14  VOTE Agent[14]
3    6     vote   14     0      1  VOTE Agent[01]
4    6     vote   15     0      1  VOTE Agent[01]
5    6  execute    0     0     14            Over
# UPDATE
Request:
DAILY_INITIALIZE
Base Info:
{
  "agentIdx": 1,
  "myRole": "SEER",
  "roleMap": {
    "1": "SEER"
  },
  "day": 7,
  "remainTalkMap": {
    "1": 10,
    "13": 10,
    "15": 10
  },
  "remainWhisperMap": {},
  "statusMap": {
    "1": "ALIVE",
    "2": "DEAD",
    "3": "DEAD",
    "4": "DEAD",
    "5": "DEAD",
    "6": "DEAD",
    "7": "DEAD",
    "8": "DEAD",
    "9": "DEAD",
    "10": "DEAD",
    "11": "DEAD",
    "12": "DEAD",
    "13": "ALIVE",
    "14": "DEAD",
    "15": "ALIVE"
  }
}
Diff Data:
   day    type  idx  turn  agent                     text
0    6  divine    1     0      1  DIVINED Agent[01] HUMAN
1    7    dead    0     0      6                     Over
# DAYSTART
# UPDATE
Request:
TALK
Base Info:
{
  "agentIdx": 1,
  "myRole": "SEER",
  "roleMap": {
    "1": "SEER"
  },
  "day": 7,
  "remainTalkMap": {
    "1": 10,
    "13": 10,
    "15": 10
  },
  "remainWhisperMap": {},
  "statusMap": {
    "1": "ALIVE",
    "2": "DEAD",
    "3": "DEAD",
    "4": "DEAD",
    "5": "DEAD",
    "6": "DEAD",
    "7": "DEAD",
    "8": "DEAD",
    "9": "DEAD",
    "10": "DEAD",
    "11": "DEAD",
    "12": "DEAD",
    "13": "ALIVE",
    "14": "DEAD",
    "15": "ALIVE"
  }
}
Diff Data:
   day  type  idx  turn  agent  text
0    7  talk    0     0     13  Skip
# UPDATE
Request:
TALK
Base Info:
{
  "agentIdx": 1,
  "myRole": "SEER",
  "roleMap": {
    "1": "SEER"
  },
  "day": 7,
  "remainTalkMap": {
    "1": 10,
    "13": 10,
    "15": 10
  },
  "remainWhisperMap": {},
  "statusMap": {
    "1": "ALIVE",
    "2": "DEAD",
    "3": "DEAD",
    "4": "DEAD",
    "5": "DEAD",
    "6": "DEAD",
    "7": "DEAD",
    "8": "DEAD",
    "9": "DEAD",
    "10": "DEAD",
    "11": "DEAD",
    "12": "DEAD",
    "13": "ALIVE",
    "14": "DEAD",
    "15": "ALIVE"
  }
}
Diff Data:
   day  type  idx  turn  agent  text
0    7  talk    1     0      1  Skip
1    7  talk    2     0     15  Skip
# UPDATE
Request:
TALK
Base Info:
{
  "agentIdx": 1,
  "myRole": "SEER",
  "roleMap": {
    "1": "SEER"
  },
  "day": 7,
  "remainTalkMap": {
    "1": 10,
    "13": 10,
    "15": 10
  },
  "remainWhisperMap": {},
  "statusMap": {
    "1": "ALIVE",
    "2": "DEAD",
    "3": "DEAD",
    "4": "DEAD",
    "5": "DEAD",
    "6": "DEAD",
    "7": "DEAD",
    "8": "DEAD",
    "9": "DEAD",
    "10": "DEAD",
    "11": "DEAD",
    "12": "DEAD",
    "13": "ALIVE",
    "14": "DEAD",
    "15": "ALIVE"
  }
}
Diff Data:
   day  type  idx  turn  agent  text
0    7  talk    3     1      1  Skip
1    7  talk    4     1     15  Skip
2    7  talk    5     1     13  Skip
3    7  talk    6     2     13  Over
4    7  talk    7     2     15  Over
# UPDATE
Request:
DAILY_FINISH
Base Info:
{
  "agentIdx": 1,
  "myRole": "SEER",
  "roleMap": {
    "1": "SEER"
  },
  "day": 7,
  "remainTalkMap": {
    "1": 10,
    "13": 10,
    "15": 10
  },
  "remainWhisperMap": {},
  "statusMap": {
    "1": "ALIVE",
    "2": "DEAD",
    "3": "DEAD",
    "4": "DEAD",
    "5": "DEAD",
    "6": "DEAD",
    "7": "DEAD",
    "8": "DEAD",
    "9": "DEAD",
    "10": "DEAD",
    "11": "DEAD",
    "12": "DEAD",
    "13": "ALIVE",
    "14": "DEAD",
    "15": "ALIVE"
  }
}
Diff Data:
   day  type  idx  turn  agent  text
0    7  talk    8     2      1  Over
# UPDATE
Request:
VOTE
Base Info:
{
  "agentIdx": 1,
  "myRole": "SEER",
  "roleMap": {
    "1": "SEER"
  },
  "day": 7,
  "remainTalkMap": {
    "1": 10,
    "13": 10,
    "15": 10
  },
  "remainWhisperMap": {},
  "statusMap": {
    "1": "ALIVE",
    "2": "DEAD",
    "3": "DEAD",
    "4": "DEAD",
    "5": "DEAD",
    "6": "DEAD",
    "7": "DEAD",
    "8": "DEAD",
    "9": "DEAD",
    "10": "DEAD",
    "11": "DEAD",
    "12": "DEAD",
    "13": "ALIVE",
    "14": "DEAD",
    "15": "ALIVE"
  }
}
Diff Data:
Empty DataFrame
Columns: [day, type, idx, turn, agent, text]
Index: []
# VOTE
# UPDATE
Request:
DIVINE
Base Info:
{
  "agentIdx": 1,
  "myRole": "SEER",
  "roleMap": {
    "1": "SEER"
  },
  "day": 7,
  "remainTalkMap": {
    "1": 10,
    "13": 10,
    "15": 10
  },
  "remainWhisperMap": {},
  "statusMap": {
    "1": "ALIVE",
    "2": "DEAD",
    "3": "DEAD",
    "4": "DEAD",
    "5": "DEAD",
    "6": "DEAD",
    "7": "DEAD",
    "8": "DEAD",
    "9": "DEAD",
    "10": "DEAD",
    "11": "DEAD",
    "12": "DEAD",
    "13": "DEAD",
    "14": "DEAD",
    "15": "ALIVE"
  }
}
Diff Data:
   day     type  idx  turn  agent            text
0    7     vote    1     0     13  VOTE Agent[13]
1    7     vote   13     0     15  VOTE Agent[15]
2    7     vote   15     0     13  VOTE Agent[13]
3    7  execute    0     0     13            Over
# UPDATE
Request:
FINISH
Base Info:
{
  "agentIdx": 1,
  "myRole": "SEER",
  "roleMap": {
    "1": "SEER"
  },
  "day": 8,
  "remainTalkMap": {
    "1": 10,
    "15": 10
  },
  "remainWhisperMap": {},
  "statusMap": {
    "1": "ALIVE",
    "2": "DEAD",
    "3": "DEAD",
    "4": "DEAD",
    "5": "DEAD",
    "6": "DEAD",
    "7": "DEAD",
    "8": "DEAD",
    "9": "DEAD",
    "10": "DEAD",
    "11": "DEAD",
    "12": "DEAD",
    "13": "DEAD",
    "14": "DEAD",
    "15": "ALIVE"
  }
}
Diff Data:
    day    type  idx  turn  agent                           text
0     8  finish    1     0      1       COMINGOUT Agent[01] SEER
1     8  finish    2     0      2   COMINGOUT Agent[02] VILLAGER
2     8  finish    3     0      3   COMINGOUT Agent[03] VILLAGER
3     8  finish    4     0      4   COMINGOUT Agent[04] VILLAGER
4     8  finish    5     0      5   COMINGOUT Agent[05] VILLAGER
5     8  finish    6     0      6   COMINGOUT Agent[06] VILLAGER
6     8  finish    7     0      7   COMINGOUT Agent[07] WEREWOLF
7     8  finish    8     0      8  COMINGOUT Agent[08] POSSESSED
8     8  finish    9     0      9   COMINGOUT Agent[09] VILLAGER
9     8  finish   10     0     10   COMINGOUT Agent[10] VILLAGER
10    8  finish   11     0     11   COMINGOUT Agent[11] VILLAGER
11    8  finish   12     0     12     COMINGOUT Agent[12] MEDIUM
12    8  finish   13     0     13   COMINGOUT Agent[13] WEREWOLF
13    8  finish   14     0     14   COMINGOUT Agent[14] WEREWOLF
14    8  finish   15     0     15  COMINGOUT Agent[15] BODYGUARD
