# UPDATE
Request:
DAILY_INITIALIZE
Base Info:
{
  "agentIdx": 15,
  "myRole": "VILLAGER",
  "roleMap": {
    "15": "VILLAGER"
  },
  "day": 0,
  "remainTalkMap": {
    "1": 10,
    "2": 10,
    "3": 10,
    "4": 10,
    "5": 10,
    "6": 10,
    "7": 10,
    "8": 10,
    "9": 10,
    "10": 10,
    "11": 10,
    "12": 10,
    "13": 10,
    "14": 10,
    "15": 10
  },
  "remainWhisperMap": {},
  "statusMap": {
    "1": "ALIVE",
    "2": "ALIVE",
    "3": "ALIVE",
    "4": "ALIVE",
    "5": "ALIVE",
    "6": "ALIVE",
    "7": "ALIVE",
    "8": "ALIVE",
    "9": "ALIVE",
    "10": "ALIVE",
    "11": "ALIVE",
    "12": "ALIVE",
    "13": "ALIVE",
    "14": "ALIVE",
    "15": "ALIVE"
  }
}
Diff Data:
Empty DataFrame
Columns: [day, type, idx, turn, agent, text]
Index: []
# DAYSTART
# UPDATE
Request:
DAILY_FINISH
Base Info:
{
  "agentIdx": 15,
  "myRole": "VILLAGER",
  "roleMap": {
    "15": "VILLAGER"
  },
  "day": 0,
  "remainTalkMap": {
    "1": 10,
    "2": 10,
    "3": 10,
    "4": 10,
    "5": 10,
    "6": 10,
    "7": 10,
    "8": 10,
    "9": 10,
    "10": 10,
    "11": 10,
    "12": 10,
    "13": 10,
    "14": 10,
    "15": 10
  },
  "remainWhisperMap": {},
  "statusMap": {
    "1": "ALIVE",
    "2": "ALIVE",
    "3": "ALIVE",
    "4": "ALIVE",
    "5": "ALIVE",
    "6": "ALIVE",
    "7": "ALIVE",
    "8": "ALIVE",
    "9": "ALIVE",
    "10": "ALIVE",
    "11": "ALIVE",
    "12": "ALIVE",
    "13": "ALIVE",
    "14": "ALIVE",
    "15": "ALIVE"
  }
}
Diff Data:
Empty DataFrame
Columns: [day, type, idx, turn, agent, text]
Index: []
# UPDATE
Request:
DAILY_INITIALIZE
Base Info:
{
  "agentIdx": 15,
  "myRole": "VILLAGER",
  "roleMap": {
    "15": "VILLAGER"
  },
  "day": 1,
  "remainTalkMap": {
    "1": 10,
    "2": 10,
    "3": 10,
    "4": 10,
    "5": 10,
    "6": 10,
    "7": 10,
    "8": 10,
    "9": 10,
    "10": 10,
    "11": 10,
    "12": 10,
    "13": 10,
    "14": 10,
    "15": 10
  },
  "remainWhisperMap": {},
  "statusMap": {
    "1": "ALIVE",
    "2": "ALIVE",
    "3": "ALIVE",
    "4": "ALIVE",
    "5": "ALIVE",
    "6": "ALIVE",
    "7": "ALIVE",
    "8": "ALIVE",
    "9": "ALIVE",
    "10": "ALIVE",
    "11": "ALIVE",
    "12": "ALIVE",
    "13": "ALIVE",
    "14": "ALIVE",
    "15": "ALIVE"
  }
}
Diff Data:
Empty DataFrame
Columns: [day, type, idx, turn, agent, text]
Index: []
# DAYSTART
# UPDATE
Request:
TALK
Base Info:
{
  "agentIdx": 15,
  "myRole": "VILLAGER",
  "roleMap": {
    "15": "VILLAGER"
  },
  "day": 1,
  "remainTalkMap": {
    "1": 10,
    "2": 10,
    "3": 10,
    "4": 10,
    "5": 10,
    "6": 10,
    "7": 10,
    "8": 10,
    "9": 10,
    "10": 10,
    "11": 10,
    "12": 10,
    "13": 10,
    "14": 10,
    "15": 10
  },
  "remainWhisperMap": {},
  "statusMap": {
    "1": "ALIVE",
    "2": "ALIVE",
    "3": "ALIVE",
    "4": "ALIVE",
    "5": "ALIVE",
    "6": "ALIVE",
    "7": "ALIVE",
    "8": "ALIVE",
    "9": "ALIVE",
    "10": "ALIVE",
    "11": "ALIVE",
    "12": "ALIVE",
    "13": "ALIVE",
    "14": "ALIVE",
    "15": "ALIVE"
  }
}
Diff Data:
    day  type  idx  turn  agent  text
0     1  talk    0     0      8  Skip
1     1  talk    1     0      7  Skip
2     1  talk    2     0     13  Skip
3     1  talk    3     0      3  Skip
4     1  talk    4     0     11  Skip
5     1  talk    5     0      5  Skip
6     1  talk    6     0      6  Skip
7     1  talk    7     0      4  Skip
8     1  talk    8     0     12  Skip
9     1  talk    9     0     14  Skip
10    1  talk   10     0     10  Skip
11    1  talk   11     0      1  Skip
12    1  talk   12     0      2  Skip
13    1  talk   13     0      9  Skip
# TALK
# UPDATE
Request:
TALK
Base Info:
{
  "agentIdx": 15,
  "myRole": "VILLAGER",
  "roleMap": {
    "15": "VILLAGER"
  },
  "day": 1,
  "remainTalkMap": {
    "1": 10,
    "2": 10,
    "3": 10,
    "4": 10,
    "5": 10,
    "6": 10,
    "7": 10,
    "8": 10,
    "9": 10,
    "10": 10,
    "11": 10,
    "12": 10,
    "13": 10,
    "14": 10,
    "15": 10
  },
  "remainWhisperMap": {},
  "statusMap": {
    "1": "ALIVE",
    "2": "ALIVE",
    "3": "ALIVE",
    "4": "ALIVE",
    "5": "ALIVE",
    "6": "ALIVE",
    "7": "ALIVE",
    "8": "ALIVE",
    "9": "ALIVE",
    "10": "ALIVE",
    "11": "ALIVE",
    "12": "ALIVE",
    "13": "ALIVE",
    "14": "ALIVE",
    "15": "ALIVE"
  }
}
Diff Data:
   day  type  idx  turn  agent  text
0    1  talk   14     0     15  Skip
1    1  talk   15     1      1  Skip
2    1  talk   16     1     10  Skip
3    1  talk   17     1      2  Skip
# TALK
# UPDATE
Request:
TALK
Base Info:
{
  "agentIdx": 15,
  "myRole": "VILLAGER",
  "roleMap": {
    "15": "VILLAGER"
  },
  "day": 1,
  "remainTalkMap": {
    "1": 10,
    "2": 10,
    "3": 10,
    "4": 10,
    "5": 10,
    "6": 10,
    "7": 10,
    "8": 10,
    "9": 10,
    "10": 10,
    "11": 10,
    "12": 10,
    "13": 10,
    "14": 10,
    "15": 10
  },
  "remainWhisperMap": {},
  "statusMap": {
    "1": "ALIVE",
    "2": "ALIVE",
    "3": "ALIVE",
    "4": "ALIVE",
    "5": "ALIVE",
    "6": "ALIVE",
    "7": "ALIVE",
    "8": "ALIVE",
    "9": "ALIVE",
    "10": "ALIVE",
    "11": "ALIVE",
    "12": "ALIVE",
    "13": "ALIVE",
    "14": "ALIVE",
    "15": "ALIVE"
  }
}
Diff Data:
    day  type  idx  turn  agent  text
0     1  talk   18     1     15  Skip
1     1  talk   19     1      9  Skip
2     1  talk   20     1     13  Skip
3     1  talk   21     1      3  Skip
4     1  talk   22     1     14  Skip
5     1  talk   23     1     12  Skip
6     1  talk   24     1      5  Skip
7     1  talk   25     1      8  Skip
8     1  talk   26     1      4  Skip
9     1  talk   27     1     11  Skip
10    1  talk   28     1      7  Skip
11    1  talk   29     1      6  Skip
12    1  talk   30     2     12  Over
13    1  talk   31     2      8  Over
# TALK
# UPDATE
Request:
DAILY_FINISH
Base Info:
{
  "agentIdx": 15,
  "myRole": "VILLAGER",
  "roleMap": {
    "15": "VILLAGER"
  },
  "day": 1,
  "remainTalkMap": {
    "1": 10,
    "2": 10,
    "3": 10,
    "4": 10,
    "5": 10,
    "6": 10,
    "7": 10,
    "8": 10,
    "9": 10,
    "10": 10,
    "11": 10,
    "12": 10,
    "13": 10,
    "14": 10,
    "15": 10
  },
  "remainWhisperMap": {},
  "statusMap": {
    "1": "ALIVE",
    "2": "ALIVE",
    "3": "ALIVE",
    "4": "ALIVE",
    "5": "ALIVE",
    "6": "ALIVE",
    "7": "ALIVE",
    "8": "ALIVE",
    "9": "ALIVE",
    "10": "ALIVE",
    "11": "ALIVE",
    "12": "ALIVE",
    "13": "ALIVE",
    "14": "ALIVE",
    "15": "ALIVE"
  }
}
Diff Data:
    day  type  idx  turn  agent  text
0     1  talk   32     2     15  Over
1     1  talk   33     2      2  Over
2     1  talk   34     2      4  Over
3     1  talk   35     2      1  Over
4     1  talk   36     2      9  Over
5     1  talk   37     2      7  Over
6     1  talk   38     2     13  Over
7     1  talk   39     2      3  Over
8     1  talk   40     2     10  Over
9     1  talk   41     2     11  Over
10    1  talk   42     2      5  Over
11    1  talk   43     2      6  Over
12    1  talk   44     2     14  Over
# UPDATE
Request:
VOTE
Base Info:
{
  "agentIdx": 15,
  "myRole": "VILLAGER",
  "roleMap": {
    "15": "VILLAGER"
  },
  "day": 1,
  "remainTalkMap": {
    "1": 10,
    "2": 10,
    "3": 10,
    "4": 10,
    "5": 10,
    "6": 10,
    "7": 10,
    "8": 10,
    "9": 10,
    "10": 10,
    "11": 10,
    "12": 10,
    "13": 10,
    "14": 10,
    "15": 10
  },
  "remainWhisperMap": {},
  "statusMap": {
    "1": "ALIVE",
    "2": "ALIVE",
    "3": "ALIVE",
    "4": "ALIVE",
    "5": "ALIVE",
    "6": "ALIVE",
    "7": "ALIVE",
    "8": "ALIVE",
    "9": "ALIVE",
    "10": "ALIVE",
    "11": "ALIVE",
    "12": "ALIVE",
    "13": "ALIVE",
    "14": "ALIVE",
    "15": "ALIVE"
  }
}
Diff Data:
Empty DataFrame
Columns: [day, type, idx, turn, agent, text]
Index: []
# VOTE
# UPDATE
Request:
DAILY_INITIALIZE
Base Info:
{
  "agentIdx": 15,
  "myRole": "VILLAGER",
  "roleMap": {
    "15": "VILLAGER"
  },
  "day": 2,
  "remainTalkMap": {
    "1": 10,
    "2": 10,
    "3": 10,
    "4": 10,
    "5": 10,
    "6": 10,
    "7": 10,
    "8": 10,
    "10": 10,
    "11": 10,
    "12": 10,
    "14": 10,
    "15": 10
  },
  "remainWhisperMap": {},
  "statusMap": {
    "1": "ALIVE",
    "2": "ALIVE",
    "3": "ALIVE",
    "4": "ALIVE",
    "5": "ALIVE",
    "6": "ALIVE",
    "7": "ALIVE",
    "8": "ALIVE",
    "9": "DEAD",
    "10": "ALIVE",
    "11": "ALIVE",
    "12": "ALIVE",
    "13": "DEAD",
    "14": "ALIVE",
    "15": "ALIVE"
  }
}
Diff Data:
    day     type  idx  turn  agent            text
0     1     vote    1     0     11  VOTE Agent[11]
1     1     vote    2     0      9  VOTE Agent[09]
2     1     vote    3     0      2  VOTE Agent[02]
3     1     vote    4     0      8  VOTE Agent[08]
4     1     vote    5     0      7  VOTE Agent[07]
5     1     vote    6     0      3  VOTE Agent[03]
6     1     vote    7     0     13  VOTE Agent[13]
7     1     vote    8     0      2  VOTE Agent[02]
8     1     vote    9     0      4  VOTE Agent[04]
9     1     vote   10     0     13  VOTE Agent[13]
10    1     vote   11     0     15  VOTE Agent[15]
11    1     vote   12     0     13  VOTE Agent[13]
12    1     vote   13     0      4  VOTE Agent[04]
13    1     vote   14     0      6  VOTE Agent[06]
14    1     vote   15     0      1  VOTE Agent[01]
15    1  execute    0     0     13            Over
16    2     dead    0     0      9            Over
# DAYSTART
# UPDATE
Request:
TALK
Base Info:
{
  "agentIdx": 15,
  "myRole": "VILLAGER",
  "roleMap": {
    "15": "VILLAGER"
  },
  "day": 2,
  "remainTalkMap": {
    "1": 10,
    "2": 10,
    "3": 10,
    "4": 10,
    "5": 10,
    "6": 10,
    "7": 10,
    "8": 10,
    "10": 10,
    "11": 10,
    "12": 10,
    "14": 10,
    "15": 10
  },
  "remainWhisperMap": {},
  "statusMap": {
    "1": "ALIVE",
    "2": "ALIVE",
    "3": "ALIVE",
    "4": "ALIVE",
    "5": "ALIVE",
    "6": "ALIVE",
    "7": "ALIVE",
    "8": "ALIVE",
    "9": "DEAD",
    "10": "ALIVE",
    "11": "ALIVE",
    "12": "ALIVE",
    "13": "DEAD",
    "14": "ALIVE",
    "15": "ALIVE"
  }
}
Diff Data:
   day  type  idx  turn  agent  text
0    2  talk    0     0     10  Skip
1    2  talk    1     0      3  Skip
2    2  talk    2     0     11  Skip
3    2  talk    3     0      6  Skip
4    2  talk    4     0      7  Skip
5    2  talk    5     0      8  Skip
# TALK
# UPDATE
Request:
TALK
Base Info:
{
  "agentIdx": 15,
  "myRole": "VILLAGER",
  "roleMap": {
    "15": "VILLAGER"
  },
  "day": 2,
  "remainTalkMap": {
    "1": 10,
    "2": 10,
    "3": 10,
    "4": 10,
    "5": 10,
    "6": 10,
    "7": 10,
    "8": 10,
    "10": 10,
    "11": 10,
    "12": 10,
    "14": 10,
    "15": 10
  },
  "remainWhisperMap": {},
  "statusMap": {
    "1": "ALIVE",
    "2": "ALIVE",
    "3": "ALIVE",
    "4": "ALIVE",
    "5": "ALIVE",
    "6": "ALIVE",
    "7": "ALIVE",
    "8": "ALIVE",
    "9": "DEAD",
    "10": "ALIVE",
    "11": "ALIVE",
    "12": "ALIVE",
    "13": "DEAD",
    "14": "ALIVE",
    "15": "ALIVE"
  }
}
Diff Data:
    day  type  idx  turn  agent  text
0     2  talk    6     0     15  Skip
1     2  talk    7     0      1  Skip
2     2  talk    8     0      5  Skip
3     2  talk    9     0      2  Skip
4     2  talk   10     0     14  Skip
5     2  talk   11     0      4  Skip
6     2  talk   12     0     12  Skip
7     2  talk   13     1     10  Skip
8     2  talk   14     1     12  Skip
9     2  talk   15     1      7  Skip
10    2  talk   16     1      4  Skip
11    2  talk   17     1      6  Skip
12    2  talk   18     1      3  Skip
13    2  talk   19     1      8  Skip
14    2  talk   20     1      2  Skip
15    2  talk   21     1     11  Skip
16    2  talk   22     1      1  Skip
# TALK
# UPDATE
Request:
TALK
Base Info:
{
  "agentIdx": 15,
  "myRole": "VILLAGER",
  "roleMap": {
    "15": "VILLAGER"
  },
  "day": 2,
  "remainTalkMap": {
    "1": 10,
    "2": 10,
    "3": 10,
    "4": 10,
    "5": 10,
    "6": 10,
    "7": 10,
    "8": 10,
    "10": 10,
    "11": 10,
    "12": 10,
    "14": 10,
    "15": 10
  },
  "remainWhisperMap": {},
  "statusMap": {
    "1": "ALIVE",
    "2": "ALIVE",
    "3": "ALIVE",
    "4": "ALIVE",
    "5": "ALIVE",
    "6": "ALIVE",
    "7": "ALIVE",
    "8": "ALIVE",
    "9": "DEAD",
    "10": "ALIVE",
    "11": "ALIVE",
    "12": "ALIVE",
    "13": "DEAD",
    "14": "ALIVE",
    "15": "ALIVE"
  }
}
Diff Data:
   day  type  idx  turn  agent  text
0    2  talk   23     1     15  Skip
1    2  talk   24     1      5  Skip
2    2  talk   25     1     14  Skip
3    2  talk   26     2      1  Over
4    2  talk   27     2      8  Over
5    2  talk   28     2      3  Over
# TALK
# UPDATE
Request:
DAILY_FINISH
Base Info:
{
  "agentIdx": 15,
  "myRole": "VILLAGER",
  "roleMap": {
    "15": "VILLAGER"
  },
  "day": 2,
  "remainTalkMap": {
    "1": 10,
    "2": 10,
    "3": 10,
    "4": 10,
    "5": 10,
    "6": 10,
    "7": 10,
    "8": 10,
    "10": 10,
    "11": 10,
    "12": 10,
    "14": 10,
    "15": 10
  },
  "remainWhisperMap": {},
  "statusMap": {
    "1": "ALIVE",
    "2": "ALIVE",
    "3": "ALIVE",
    "4": "ALIVE",
    "5": "ALIVE",
    "6": "ALIVE",
    "7": "ALIVE",
    "8": "ALIVE",
    "9": "DEAD",
    "10": "ALIVE",
    "11": "ALIVE",
    "12": "ALIVE",
    "13": "DEAD",
    "14": "ALIVE",
    "15": "ALIVE"
  }
}
Diff Data:
   day  type  idx  turn  agent  text
0    2  talk   29     2     15  Over
1    2  talk   30     2      6  Over
2    2  talk   31     2     14  Over
3    2  talk   32     2     11  Over
4    2  talk   33     2      7  Over
5    2  talk   34     2     12  Over
6    2  talk   35     2      2  Over
7    2  talk   36     2     10  Over
8    2  talk   37     2      4  Over
9    2  talk   38     2      5  Over
# UPDATE
Request:
VOTE
Base Info:
{
  "agentIdx": 15,
  "myRole": "VILLAGER",
  "roleMap": {
    "15": "VILLAGER"
  },
  "day": 2,
  "remainTalkMap": {
    "1": 10,
    "2": 10,
    "3": 10,
    "4": 10,
    "5": 10,
    "6": 10,
    "7": 10,
    "8": 10,
    "10": 10,
    "11": 10,
    "12": 10,
    "14": 10,
    "15": 10
  },
  "remainWhisperMap": {},
  "statusMap": {
    "1": "ALIVE",
    "2": "ALIVE",
    "3": "ALIVE",
    "4": "ALIVE",
    "5": "ALIVE",
    "6": "ALIVE",
    "7": "ALIVE",
    "8": "ALIVE",
    "9": "DEAD",
    "10": "ALIVE",
    "11": "ALIVE",
    "12": "ALIVE",
    "13": "DEAD",
    "14": "ALIVE",
    "15": "ALIVE"
  }
}
Diff Data:
Empty DataFrame
Columns: [day, type, idx, turn, agent, text]
Index: []
# VOTE
# UPDATE
Request:
DAILY_INITIALIZE
Base Info:
{
  "agentIdx": 15,
  "myRole": "VILLAGER",
  "roleMap": {
    "15": "VILLAGER"
  },
  "day": 3,
  "remainTalkMap": {
    "1": 10,
    "2": 10,
    "3": 10,
    "5": 10,
    "6": 10,
    "7": 10,
    "8": 10,
    "10": 10,
    "11": 10,
    "12": 10,
    "15": 10
  },
  "remainWhisperMap": {},
  "statusMap": {
    "1": "ALIVE",
    "2": "ALIVE",
    "3": "ALIVE",
    "4": "DEAD",
    "5": "ALIVE",
    "6": "ALIVE",
    "7": "ALIVE",
    "8": "ALIVE",
    "9": "DEAD",
    "10": "ALIVE",
    "11": "ALIVE",
    "12": "ALIVE",
    "13": "DEAD",
    "14": "DEAD",
    "15": "ALIVE"
  }
}
Diff Data:
    day     type  idx  turn  agent            text
0     2     vote    1     0     14  VOTE Agent[14]
1     2     vote    2     0     12  VOTE Agent[12]
2     2     vote    3     0      8  VOTE Agent[08]
3     2     vote    4     0      7  VOTE Agent[07]
4     2     vote    5     0     14  VOTE Agent[14]
5     2     vote    6     0      5  VOTE Agent[05]
6     2     vote    7     0      3  VOTE Agent[03]
7     2     vote    8     0      1  VOTE Agent[01]
8     2     vote   10     0     14  VOTE Agent[14]
9     2     vote   11     0      4  VOTE Agent[04]
10    2     vote   12     0      7  VOTE Agent[07]
11    2     vote   14     0     12  VOTE Agent[12]
12    2     vote   15     0      1  VOTE Agent[01]
13    2  execute    0     0     14            Over
14    3     dead    0     0      4            Over
# DAYSTART
# UPDATE
Request:
TALK
Base Info:
{
  "agentIdx": 15,
  "myRole": "VILLAGER",
  "roleMap": {
    "15": "VILLAGER"
  },
  "day": 3,
  "remainTalkMap": {
    "1": 10,
    "2": 10,
    "3": 10,
    "5": 10,
    "6": 10,
    "7": 10,
    "8": 10,
    "10": 10,
    "11": 10,
    "12": 10,
    "15": 10
  },
  "remainWhisperMap": {},
  "statusMap": {
    "1": "ALIVE",
    "2": "ALIVE",
    "3": "ALIVE",
    "4": "DEAD",
    "5": "ALIVE",
    "6": "ALIVE",
    "7": "ALIVE",
    "8": "ALIVE",
    "9": "DEAD",
    "10": "ALIVE",
    "11": "ALIVE",
    "12": "ALIVE",
    "13": "DEAD",
    "14": "DEAD",
    "15": "ALIVE"
  }
}
Diff Data:
   day  type  idx  turn  agent  text
0    3  talk    0     0      3  Skip
1    3  talk    1     0      6  Skip
2    3  talk    2     0      7  Skip
3    3  talk    3     0      1  Skip
4    3  talk    4     0      8  Skip
5    3  talk    5     0     10  Skip
6    3  talk    6     0      5  Skip
7    3  talk    7     0     12  Skip
8    3  talk    8     0      2  Skip
# TALK
# UPDATE
Request:
TALK
Base Info:
{
  "agentIdx": 15,
  "myRole": "VILLAGER",
  "roleMap": {
    "15": "VILLAGER"
  },
  "day": 3,
  "remainTalkMap": {
    "1": 10,
    "2": 10,
    "3": 10,
    "5": 10,
    "6": 10,
    "7": 10,
    "8": 10,
    "10": 10,
    "11": 10,
    "12": 10,
    "15": 10
  },
  "remainWhisperMap": {},
  "statusMap": {
    "1": "ALIVE",
    "2": "ALIVE",
    "3": "ALIVE",
    "4": "DEAD",
    "5": "ALIVE",
    "6": "ALIVE",
    "7": "ALIVE",
    "8": "ALIVE",
    "9": "DEAD",
    "10": "ALIVE",
    "11": "ALIVE",
    "12": "ALIVE",
    "13": "DEAD",
    "14": "DEAD",
    "15": "ALIVE"
  }
}
Diff Data:
   day  type  idx  turn  agent  text
0    3  talk    9     0     15  Skip
1    3  talk   10     0     11  Skip
2    3  talk   11     1     11  Skip
3    3  talk   12     1      8  Skip
# TALK
# UPDATE
Request:
TALK
Base Info:
{
  "agentIdx": 15,
  "myRole": "VILLAGER",
  "roleMap": {
    "15": "VILLAGER"
  },
  "day": 3,
  "remainTalkMap": {
    "1": 10,
    "2": 10,
    "3": 10,
    "5": 10,
    "6": 10,
    "7": 10,
    "8": 10,
    "10": 10,
    "11": 10,
    "12": 10,
    "15": 10
  },
  "remainWhisperMap": {},
  "statusMap": {
    "1": "ALIVE",
    "2": "ALIVE",
    "3": "ALIVE",
    "4": "DEAD",
    "5": "ALIVE",
    "6": "ALIVE",
    "7": "ALIVE",
    "8": "ALIVE",
    "9": "DEAD",
    "10": "ALIVE",
    "11": "ALIVE",
    "12": "ALIVE",
    "13": "DEAD",
    "14": "DEAD",
    "15": "ALIVE"
  }
}
Diff Data:
    day  type  idx  turn  agent  text
0     3  talk   13     1     15  Skip
1     3  talk   14     1      7  Skip
2     3  talk   15     1      3  Skip
3     3  talk   16     1      1  Skip
4     3  talk   17     1     12  Skip
5     3  talk   18     1      2  Skip
6     3  talk   19     1     10  Skip
7     3  talk   20     1      5  Skip
8     3  talk   21     1      6  Skip
9     3  talk   22     2      3  Over
10    3  talk   23     2     12  Over
# TALK
# UPDATE
Request:
DAILY_FINISH
Base Info:
{
  "agentIdx": 15,
  "myRole": "VILLAGER",
  "roleMap": {
    "15": "VILLAGER"
  },
  "day": 3,
  "remainTalkMap": {
    "1": 10,
    "2": 10,
    "3": 10,
    "5": 10,
    "6": 10,
    "7": 10,
    "8": 10,
    "10": 10,
    "11": 10,
    "12": 10,
    "15": 10
  },
  "remainWhisperMap": {},
  "statusMap": {
    "1": "ALIVE",
    "2": "ALIVE",
    "3": "ALIVE",
    "4": "DEAD",
    "5": "ALIVE",
    "6": "ALIVE",
    "7": "ALIVE",
    "8": "ALIVE",
    "9": "DEAD",
    "10": "ALIVE",
    "11": "ALIVE",
    "12": "ALIVE",
    "13": "DEAD",
    "14": "DEAD",
    "15": "ALIVE"
  }
}
Diff Data:
   day  type  idx  turn  agent  text
0    3  talk   24     2     15  Over
1    3  talk   25     2      5  Over
2    3  talk   26     2     10  Over
3    3  talk   27     2      7  Over
4    3  talk   28     2     11  Over
5    3  talk   29     2      1  Over
6    3  talk   30     2      2  Over
7    3  talk   31     2      8  Over
8    3  talk   32     2      6  Over
# UPDATE
Request:
VOTE
Base Info:
{
  "agentIdx": 15,
  "myRole": "VILLAGER",
  "roleMap": {
    "15": "VILLAGER"
  },
  "day": 3,
  "remainTalkMap": {
    "1": 10,
    "2": 10,
    "3": 10,
    "5": 10,
    "6": 10,
    "7": 10,
    "8": 10,
    "10": 10,
    "11": 10,
    "12": 10,
    "15": 10
  },
  "remainWhisperMap": {},
  "statusMap": {
    "1": "ALIVE",
    "2": "ALIVE",
    "3": "ALIVE",
    "4": "DEAD",
    "5": "ALIVE",
    "6": "ALIVE",
    "7": "ALIVE",
    "8": "ALIVE",
    "9": "DEAD",
    "10": "ALIVE",
    "11": "ALIVE",
    "12": "ALIVE",
    "13": "DEAD",
    "14": "DEAD",
    "15": "ALIVE"
  }
}
Diff Data:
Empty DataFrame
Columns: [day, type, idx, turn, agent, text]
Index: []
# VOTE
# UPDATE
Request:
VOTE
Base Info:
{
  "agentIdx": 15,
  "myRole": "VILLAGER",
  "roleMap": {
    "15": "VILLAGER"
  },
  "day": 3,
  "remainTalkMap": {
    "1": 10,
    "2": 10,
    "3": 10,
    "5": 10,
    "6": 10,
    "7": 10,
    "8": 10,
    "10": 10,
    "11": 10,
    "12": 10,
    "15": 10
  },
  "remainWhisperMap": {},
  "statusMap": {
    "1": "ALIVE",
    "2": "ALIVE",
    "3": "ALIVE",
    "4": "DEAD",
    "5": "ALIVE",
    "6": "ALIVE",
    "7": "ALIVE",
    "8": "ALIVE",
    "9": "DEAD",
    "10": "ALIVE",
    "11": "ALIVE",
    "12": "ALIVE",
    "13": "DEAD",
    "14": "DEAD",
    "15": "ALIVE"
  }
}
Diff Data:
    day  type  idx  turn  agent            text
0     3  vote    1    -1      5  VOTE Agent[05]
1     3  vote    2    -1     15  VOTE Agent[15]
2     3  vote    3    -1     10  VOTE Agent[10]
3     3  vote    5    -1     15  VOTE Agent[15]
4     3  vote    6    -1      3  VOTE Agent[03]
5     3  vote    7    -1      8  VOTE Agent[08]
6     3  vote    8    -1      7  VOTE Agent[07]
7     3  vote   10    -1      7  VOTE Agent[07]
8     3  vote   11    -1      2  VOTE Agent[02]
9     3  vote   12    -1      5  VOTE Agent[05]
10    3  vote   15    -1      1  VOTE Agent[01]
# VOTE
# UPDATE
Request:
DAILY_INITIALIZE
Base Info:
{
  "agentIdx": 15,
  "myRole": "VILLAGER",
  "roleMap": {
    "15": "VILLAGER"
  },
  "day": 4,
  "remainTalkMap": {
    "1": 10,
    "2": 10,
    "3": 10,
    "6": 10,
    "7": 10,
    "8": 10,
    "10": 10,
    "11": 10,
    "12": 10
  },
  "remainWhisperMap": {},
  "statusMap": {
    "1": "ALIVE",
    "2": "ALIVE",
    "3": "ALIVE",
    "4": "DEAD",
    "5": "DEAD",
    "6": "ALIVE",
    "7": "ALIVE",
    "8": "ALIVE",
    "9": "DEAD",
    "10": "ALIVE",
    "11": "ALIVE",
    "12": "ALIVE",
    "13": "DEAD",
    "14": "DEAD",
    "15": "DEAD"
  }
}
Diff Data:
    day     type  idx  turn  agent            text
0     3     vote    1     0      8  VOTE Agent[08]
1     3     vote    2     0      5  VOTE Agent[05]
2     3     vote    3     0      5  VOTE Agent[05]
3     3     vote    5     0     11  VOTE Agent[11]
4     3     vote    6     0     11  VOTE Agent[11]
5     3     vote    7     0      6  VOTE Agent[06]
6     3     vote    8     0     11  VOTE Agent[11]
7     3     vote   10     0      5  VOTE Agent[05]
8     3     vote   11     0     12  VOTE Agent[12]
9     3     vote   12     0      8  VOTE Agent[08]
10    3     vote   15     0      1  VOTE Agent[01]
11    3  execute    0     0      5            Over
12    4     dead    0     0     15            Over
# DAYSTART
# UPDATE
Request:
DAILY_FINISH
Base Info:
{
  "agentIdx": 15,
  "myRole": "VILLAGER",
  "roleMap": {
    "15": "VILLAGER"
  },
  "day": 4,
  "remainTalkMap": {
    "1": 10,
    "2": 10,
    "3": 10,
    "6": 10,
    "7": 10,
    "8": 10,
    "10": 10,
    "11": 10,
    "12": 10
  },
  "remainWhisperMap": {},
  "statusMap": {
    "1": "ALIVE",
    "2": "ALIVE",
    "3": "ALIVE",
    "4": "DEAD",
    "5": "DEAD",
    "6": "ALIVE",
    "7": "ALIVE",
    "8": "ALIVE",
    "9": "DEAD",
    "10": "ALIVE",
    "11": "ALIVE",
    "12": "ALIVE",
    "13": "DEAD",
    "14": "DEAD",
    "15": "DEAD"
  }
}
Diff Data:
    day  type  idx  turn  agent  text
0     4  talk    0     0     10  Skip
1     4  talk    1     0      8  Skip
2     4  talk    2     0      6  Skip
3     4  talk    3     0      7  Skip
4     4  talk    4     0      3  Skip
5     4  talk    5     0     12  Skip
6     4  talk    6     0      2  Skip
7     4  talk    7     0     11  Skip
8     4  talk    8     0      1  Skip
9     4  talk    9     1      8  Skip
10    4  talk   10     1      2  Skip
11    4  talk   11     1      3  Skip
12    4  talk   12     1      6  Skip
13    4  talk   13     1     11  Skip
14    4  talk   14     1     10  Skip
15    4  talk   15     1      7  Skip
16    4  talk   16     1     12  Skip
17    4  talk   17     1      1  Skip
18    4  talk   18     2      7  Over
19    4  talk   19     2      1  Over
20    4  talk   20     2     10  Over
21    4  talk   21     2     12  Over
22    4  talk   22     2      3  Over
23    4  talk   23     2      2  Over
24    4  talk   24     2      8  Over
25    4  talk   25     2      6  Over
26    4  talk   26     2     11  Over
# UPDATE
Request:
DAILY_INITIALIZE
Base Info:
{
  "agentIdx": 15,
  "myRole": "VILLAGER",
  "roleMap": {
    "15": "VILLAGER"
  },
  "day": 5,
  "remainTalkMap": {
    "1": 10,
    "2": 10,
    "3": 10,
    "6": 10,
    "7": 10,
    "8": 10,
    "12": 10
  },
  "remainWhisperMap": {},
  "statusMap": {
    "1": "ALIVE",
    "2": "ALIVE",
    "3": "ALIVE",
    "4": "DEAD",
    "5": "DEAD",
    "6": "ALIVE",
    "7": "ALIVE",
    "8": "ALIVE",
    "9": "DEAD",
    "10": "DEAD",
    "11": "DEAD",
    "12": "ALIVE",
    "13": "DEAD",
    "14": "DEAD",
    "15": "DEAD"
  }
}
Diff Data:
    day     type  idx  turn  agent            text
0     4     vote    1     0      2  VOTE Agent[02]
1     4     vote    2     0     10  VOTE Agent[10]
2     4     vote    3     0     11  VOTE Agent[11]
3     4     vote    6     0     12  VOTE Agent[12]
4     4     vote    7     0      2  VOTE Agent[02]
5     4     vote    8     0     11  VOTE Agent[11]
6     4     vote   10     0      6  VOTE Agent[06]
7     4     vote   11     0      7  VOTE Agent[07]
8     4     vote   12     0     11  VOTE Agent[11]
9     4  execute    0     0     11            Over
10    5     dead    0     0     10            Over
# DAYSTART
# UPDATE
Request:
DAILY_FINISH
Base Info:
{
  "agentIdx": 15,
  "myRole": "VILLAGER",
  "roleMap": {
    "15": "VILLAGER"
  },
  "day": 5,
  "remainTalkMap": {
    "1": 10,
    "2": 10,
    "3": 10,
    "6": 10,
    "7": 10,
    "8": 10,
    "12": 10
  },
  "remainWhisperMap": {},
  "statusMap": {
    "1": "ALIVE",
    "2": "ALIVE",
    "3": "ALIVE",
    "4": "DEAD",
    "5": "DEAD",
    "6": "ALIVE",
    "7": "ALIVE",
    "8": "ALIVE",
    "9": "DEAD",
    "10": "DEAD",
    "11": "DEAD",
    "12": "ALIVE",
    "13": "DEAD",
    "14": "DEAD",
    "15": "DEAD"
  }
}
Diff Data:
    day  type  idx  turn  agent  text
0     5  talk    0     0      7  Skip
1     5  talk    1     0      8  Skip
2     5  talk    2     0      3  Skip
3     5  talk    3     0      1  Skip
4     5  talk    4     0     12  Skip
5     5  talk    5     0      2  Skip
6     5  talk    6     0      6  Skip
7     5  talk    7     1      2  Skip
8     5  talk    8     1      7  Skip
9     5  talk    9     1      3  Skip
10    5  talk   10     1      6  Skip
11    5  talk   11     1      1  Skip
12    5  talk   12     1     12  Skip
13    5  talk   13     1      8  Skip
14    5  talk   14     2      7  Over
15    5  talk   15     2      6  Over
16    5  talk   16     2      3  Over
17    5  talk   17     2     12  Over
18    5  talk   18     2      8  Over
19    5  talk   19     2      1  Over
20    5  talk   20     2      2  Over
# UPDATE
Request:
DAILY_INITIALIZE
Base Info:
{
  "agentIdx": 15,
  "myRole": "VILLAGER",
  "roleMap": {
    "15": "VILLAGER"
  },
  "day": 6,
  "remainTalkMap": {
    "1": 10,
    "3": 10,
    "6": 10,
    "7": 10,
    "8": 10
  },
  "remainWhisperMap": {},
  "statusMap": {
    "1": "ALIVE",
    "2": "DEAD",
    "3": "ALIVE",
    "4": "DEAD",
    "5": "DEAD",
    "6": "ALIVE",
    "7": "ALIVE",
    "8": "ALIVE",
    "9": "DEAD",
    "10": "DEAD",
    "11": "DEAD",
    "12": "DEAD",
    "13": "DEAD",
    "14": "DEAD",
    "15": "DEAD"
  }
}
Diff Data:
   day     type  idx  turn  agent            text
0    5     vote    1     0      8  VOTE Agent[08]
1    5     vote    2     0      6  VOTE Agent[06]
2    5     vote    3     0      7  VOTE Agent[07]
3    5     vote    6     0      2  VOTE Agent[02]
4    5     vote    7     0      8  VOTE Agent[08]
5    5     vote    8     0      2  VOTE Agent[02]
6    5     vote   12     0      7  VOTE Agent[07]
7    5  execute    0     0      2            Over
8    6     dead    0     0     12            Over
# DAYSTART
# UPDATE
Request:
DAILY_FINISH
Base Info:
{
  "agentIdx": 15,
  "myRole": "VILLAGER",
  "roleMap": {
    "15": "VILLAGER"
  },
  "day": 6,
  "remainTalkMap": {
    "1": 10,
    "3": 10,
    "6": 10,
    "7": 10,
    "8": 10
  },
  "remainWhisperMap": {},
  "statusMap": {
    "1": "ALIVE",
    "2": "DEAD",
    "3": "ALIVE",
    "4": "DEAD",
    "5": "DEAD",
    "6": "ALIVE",
    "7": "ALIVE",
    "8": "ALIVE",
    "9": "DEAD",
    "10": "DEAD",
    "11": "DEAD",
    "12": "DEAD",
    "13": "DEAD",
    "14": "DEAD",
    "15": "DEAD"
  }
}
Diff Data:
    day  type  idx  turn  agent  text
0     6  talk    0     0      8  Skip
1     6  talk    1     0      6  Skip
2     6  talk    2     0      7  Skip
3     6  talk    3     0      3  Skip
4     6  talk    4     0      1  Skip
5     6  talk    5     1      7  Skip
6     6  talk    6     1      8  Skip
7     6  talk    7     1      1  Skip
8     6  talk    8     1      6  Skip
9     6  talk    9     1      3  Skip
10    6  talk   10     2      6  Over
11    6  talk   11     2      3  Over
12    6  talk   12     2      7  Over
13    6  talk   13     2      8  Over
14    6  talk   14     2      1  Over
# UPDATE
Request:
FINISH
Base Info:
{
  "agentIdx": 15,
  "myRole": "VILLAGER",
  "roleMap": {
    "15": "VILLAGER"
  },
  "day": 7,
  "remainTalkMap": {
    "1": 10,
    "7": 10,
    "8": 10
  },
  "remainWhisperMap": {},
  "statusMap": {
    "1": "ALIVE",
    "2": "DEAD",
    "3": "DEAD",
    "4": "DEAD",
    "5": "DEAD",
    "6": "DEAD",
    "7": "ALIVE",
    "8": "ALIVE",
    "9": "DEAD",
    "10": "DEAD",
    "11": "DEAD",
    "12": "DEAD",
    "13": "DEAD",
    "14": "DEAD",
    "15": "DEAD"
  }
}
Diff Data:
    day    type  idx  turn  agent                           text
0     7  finish    1     0      1   COMINGOUT Agent[01] WEREWOLF
1     7  finish    2     0      2   COMINGOUT Agent[02] VILLAGER
2     7  finish    3     0      3       COMINGOUT Agent[03] SEER
3     7  finish    4     0      4   COMINGOUT Agent[04] VILLAGER
4     7  finish    5     0      5   COMINGOUT Agent[05] VILLAGER
5     7  finish    6     0      6   COMINGOUT Agent[06] VILLAGER
6     7  finish    7     0      7   COMINGOUT Agent[07] VILLAGER
7     7  finish    8     0      8   COMINGOUT Agent[08] WEREWOLF
8     7  finish    9     0      9   COMINGOUT Agent[09] VILLAGER
9     7  finish   10     0     10     COMINGOUT Agent[10] MEDIUM
10    7  finish   11     0     11   COMINGOUT Agent[11] WEREWOLF
11    7  finish   12     0     12  COMINGOUT Agent[12] POSSESSED
12    7  finish   13     0     13   COMINGOUT Agent[13] VILLAGER
13    7  finish   14     0     14  COMINGOUT Agent[14] BODYGUARD
14    7  finish   15     0     15   COMINGOUT Agent[15] VILLAGER
